#
# There is insufficient memory for the Java Runtime Environment to continue.
# Native memory allocation (mmap) failed to map 48312320 bytes for committing reserved memory.
# Possible reasons:
#   The system is out of physical RAM or swap space
#   In 32 bit mode, the process size limit was hit
# Possible solutions:
#   Reduce memory load on the system
#   Increase physical memory or swap space
#   Check if swap backing store is full
#   Use 64 bit Java on a 64 bit OS
#   Decrease Java heap size (-Xmx/-Xms)
#   Decrease number of Java threads
#   Decrease Java thread stack sizes (-Xss)
#   Set larger code cache with -XX:ReservedCodeCacheSize=
# This output file may be truncated or incomplete.
#
#  Out of Memory Error (os_linux.cpp:2640), pid=44077, tid=0x00007f254c161700
#
# JRE version: OpenJDK Runtime Environment (8.0_152-b01) (build 1.8.0_152-release-915-b01)
# Java VM: OpenJDK 64-Bit Server VM (25.152-b01 mixed mode linux-amd64 compressed oops)
# Failed to write core dump. Core dumps have been disabled. To enable core dumping, try "ulimit -c unlimited" before starting Java again
#

---------------  T H R E A D  ---------------

Current thread (0x00007f254806e800):  VMThread [stack: 0x00007f254c061000,0x00007f254c162000] [id=44083]

Stack: [0x00007f254c061000,0x00007f254c162000],  sp=0x00007f254c160580,  free space=1021k
Native frames: (J=compiled Java code, j=interpreted, Vv=VM code, C=native code)
V  [libjvm.so+0x9eb15d]  VMError::report_and_die()+0x15d
V  [libjvm.so+0x4b8eaa]  report_vm_out_of_memory(char const*, int, unsigned long, VMErrorType, char const*)+0x8a
V  [libjvm.so+0x851370]  os::pd_commit_memory(char*, unsigned long, unsigned long, bool)+0xf0
V  [libjvm.so+0x84be8f]  os::commit_memory(char*, unsigned long, unsigned long, bool)+0x1f
V  [libjvm.so+0x9e7fd4]  VirtualSpace::expand_by(unsigned long, bool)+0x1b4
V  [libjvm.so+0x5a140e]  OneContigSpaceCardGeneration::grow_by(unsigned long)+0x1e
V  [libjvm.so+0x5a1745]  OneContigSpaceCardGeneration::expand(unsigned long, unsigned long)+0x85
V  [libjvm.so+0x592950]  GenCollectedHeap::do_collection(bool, bool, unsigned long, bool, int)+0x780
V  [libjvm.so+0x44c272]  GenCollectorPolicy::satisfy_failed_allocation(unsigned long, bool)+0xb2
V  [libjvm.so+0x9ec161]  VM_GenCollectForAllocation::doit()+0x81
V  [libjvm.so+0x9f1197]  VM_Operation::evaluate()+0x47
V  [libjvm.so+0x9efb78]  VMThread::evaluate_operation(VM_Operation*)+0x2c8
V  [libjvm.so+0x9efff9]  VMThread::loop()+0x219
V  [libjvm.so+0x9f0442]  VMThread::run()+0x72
V  [libjvm.so+0x84e792]  java_start(Thread*)+0xf2

VM_Operation (0x00007f25168782e0): GenCollectForAllocation, mode: safepoint, requested by thread 0x00007f252d0c4000


---------------  P R O C E S S  ---------------

Java Threads: ( => current thread )
  0x00007f252d0c4000 JavaThread "ForkJoinPool.commonPool-worker-1" daemon [_thread_blocked, id=44116, stack(0x00007f2516779000,0x00007f251687a000)]
  0x00007f252d0dd000 JavaThread "Cache worker for task history cache (/home/cynh/workspace/Grosses_Tetes/Grosses_Tetes/.gradle/4.1/taskHistory)" [_thread_blocked, id=44114, stack(0x00007f2516a7a000,0x00007f2516b7b000)]
  0x00007f252d0cb000 JavaThread "Cache worker for file content cache (/home/cynh/workspace/Grosses_Tetes/Grosses_Tetes/.gradle/4.1/fileContent)" [_thread_blocked, id=44113, stack(0x00007f2516b7b000,0x00007f2516c7c000)]
  0x00007f252ccc5000 JavaThread "Memory manager" [_thread_blocked, id=44107, stack(0x00007f2517a7c000,0x00007f2517b7d000)]
  0x00007f252c8d2800 JavaThread "build operations" [_thread_blocked, id=44106, stack(0x00007f25303aa000,0x00007f25304ab000)]
  0x00007f252c7dd000 JavaThread "Cache worker for Artifact transforms cache (/home/cynh/.gradle/caches/transforms-1)" [_thread_blocked, id=44105, stack(0x00007f25308ab000,0x00007f25309ac000)]
  0x00007f252c1b1800 JavaThread "Cache worker for file hash cache (/home/cynh/workspace/Grosses_Tetes/Grosses_Tetes/.gradle/4.1/fileHashes)" [_thread_blocked, id=44103, stack(0x00007f25315cd000,0x00007f25316ce000)]
  0x00007f252c116800 JavaThread "File lock request listener" [_thread_in_native, id=44102, stack(0x00007f25318ce000,0x00007f25319cf000)]
  0x00007f252c126800 JavaThread "Cache worker for file hash cache (/home/cynh/.gradle/caches/4.1/fileHashes)" [_thread_blocked, id=44101, stack(0x00007f25319cf000,0x00007f2531ad0000)]
  0x00007f252c015000 JavaThread "Stdin handler" [_thread_blocked, id=44098, stack(0x00007f2531cd0000,0x00007f2531dd1000)]
  0x00007f252c00e800 JavaThread "Asynchronous log dispatcher for DefaultDaemonConnection: socket connection from /127.0.0.1:41915 to /127.0.0.1:54522" [_thread_blocked, id=44097, stack(0x00007f2531dd1000,0x00007f2531ed2000)]
  0x00007f25240ee800 JavaThread "Daemon worker" [_thread_blocked, id=44096, stack(0x00007f2531ed2000,0x00007f2531fd3000)]
  0x00007f25240ed800 JavaThread "Cancel handler" [_thread_blocked, id=44095, stack(0x00007f2531fd3000,0x00007f25320d4000)]
  0x00007f252419a800 JavaThread "Handler for socket connection from /127.0.0.1:41915 to /127.0.0.1:54522" [_thread_in_native, id=44094, stack(0x00007f25320d4000,0x00007f25321d5000)]
  0x00007f251c019800 JavaThread "Daemon" [_thread_blocked, id=44093, stack(0x00007f25321d5000,0x00007f25322d6000)]
  0x00007f2548c84800 JavaThread "Daemon periodic checks" [_thread_blocked, id=44092, stack(0x00007f25322d6000,0x00007f25323d7000)]
  0x00007f2548c68000 JavaThread "Incoming local TCP Connector on port 41915" [_thread_in_native, id=44091, stack(0x00007f25323de000,0x00007f25324df000)]
  0x00007f25480bc800 JavaThread "Service Thread" daemon [_thread_blocked, id=44089, stack(0x00007f2533b23000,0x00007f2533c24000)]
  0x00007f25480b1800 JavaThread "C1 CompilerThread1" daemon [_thread_blocked, id=44088, stack(0x00007f2533c24000,0x00007f2533d25000)]
  0x00007f25480af800 JavaThread "C2 CompilerThread0" daemon [_thread_blocked, id=44087, stack(0x00007f253802b000,0x00007f253812c000)]
  0x00007f25480ae000 JavaThread "Signal Dispatcher" daemon [_thread_blocked, id=44086, stack(0x00007f253812c000,0x00007f253822d000)]
  0x00007f254807b000 JavaThread "Finalizer" daemon [_thread_blocked, id=44085, stack(0x00007f253822d000,0x00007f253832e000)]
  0x00007f2548076800 JavaThread "Reference Handler" daemon [_thread_blocked, id=44084, stack(0x00007f253832e000,0x00007f253842f000)]
  0x00007f254800a800 JavaThread "main" [_thread_blocked, id=44081, stack(0x00007f254f650000,0x00007f254f751000)]

Other Threads:
=>0x00007f254806e800 VMThread [stack: 0x00007f254c061000,0x00007f254c162000] [id=44083]
  0x00007f25480bf800 WatcherThread [stack: 0x00007f2533a22000,0x00007f2533b23000] [id=44090]

VM state:at safepoint (normal execution)

VM Mutex/Monitor currently owned by a thread:  ([mutex/lock_event])
[0x00007f2548006e00] Threads_lock - owner thread: 0x00007f254806e800
[0x00007f2548007300] Heap_lock - owner thread: 0x00007f252d0c4000

Heap:
 def new generation   total 29952K, used 0K [0x00000000a0000000, 0x00000000a2080000, 0x00000000c0000000)
  eden space 26624K,   0% used [0x00000000a0000000, 0x00000000a0000000, 0x00000000a1a00000)
  from space 3328K,   0% used [0x00000000a1a00000, 0x00000000a1a00000, 0x00000000a1d40000)
  to   space 3328K,   0% used [0x00000000a1d40000, 0x00000000a1d40000, 0x00000000a2080000)
 tenured generation   total 76884K, used 74436K [0x00000000c0000000, 0x00000000c4b15000, 0x0000000100000000)
   the space 76884K,  96% used [0x00000000c0000000, 0x00000000c48b1300, 0x00000000c48b1400, 0x00000000c4b15000)
 Metaspace       used 54219K, capacity 56147K, committed 56408K, reserved 1097728K
  class space    used 7312K, capacity 7798K, committed 7808K, reserved 1048576K

Card table byte_map: [0x00007f254c1d8000,0x00007f254c4d9000] byte_map_base: 0x00007f254bcd8000

Polling page: 0x00007f254f76c000

CodeCache: size=245760Kb used=18925Kb max_used=19237Kb free=226834Kb
 bounds [0x00007f2539000000, 0x00007f253a2e0000, 0x00007f2548000000]
 total_blobs=7267 nmethods=6511 adapters=669
 compilation: enabled

Compilation events (10 events):
Event: 44.456 Thread 0x00007f25480af800 nmethod 7428 0x00007f25391e6610 code [0x00007f25391e67e0, 0x00007f25391e7518]
Event: 44.456 Thread 0x00007f25480af800 7433       4       com.android.dex.Mutf8::countBytes (98 bytes)
Event: 44.462 Thread 0x00007f25480af800 nmethod 7433 0x00007f25396b8650 code [0x00007f25396b87a0, 0x00007f25396b8a98]
Event: 44.462 Thread 0x00007f25480af800 7434       4       com.android.dex.Mutf8::encode (153 bytes)
Event: 44.475 Thread 0x00007f25480af800 nmethod 7434 0x00007f2539116250 code [0x00007f25391163c0, 0x00007f25391169b8]
Event: 44.475 Thread 0x00007f25480af800 7430       4       com.android.dex.Leb128::readUnsignedLeb128 (69 bytes)
Event: 44.489 Thread 0x00007f25480af800 nmethod 7430 0x00007f25391e5e50 code [0x00007f25391e5fc0, 0x00007f25391e6318]
Event: 44.489 Thread 0x00007f25480af800 7429   !   4       com.android.dex.Dex$Section::readString (172 bytes)
Event: 44.525 Thread 0x00007f25480af800 nmethod 7429 0x00007f2539464dd0 code [0x00007f2539464fc0, 0x00007f25394659a8]
Event: 44.525 Thread 0x00007f25480af800 7431       4       com.android.dx.merge.DexMerger$IdMerger::readIntoMap (85 bytes)

GC Heap History (10 events):
Event: 43.348 GC heap after
Heap after GC invocations=62 (full 3):
 def new generation   total 19200K, used 2112K [0x00000000a0000000, 0x00000000a14d0000, 0x00000000c0000000)
  eden space 17088K,   0% used [0x00000000a0000000, 0x00000000a0000000, 0x00000000a10b0000)
  from space 2112K, 100% used [0x00000000a12c0000, 0x00000000a14d0000, 0x00000000a14d0000)
  to   space 2112K,   0% used [0x00000000a10b0000, 0x00000000a10b0000, 0x00000000a12c0000)
 tenured generation   total 42416K, used 39590K [0x00000000c0000000, 0x00000000c296c000, 0x0000000100000000)
   the space 42416K,  93% used [0x00000000c0000000, 0x00000000c26a9a00, 0x00000000c26a9a00, 0x00000000c296c000)
 Metaspace       used 54037K, capacity 55947K, committed 56152K, reserved 1097728K
  class space    used 7288K, capacity 7730K, committed 7808K, reserved 1048576K
}
Event: 43.388 GC heap before
{Heap before GC invocations=62 (full 3):
 def new generation   total 19200K, used 19200K [0x00000000a0000000, 0x00000000a14d0000, 0x00000000c0000000)
  eden space 17088K, 100% used [0x00000000a0000000, 0x00000000a10b0000, 0x00000000a10b0000)
  from space 2112K, 100% used [0x00000000a12c0000, 0x00000000a14d0000, 0x00000000a14d0000)
  to   space 2112K,   0% used [0x00000000a10b0000, 0x00000000a10b0000, 0x00000000a12c0000)
 tenured generation   total 42416K, used 39590K [0x00000000c0000000, 0x00000000c296c000, 0x0000000100000000)
   the space 42416K,  93% used [0x00000000c0000000, 0x00000000c26a9a00, 0x00000000c26a9a00, 0x00000000c296c000)
 Metaspace       used 54037K, capacity 55947K, committed 56152K, reserved 1097728K
  class space    used 7288K, capacity 7730K, committed 7808K, reserved 1048576K
Event: 43.571 GC heap after
Heap after GC invocations=63 (full 4):
 def new generation   total 29952K, used 0K [0x00000000a0000000, 0x00000000a2080000, 0x00000000c0000000)
  eden space 26624K,   0% used [0x00000000a0000000, 0x00000000a0000000, 0x00000000a1a00000)
  from space 3328K,   0% used [0x00000000a1a00000, 0x00000000a1a00000, 0x00000000a1d40000)
  to   space 3328K,   0% used [0x00000000a1d40000, 0x00000000a1d40000, 0x00000000a2080000)
 tenured generation   total 66276K, used 39764K [0x00000000c0000000, 0x00000000c40b9000, 0x0000000100000000)
   the space 66276K,  59% used [0x00000000c0000000, 0x00000000c26d51c8, 0x00000000c26d5200, 0x00000000c40b9000)
 Metaspace       used 54037K, capacity 55947K, committed 56152K, reserved 1097728K
  class space    used 7288K, capacity 7730K, committed 7808K, reserved 1048576K
}
Event: 43.740 GC heap before
{Heap before GC invocations=63 (full 4):
 def new generation   total 29952K, used 26624K [0x00000000a0000000, 0x00000000a2080000, 0x00000000c0000000)
  eden space 26624K, 100% used [0x00000000a0000000, 0x00000000a1a00000, 0x00000000a1a00000)
  from space 3328K,   0% used [0x00000000a1a00000, 0x00000000a1a00000, 0x00000000a1d40000)
  to   space 3328K,   0% used [0x00000000a1d40000, 0x00000000a1d40000, 0x00000000a2080000)
 tenured generation   total 66276K, used 39764K [0x00000000c0000000, 0x00000000c40b9000, 0x0000000100000000)
   the space 66276K,  59% used [0x00000000c0000000, 0x00000000c26d51c8, 0x00000000c26d5200, 0x00000000c40b9000)
 Metaspace       used 54037K, capacity 55947K, committed 56152K, reserved 1097728K
  class space    used 7288K, capacity 7730K, committed 7808K, reserved 1048576K
Event: 43.770 GC heap after
Heap after GC invocations=64 (full 4):
 def new generation   total 29952K, used 3328K [0x00000000a0000000, 0x00000000a2080000, 0x00000000c0000000)
  eden space 26624K,   0% used [0x00000000a0000000, 0x00000000a0000000, 0x00000000a1a00000)
  from space 3328K, 100% used [0x00000000a1d40000, 0x00000000a2080000, 0x00000000a2080000)
  to   space 3328K,   0% used [0x00000000a1a00000, 0x00000000a1a00000, 0x00000000a1d40000)
 tenured generation   total 66276K, used 43550K [0x00000000c0000000, 0x00000000c40b9000, 0x0000000100000000)
   the space 66276K,  65% used [0x00000000c0000000, 0x00000000c2a87ad0, 0x00000000c2a87c00, 0x00000000c40b9000)
 Metaspace       used 54037K, capacity 55947K, committed 56152K, reserved 1097728K
  class space    used 7288K, capacity 7730K, committed 7808K, reserved 1048576K
}
Event: 43.895 GC heap before
{Heap before GC invocations=64 (full 4):
 def new generation   total 29952K, used 29952K [0x00000000a0000000, 0x00000000a2080000, 0x00000000c0000000)
  eden space 26624K, 100% used [0x00000000a0000000, 0x00000000a1a00000, 0x00000000a1a00000)
  from space 3328K, 100% used [0x00000000a1d40000, 0x00000000a2080000, 0x00000000a2080000)
  to   space 3328K,   0% used [0x00000000a1a00000, 0x00000000a1a00000, 0x00000000a1d40000)
 tenured generation   total 66276K, used 43550K [0x00000000c0000000, 0x00000000c40b9000, 0x0000000100000000)
   the space 66276K,  65% used [0x00000000c0000000, 0x00000000c2a87ad0, 0x00000000c2a87c00, 0x00000000c40b9000)
 Metaspace       used 54037K, capacity 55947K, committed 56152K, reserved 1097728K
  class space    used 7288K, capacity 7730K, committed 7808K, reserved 1048576K
Event: 43.955 GC heap after
Heap after GC invocations=65 (full 4):
 def new generation   total 29952K, used 3328K [0x00000000a0000000, 0x00000000a2080000, 0x00000000c0000000)
  eden space 26624K,   0% used [0x00000000a0000000, 0x00000000a0000000, 0x00000000a1a00000)
  from space 3328K, 100% used [0x00000000a1a00000, 0x00000000a1d40000, 0x00000000a1d40000)
  to   space 3328K,   0% used [0x00000000a1d40000, 0x00000000a1d40000, 0x00000000a2080000)
 tenured generation   total 66276K, used 50423K [0x00000000c0000000, 0x00000000c40b9000, 0x0000000100000000)
   the space 66276K,  76% used [0x00000000c0000000, 0x00000000c313df70, 0x00000000c313e000, 0x00000000c40b9000)
 Metaspace       used 54037K, capacity 55947K, committed 56152K, reserved 1097728K
  class space    used 7288K, capacity 7730K, committed 7808K, reserved 1048576K
}
Event: 44.209 GC heap before
{Heap before GC invocations=65 (full 4):
 def new generation   total 29952K, used 29952K [0x00000000a0000000, 0x00000000a2080000, 0x00000000c0000000)
  eden space 26624K, 100% used [0x00000000a0000000, 0x00000000a1a00000, 0x00000000a1a00000)
  from space 3328K, 100% used [0x00000000a1a00000, 0x00000000a1d40000, 0x00000000a1d40000)
  to   space 3328K,   0% used [0x00000000a1d40000, 0x00000000a1d40000, 0x00000000a2080000)
 tenured generation   total 66276K, used 50423K [0x00000000c0000000, 0x00000000c40b9000, 0x0000000100000000)
   the space 66276K,  76% used [0x00000000c0000000, 0x00000000c313df70, 0x00000000c313e000, 0x00000000c40b9000)
 Metaspace       used 54038K, capacity 55947K, committed 56152K, reserved 1097728K
  class space    used 7288K, capacity 7730K, committed 7808K, reserved 1048576K
Event: 44.228 GC heap after
Heap after GC invocations=66 (full 4):
 def new generation   total 29952K, used 3328K [0x00000000a0000000, 0x00000000a2080000, 0x00000000c0000000)
  eden space 26624K,   0% used [0x00000000a0000000, 0x00000000a0000000, 0x00000000a1a00000)
  from space 3328K, 100% used [0x00000000a1d40000, 0x00000000a2080000, 0x00000000a2080000)
  to   space 3328K,   0% used [0x00000000a1a00000, 0x00000000a1a00000, 0x00000000a1d40000)
 tenured generation   total 66276K, used 56958K [0x00000000c0000000, 0x00000000c40b9000, 0x0000000100000000)
   the space 66276K,  85% used [0x00000000c0000000, 0x00000000c379fb78, 0x00000000c379fc00, 0x00000000c40b9000)
 Metaspace       used 54038K, capacity 55947K, committed 56152K, reserved 1097728K
  class space    used 7288K, capacity 7730K, committed 7808K, reserved 1048576K
}
Event: 44.534 GC heap before
{Heap before GC invocations=66 (full 4):
 def new generation   total 29952K, used 29952K [0x00000000a0000000, 0x00000000a2080000, 0x00000000c0000000)
  eden space 26624K, 100% used [0x00000000a0000000, 0x00000000a1a00000, 0x00000000a1a00000)
  from space 3328K, 100% used [0x00000000a1d40000, 0x00000000a2080000, 0x00000000a2080000)
  to   space 3328K,   0% used [0x00000000a1a00000, 0x00000000a1a00000, 0x00000000a1d40000)
 tenured generation   total 66276K, used 56958K [0x00000000c0000000, 0x00000000c40b9000, 0x0000000100000000)
   the space 66276K,  85% used [0x00000000c0000000, 0x00000000c379fb78, 0x00000000c379fc00, 0x00000000c40b9000)
 Metaspace       used 54219K, capacity 56147K, committed 56408K, reserved 1097728K
  class space    used 7312K, capacity 7798K, committed 7808K, reserved 1048576K

Deoptimization events (10 events):
Event: 42.826 Thread 0x00007f25240ee800 Uncommon trap: reason=unstable_if action=reinterpret pc=0x00007f253a20ec04 method=org.gradle.api.internal.file.pattern.PatternMatcherFactory$PathMatcherBackedSpec.isSatisfiedBy(Lorg/gradle/api/file/RelativePath;)Z @ 11
Event: 43.590 Thread 0x00007f252d0c4000 Uncommon trap: reason=predicate action=maybe_recompile pc=0x00007f25398f68cc method=java.util.ComparableTimSort.binarySort([Ljava/lang/Object;III)V @ 37
Event: 43.611 Thread 0x00007f252d0c4000 Uncommon trap: reason=array_check action=maybe_recompile pc=0x00007f25398d3170 method=java.util.ComparableTimSort.binarySort([Ljava/lang/Object;III)V @ 215
Event: 43.613 Thread 0x00007f252d0c4000 Uncommon trap: reason=array_check action=maybe_recompile pc=0x00007f25398d3170 method=java.util.ComparableTimSort.binarySort([Ljava/lang/Object;III)V @ 215
Event: 43.613 Thread 0x00007f252d0c4000 Uncommon trap: reason=array_check action=maybe_recompile pc=0x00007f25398d3170 method=java.util.ComparableTimSort.binarySort([Ljava/lang/Object;III)V @ 215
Event: 43.613 Thread 0x00007f252d0c4000 Uncommon trap: reason=array_check action=maybe_recompile pc=0x00007f25398d3170 method=java.util.ComparableTimSort.binarySort([Ljava/lang/Object;III)V @ 215
Event: 43.680 Thread 0x00007f252d0c4000 Uncommon trap: reason=array_check action=maybe_recompile pc=0x00007f2539bc77a0 method=java.util.ComparableTimSort.binarySort([Ljava/lang/Object;III)V @ 193
Event: 43.680 Thread 0x00007f252d0c4000 Uncommon trap: reason=array_check action=maybe_recompile pc=0x00007f2539bc77a0 method=java.util.ComparableTimSort.binarySort([Ljava/lang/Object;III)V @ 193
Event: 43.692 Thread 0x00007f252d0c4000 Uncommon trap: reason=array_check action=maybe_recompile pc=0x00007f2539b04198 method=java.util.ComparableTimSort.binarySort([Ljava/lang/Object;III)V @ 183
Event: 43.692 Thread 0x00007f252d0c4000 Uncommon trap: reason=array_check action=maybe_recompile pc=0x00007f2539b04198 method=java.util.ComparableTimSort.binarySort([Ljava/lang/Object;III)V @ 183

Classes redefined (0 events):
No events

Internal exceptions (10 events):
Event: 33.577 Thread 0x00007f25240ee800 Exception <a 'java/lang/NoSuchMethodError': <clinit>> (0x00000000a07623f8) thrown at [/ssd/Android/AOSP-openjdk-git/jdk8u/hotspot/src/share/vm/prims/jni.cpp, line 1613]
Event: 33.578 Thread 0x00007f25240ee800 Exception <a 'java/lang/NoSuchMethodError': <clinit>> (0x00000000a0770fa8) thrown at [/ssd/Android/AOSP-openjdk-git/jdk8u/hotspot/src/share/vm/prims/jni.cpp, line 1613]
Event: 33.827 Thread 0x00007f25240ee800 Exception <a 'java/lang/NoSuchMethodError': <clinit>> (0x00000000a0816f38) thrown at [/ssd/Android/AOSP-openjdk-git/jdk8u/hotspot/src/share/vm/prims/jni.cpp, line 1613]
Event: 33.829 Thread 0x00007f25240ee800 Exception <a 'java/lang/NoSuchMethodError': <clinit>> (0x00000000a0832c38) thrown at [/ssd/Android/AOSP-openjdk-git/jdk8u/hotspot/src/share/vm/prims/jni.cpp, line 1613]
Event: 33.830 Thread 0x00007f25240ee800 Exception <a 'java/lang/NoSuchMethodError': <clinit>> (0x00000000a0834aa0) thrown at [/ssd/Android/AOSP-openjdk-git/jdk8u/hotspot/src/share/vm/prims/jni.cpp, line 1613]
Event: 34.897 Thread 0x00007f252ccc5000 Exception <a 'java/io/IOException'> (0x00000000a0a1fdb0) thrown at [/ssd/Android/AOSP-openjdk-git/jdk8u/hotspot/src/share/vm/prims/jni.cpp, line 709]
Event: 39.901 Thread 0x00007f252ccc5000 Exception <a 'java/io/IOException'> (0x00000000a04cfa88) thrown at [/ssd/Android/AOSP-openjdk-git/jdk8u/hotspot/src/share/vm/prims/jni.cpp, line 709]
Event: 41.167 Thread 0x00007f25240ee800 Exception <a 'java/lang/NoSuchMethodError': <clinit>> (0x00000000a0a066c8) thrown at [/ssd/Android/AOSP-openjdk-git/jdk8u/hotspot/src/share/vm/prims/jni.cpp, line 1613]
Event: 41.175 Thread 0x00007f25240ee800 Exception <a 'java/lang/NoSuchMethodError': <clinit>> (0x00000000a0a11178) thrown at [/ssd/Android/AOSP-openjdk-git/jdk8u/hotspot/src/share/vm/prims/jni.cpp, line 1613]
Event: 42.240 Thread 0x00007f25240ee800 Exception <a 'java/lang/NoSuchMethodError': <clinit>> (0x00000000a0571450) thrown at [/ssd/Android/AOSP-openjdk-git/jdk8u/hotspot/src/share/vm/prims/jni.cpp, line 1613]

Events (10 events):
Event: 44.358 loading class com/android/dx/merge/InstructionTransformer$CallSiteVisitor done
Event: 44.358 loading class com/android/dx/merge/DexMerger$1
Event: 44.358 loading class com/android/dx/merge/DexMerger$1 done
Event: 44.359 loading class com/android/dx/merge/DexMerger$IdMerger
Event: 44.359 loading class com/android/dx/merge/DexMerger$IdMerger done
Event: 44.359 loading class com/android/dex/Leb128
Event: 44.359 loading class com/android/dex/Leb128 done
Event: 44.360 loading class com/android/dex/Mutf8
Event: 44.360 loading class com/android/dex/Mutf8 done
Event: 44.534 Executing VM operation: GenCollectForAllocation


Dynamic libraries:
00400000-00401000 r-xp 00000000 08:01 2109408                            /opt/android-studio/jre/bin/java
00600000-00601000 r--p 00000000 08:01 2109408                            /opt/android-studio/jre/bin/java
00601000-00602000 rw-p 00001000 08:01 2109408                            /opt/android-studio/jre/bin/java
00827000-0088a000 rw-p 00000000 00:00 0                                  [heap]
a0000000-a2080000 rw-p 00000000 00:00 0 
a2080000-c0000000 ---p 00000000 00:00 0 
c0000000-c4b15000 rw-p 00000000 00:00 0 
c7928000-100000000 ---p 00000000 00:00 0 
100000000-1007a0000 rw-p 00000000 00:00 0 
1007a0000-140000000 ---p 00000000 00:00 0 
7f2516779000-7f251677c000 ---p 00000000 00:00 0 
7f251677c000-7f25169fa000 rw-p 00000000 00:00 0 
7f25169fa000-7f2516a7a000 ---p 00000000 00:00 0 
7f2516a7a000-7f2516a7d000 ---p 00000000 00:00 0 
7f2516a7d000-7f2516b7b000 rw-p 00000000 00:00 0 
7f2516b7b000-7f2516b7e000 ---p 00000000 00:00 0 
7f2516b7e000-7f2516e7c000 rw-p 00000000 00:00 0 
7f2516e7c000-7f251707c000 rw-p 00000000 00:00 0 
7f251707c000-7f251727c000 rw-p 00000000 00:00 0 
7f251727c000-7f251747c000 rw-p 00000000 00:00 0 
7f251747c000-7f251767c000 rw-p 00000000 00:00 0 
7f251767c000-7f251787c000 rw-p 00000000 00:00 0 
7f251787c000-7f2517a7c000 rw-p 00000000 00:00 0 
7f2517a7c000-7f2517a7f000 ---p 00000000 00:00 0 
7f2517a7f000-7f2517d7d000 rw-p 00000000 00:00 0 
7f2517d7d000-7f2517f73000 rw-p 00000000 00:00 0 
7f2517f73000-7f2517f7d000 ---p 00000000 00:00 0 
7f2517f7d000-7f2518000000 r--s 00758000 08:01 1727998                    /home/cynh/.gradle/caches/jars-3/0d3de44a8474017418d71d8887a5e944/intellij-core-26.0.0.jar
7f2518000000-7f2518c7d000 rw-p 00000000 00:00 0 
7f2518c7d000-7f251c000000 ---p 00000000 00:00 0 
7f251c000000-7f251c06c000 rw-p 00000000 00:00 0 
7f251c06c000-7f2520000000 ---p 00000000 00:00 0 
7f2520000000-7f2520066000 rw-p 00000000 00:00 0 
7f2520066000-7f2524000000 ---p 00000000 00:00 0 
7f2524000000-7f2525c87000 rw-p 00000000 00:00 0 
7f2525c87000-7f2528000000 ---p 00000000 00:00 0 
7f2528000000-7f2528021000 rw-p 00000000 00:00 0 
7f2528021000-7f252c000000 ---p 00000000 00:00 0 
7f252c000000-7f252d152000 rw-p 00000000 00:00 0 
7f252d152000-7f2530000000 ---p 00000000 00:00 0 
7f2530021000-7f2530033000 r--s 00345000 08:01 1977682                    /opt/android-studio/jre/jre/lib/resources.jar
7f2530033000-7f2530036000 r--s 00015000 08:01 1977686                    /opt/android-studio/jre/jre/lib/jce.jar
7f2530036000-7f2530041000 r--s 00081000 08:01 1728000                    /home/cynh/.gradle/caches/jars-3/fc6e889a0f45cc9752787eb60f920103/trove4j-20160824.jar
7f2530041000-7f2530047000 r--s 00033000 08:01 1727996                    /home/cynh/.gradle/caches/jars-3/f96c897d327ea500d64fe3af2833bd50/commons-codec-1.6.jar
7f2530047000-7f2530049000 r--s 0000d000 08:01 1727994                    /home/cynh/.gradle/caches/jars-3/ccc849edcf9fccd61ed937bf93ffe896/commons-logging-1.1.1.jar
7f2530049000-7f253004f000 r--s 00032000 08:01 1727992                    /home/cynh/.gradle/caches/jars-3/72e344059d1923829968d0d38b0c3c72/httpcore-4.2.5.jar
7f253004f000-7f2530050000 r--s 00004000 08:01 1727990                    /home/cynh/.gradle/caches/jars-3/3a4299d1ce3e273e7c03a9ccf5a1e333/annotations-12.0.jar
7f2530050000-7f2530051000 r--s 00000000 08:01 1727988                    /home/cynh/.gradle/caches/jars-3/0e2fbc3b8c56d2975eca90c524790c13/animal-sniffer-annotations-1.14.jar
7f2530051000-7f2530053000 r--s 00001000 08:01 1727986                    /home/cynh/.gradle/caches/jars-3/ad41f8f3ac67c0323ce9eb1c20c8dc3f/j2objc-annotations-1.1.jar
7f2530053000-7f2530054000 r--s 00002000 08:01 1727984                    /home/cynh/.gradle/caches/jars-3/9edb0f46b907c34c4718edabde6c791c/error_prone_annotations-2.0.18.jar
7f2530054000-7f2530057000 r--s 00006000 08:01 1727982                    /home/cynh/.gradle/caches/jars-3/b58a9bc3bbba42132e4abc0bacae8da1/jsr305-1.3.9.jar
7f2530057000-7f2530058000 r--s 0000a000 08:01 1727980                    /home/cynh/.gradle/caches/jars-3/5b8b36ed61fe92731031cca3c9b3a0b3/kxml2-2.3.0.jar
7f2530058000-7f253005a000 r--s 00005000 08:01 1727978                    /home/cynh/.gradle/caches/jars-3/f10e1e1978816198f2eb1189c974b440/httpmime-4.1.jar
7f253005a000-7f2530064000 r--s 00061000 08:01 1727976                    /home/cynh/.gradle/caches/jars-3/bc4b2527f35dc983f759e8f85f3f8d52/httpclient-4.2.6.jar
7f2530064000-7f253006d000 r--s 00064000 08:01 1727974                    /home/cynh/.gradle/caches/jars-3/fc37c717528c2a0d27f3e3621835f781/commons-compress-1.12.jar
7f253006d000-7f2530072000 r--s 0002e000 08:01 1727972                    /home/cynh/.gradle/caches/jars-3/c5bcda7f6f4809e9c92270f99e51f154/gson-2.3.jar
7f2530072000-7f2530082000 r--s 000d6000 08:01 1727970                    /home/cynh/.gradle/caches/jars-3/dbdb8caed2514263a34702cc763c6785/proguard-base-5.3.3.jar
7f2530082000-7f2530084000 r--s 00003000 08:01 1727968                    /home/cynh/.gradle/caches/jars-3/01ab8600ebbfdcaf9b89b45c2b992e82/annotations-13.0.jar
7f2530084000-7f2530085000 r--s 00001000 08:01 1727966                    /home/cynh/.gradle/caches/jars-3/22d054403841f76f651e28ff81d7e543/annotations-26.0.0.jar
7f2530085000-7f2530088000 r--s 00033000 08:01 1727964                    /home/cynh/.gradle/caches/jars-3/0ce03714647bf7bd3c78634c20ddbf38/juniversalchardet-1.0.3.jar
7f2530088000-7f253008c000 r--s 0002a000 08:01 1727962                    /home/cynh/.gradle/caches/jars-3/9849af6d4b0409ba64061601342f385d/commons-io-2.4.jar
7f253008c000-7f25300a3000 r--s 00154000 08:01 1727960                    /home/cynh/.gradle/caches/jars-3/57adf9abd30c921d4ea1dfdcfe7b9efd/antlr4-4.5.3.jar
7f25300a3000-7f25300a4000 r--s 00003000 08:01 1727958                    /home/cynh/.gradle/caches/jars-3/f29c2da6b031c4830fe215ea32cbd1d6/baseLibrary-3.0.0.jar
7f25300a4000-7f25300d4000 r--s 00245000 08:01 1727956                    /home/cynh/.gradle/caches/jars-3/8e27cdebb49ba2f804f9403d90aaaac5/guava-22.0.jar
7f25300d4000-7f25300dc000 r--s 000a8000 08:01 1727954                    /home/cynh/.gradle/caches/jars-3/6cc57ce9ec0d90186f781694264d61bc/lombok-ast-0.2.3.jar
7f25300dc000-7f25300e0000 r--s 0002f000 08:01 1727952                    /home/cynh/.gradle/caches/jars-3/505fcc8c47da308b2f1262f0ff3c65f1/jimfs-1.1.jar
7f25300e0000-7f25300f3000 r--s 00241000 08:01 1727950                    /home/cynh/.gradle/caches/jars-3/d8dc71eb6d91c966c45f7b594129e14a/ecj-4.6.1.jar
7f25300f3000-7f25300f4000 r--s 00003000 08:01 1727948                    /home/cynh/.gradle/caches/jars-3/fdb8f5ebd6a086c4818336712b830716/json-simple-1.1.jar
7f25300f4000-7f2530219000 r--s 00f5d000 08:01 1727946                    /home/cynh/.gradle/caches/jars-3/dfd566a90e18a0aa75879c33e0731ab8/fastutil-7.2.0.jar
7f2530219000-7f2530264000 r--s 002ff000 08:01 1727944                    /home/cynh/.gradle/caches/jars-3/d3d44e9a7fcb4a86fb40775c385dd3d0/bcprov-jdk15on-1.56.jar
7f2530264000-7f2530275000 r--s 00097000 08:01 1727942                    /home/cynh/.gradle/caches/jars-3/59ebb77d99c5ca0e24bb23272e0329dd/bcpkix-jdk15on-1.56.jar
7f2530275000-7f2530277000 r--s 00002000 08:01 1727940                    /home/cynh/.gradle/caches/jars-3/f268e5e8fc83bb846ac355d6a16b1f30/javawriter-2.5.0.jar
7f2530277000-7f253027c000 r--s 0003b000 08:01 1727938                    /home/cynh/.gradle/caches/jars-3/e05f9976b96d28fde211735fa5e94d9a/apksig-3.0.0.jar
7f253027c000-7f253027f000 r--s 00024000 08:01 1727936                    /home/cynh/.gradle/caches/jars-3/664e7b307d7ea6fbd268ae5e965af33f/common-26.0.0.jar
7f253027f000-7f2530281000 r--s 00006000 08:01 1727934                    /home/cynh/.gradle/caches/jars-3/0406b1b4dc723dfbfe2d3f0701ad05b0/dvlib-26.0.0.jar
7f2530281000-7f2530284000 r--s 00014000 08:01 1727932                    /home/cynh/.gradle/caches/jars-3/3ce077ae1920336ec43b829a7f72ce49/layoutlib-api-26.0.0.jar
7f2530284000-7f2530289000 r--s 0004d000 08:01 1727930                    /home/cynh/.gradle/caches/jars-3/65eb04ad4074b88473a4bd0790ceb5fa/ddmlib-26.0.0.jar
7f2530289000-7f253028a000 r--s 00003000 08:01 1727928                    /home/cynh/.gradle/caches/jars-3/be01663fe004b181af941ac54e7bc4f0/builder-test-api-3.0.0.jar
7f253028a000-7f253028d000 r--s 00007000 08:01 1727926                    /home/cynh/.gradle/caches/jars-3/38f9351bf06ef722e62746fe5560ea34/builder-model-3.0.0.jar
7f253028d000-7f253029c000 r--s 00130000 08:01 1727924                    /home/cynh/.gradle/caches/jars-3/72ba1443c6adcea1f6ba21e12f0bb0fc/protobuf-java-3.0.0.jar
7f253029c000-7f25302af000 r--s 001a8000 08:01 1727922                    /home/cynh/.gradle/caches/jars-3/2265108d6f8c35991db49bb36a4f9855/protos-26.0.0.jar
7f25302af000-7f25302b0000 r--s 00005000 08:01 1727920                    /home/cynh/.gradle/caches/jars-3/d41f18504bb9fe2aad8342cc4d177c72/shared-26.0.0.jar
7f25302b0000-7f25302b2000 r--s 00004000 08:01 1727918                    /home/cynh/.gradle/caches/jars-3/6d32eb0515d6f097cfbdc2a4d0a68216/tracker-26.0.0.jar
7f25302b2000-7f25302b4000 r--s 00002000 08:01 1727916                    /home/cynh/.gradle/caches/jars-3/e91624d2ed1c3b55eec9fd768ed13c1d/proguard-gradle-5.3.3.jar
7f25302b4000-7f25302b6000 r--s 0000f000 08:01 1727914                    /home/cynh/.gradle/caches/jars-3/96760c32d36a5d7066e3ccf088bfd362/jopt-simple-4.9.jar
7f25302b6000-7f25302ba000 r--s 0001e000 08:01 1727912                    /home/cynh/.gradle/caches/jars-3/0d3e95aba631209a078aeec58a76633d/org.jacoco.core-0.7.4.201502262128.jar
7f25302ba000-7f25302bd000 r--s 00020000 08:01 1727910                    /home/cynh/.gradle/caches/jars-3/c72fc284d34f39eab57a4e3ba83405e9/org.jacoco.report-0.7.4.201502262128.jar
7f25302bd000-7f25302bf000 r--s 0000c000 08:01 1727908                    /home/cynh/.gradle/caches/jars-3/9b0a36633c92c6e87e62c81734593183/asm-5.1.jar
7f25302bf000-7f25302c1000 r--s 00006000 08:01 1727906                    /home/cynh/.gradle/caches/jars-3/50c8a7da333c41693b2b7ce95b6d9d89/asm-tree-5.1.jar
7f25302c1000-7f25302c2000 r--s 0000a000 08:01 1727904                    /home/cynh/.gradle/caches/jars-3/c4f1f1d5a624f981d35a78d181e2c418/asm-util-5.1.jar
7f25302c2000-7f25302c4000 r--s 0000a000 08:01 1727902                    /home/cynh/.gradle/caches/jars-3/d37aa405961c464c627b1efe5def81b8/asm-commons-5.1.jar
7f25302c4000-7f25302c5000 r--s 00004000 08:01 1727900                    /home/cynh/.gradle/caches/jars-3/2b2689d10a4425b1cb2d0654db2ea088/asm-analysis-5.1.jar
7f25302c5000-7f25302c6000 r--s 00000000 08:01 1727898                    /home/cynh/.gradle/caches/jars-3/5206138fb8a6b2ffbd31e140916c2100/transform-api-2.0.0-deprecated-use-gradle-api.jar
7f25302c6000-7f25302d5000 r--s 000c8000 08:01 1727896                    /home/cynh/.gradle/caches/jars-3/af931fae44e009148423077fa09abbd1/kotlin-stdlib-1.1.3-2.jar
7f25302d5000-7f2530307000 r--s 0021b000 08:01 1727894                    /home/cynh/.gradle/caches/jars-3/24b2127528a18b338af82ff7ea236d45/kotlin-reflect-1.1.3-2.jar
7f2530307000-7f253030d000 r--s 00030000 08:01 1727892                    /home/cynh/.gradle/caches/jars-3/ed1566eb5e13985bd2441d4d9fb001bc/repository-26.0.0.jar
7f253030d000-7f2530318000 r--s 0009b000 08:01 1727890                    /home/cynh/.gradle/caches/jars-3/010a8562e37fa93874e94473b7b1b739/sdklib-26.0.0.jar
7f2530318000-7f2530327000 r--s 000da000 08:01 1727888                    /home/cynh/.gradle/caches/jars-3/855bd024c9103048d08cf3d6b4ccafaf/sdk-common-26.0.0.jar
7f2530327000-7f253032b000 r--s 00023000 08:01 1727886                    /home/cynh/.gradle/caches/jars-3/901a1ffe8b1c867d10bb96d1ffa22bf8/manifest-merger-26.0.0.jar
7f253032b000-7f253032f000 r--s 0002e000 08:01 1727884                    /home/cynh/.gradle/caches/jars-3/7844948b119640730aae7d1024fe376e/compilerCommon-3.0.0.jar
7f253032f000-7f2530331000 r--s 00003000 08:01 1727882                    /home/cynh/.gradle/caches/jars-3/93282345f8a1cdba41f206997292df6a/gradle-api-3.0.0.jar
7f2530331000-7f2530340000 r--s 000cb000 08:01 1727880                    /home/cynh/.gradle/caches/jars-3/f5905f482fd3ae4156449764362d5347/uast-26.0.0.jar
7f2530340000-7f2530347000 r--s 0007f000 08:01 1727878                    /home/cynh/.gradle/caches/jars-3/96f25077deeaace8d84ee1787aad54fd/lint-api-26.0.0.jar
7f2530347000-7f2530350000 r--s 000ff000 08:01 1727876                    /home/cynh/.gradle/caches/jars-3/f0348591fd8e5cf1f09289c2cddb6498/lint-checks-26.0.0.jar
7f2530350000-7f2530353000 r--s 00039000 08:01 1727874                    /home/cynh/.gradle/caches/jars-3/6acf45ba7bd0fd34186c06e50fa1a773/lint-26.0.0.jar
7f2530353000-7f2530383000 r--s 01983000 08:01 1727872                    /home/cynh/.gradle/caches/jars-3/9d8abc21f07cf6634ed8d5a72c47a95f/builder-3.0.0.jar
7f2530383000-7f25303a6000 r--s 0020b000 08:01 1727870                    /home/cynh/.gradle/caches/jars-3/6580be06fa7f5eae6309ca3ad3a20624/gradle-core-3.0.0.jar
7f25303a6000-7f25303a8000 r--s 00007000 08:01 2107274                    /home/cynh/.gradle/caches/modules-2/files-2.1/com.google.gms/google-services/3.1.1/aca432c928821bad3626ddd1b9164cd85a73641/google-services-3.1.1.jar
7f25303a8000-7f25303aa000 r--s 0000f000 08:01 1727868                    /home/cynh/.gradle/caches/jars-3/119369196b5bc94e9595652e20112cf5/gradle-3.0.0.jar
7f25303aa000-7f25303ad000 ---p 00000000 00:00 0 
7f25303ad000-7f25306ab000 rw-p 00000000 00:00 0 
7f25306ab000-7f25308ab000 rw-p 00000000 00:00 0 
7f25308ab000-7f25308ae000 ---p 00000000 00:00 0 
7f25308ae000-7f2530bac000 rw-p 00000000 00:00 0 
7f2530bac000-7f2530dac000 rw-p 00000000 00:00 0 
7f2530dac000-7f2530fac000 rw-p 00000000 00:00 0 
7f2530fac000-7f25311ac000 rw-p 00000000 00:00 0 
7f25311ac000-7f25313ac000 rw-p 00000000 00:00 0 
7f25313ac000-7f25314c7000 r--s 02003000 08:01 4339270                    /home/cynh/.gradle/caches/jars-3/c3a861bd52df0d090198c58877bf8e11/android.jar
7f25314c7000-7f25314ce000 r--s 0002a000 08:01 1588037                    /home/cynh/.gradle/caches/jars-3/fff47aec37b967e571b648d1fc9c6db6/gradle-messaging-3.5.jar
7f25314ce000-7f25314d3000 r--s 00041000 08:01 1588035                    /home/cynh/.gradle/caches/jars-3/c0502f5c2cf6dfd52d250e1b7d027d24/commons-lang-2.6.jar
7f25314d3000-7f2531515000 r--s 00220000 08:01 1588033                    /home/cynh/.gradle/caches/jars-3/929747bc6b973b44297e9c57df71598d/gradle-core-3.5.jar
7f2531515000-7f253151e000 r--s 00047000 08:01 1588031                    /home/cynh/.gradle/caches/jars-3/11d06a5dce89fe5632250b7df00a3d57/gradle-base-services-3.5.jar
7f253151e000-7f2531546000 r--s 001cf000 08:01 1588029                    /home/cynh/.gradle/caches/jars-3/566e7e0f530f75a42eba4833ef84d88c/guava-jdk5-17.0.jar
7f2531546000-7f2531554000 r--s 00043000 08:01 1588027                    /home/cynh/.gradle/caches/jars-3/c0d1da18a547ef3a2ba66d3068ae6e09/gradle-tooling-api-3.5.jar
7f2531554000-7f25315cd000 r--s 010fd000 08:01 1977668                    /opt/android-studio/jre/lib/tools.jar
7f25315cd000-7f25315d0000 ---p 00000000 00:00 0 
7f25315d0000-7f25318ce000 rw-p 00000000 00:00 0 
7f25318ce000-7f25318d1000 ---p 00000000 00:00 0 
7f25318d1000-7f25319cf000 rw-p 00000000 00:00 0 
7f25319cf000-7f25319d2000 ---p 00000000 00:00 0 
7f25319d2000-7f2531cd0000 rw-p 00000000 00:00 0 
7f2531cd0000-7f2531cd3000 ---p 00000000 00:00 0 
7f2531cd3000-7f2531dd1000 rw-p 00000000 00:00 0 
7f2531dd1000-7f2531dd4000 ---p 00000000 00:00 0 
7f2531dd4000-7f2531ed2000 rw-p 00000000 00:00 0 
7f2531ed2000-7f2531ed5000 ---p 00000000 00:00 0 
7f2531ed5000-7f2531fd3000 rw-p 00000000 00:00 0 
7f2531fd3000-7f2531fd6000 ---p 00000000 00:00 0 
7f2531fd6000-7f25320d4000 rw-p 00000000 00:00 0 
7f25320d4000-7f25320d7000 ---p 00000000 00:00 0 
7f25320d7000-7f25321d5000 rw-p 00000000 00:00 0 
7f25321d5000-7f25321d8000 ---p 00000000 00:00 0 
7f25321d8000-7f25322d6000 rw-p 00000000 00:00 0 
7f25322d6000-7f25322d9000 ---p 00000000 00:00 0 
7f25322d9000-7f25323d7000 rw-p 00000000 00:00 0 
7f25323d7000-7f25323de000 r--s 00000000 08:01 135975                     /usr/lib/x86_64-linux-gnu/gconv/gconv-modules.cache
7f25323de000-7f25323e1000 ---p 00000000 00:00 0 
7f25323e1000-7f25324df000 rw-p 00000000 00:00 0 
7f25324df000-7f25324e4000 r--s 0009a000 08:01 1977705                    /opt/android-studio/jre/jre/lib/jsse.jar
7f25324e4000-7f25326e4000 rw-p 00000000 00:00 0 
7f25326e4000-7f25326ed000 r-xp 00000000 08:01 1977760                    /opt/android-studio/jre/jre/lib/amd64/libmanagement.so
7f25326ed000-7f25328ec000 ---p 00009000 08:01 1977760                    /opt/android-studio/jre/jre/lib/amd64/libmanagement.so
7f25328ec000-7f25328ed000 r--p 00008000 08:01 1977760                    /opt/android-studio/jre/jre/lib/amd64/libmanagement.so
7f25328ed000-7f25328ee000 rw-p 00009000 08:01 1977760                    /opt/android-studio/jre/jre/lib/amd64/libmanagement.so
7f25328ee000-7f25328f0000 r--s 00007000 08:01 1852499                    /home/cynh/.gradle/wrapper/dists/gradle-4.1-all/bzyivzo6n839fup2jbap0tjew/gradle-4.1/lib/plugins/gradle-tooling-api-builders-4.1.jar
7f25328f0000-7f25328f3000 r--s 00009000 08:01 1852519                    /home/cynh/.gradle/wrapper/dists/gradle-4.1-all/bzyivzo6n839fup2jbap0tjew/gradle-4.1/lib/plugins/gradle-testing-native-4.1.jar
7f25328f3000-7f25328f5000 r--s 00009000 08:01 1852637                    /home/cynh/.gradle/wrapper/dists/gradle-4.1-all/bzyivzo6n839fup2jbap0tjew/gradle-4.1/lib/plugins/hamcrest-core-1.3.jar
7f25328f5000-7f25328fa000 r--s 00040000 08:01 1852632                    /home/cynh/.gradle/wrapper/dists/gradle-4.1-all/bzyivzo6n839fup2jbap0tjew/gradle-4.1/lib/plugins/bsh-2.0b4.jar
7f25328fa000-7f25328fc000 r--s 00006000 08:01 1852633                    /home/cynh/.gradle/wrapper/dists/gradle-4.1-all/bzyivzo6n839fup2jbap0tjew/gradle-4.1/lib/plugins/jcommander-1.12.jar
7f25328fc000-7f2532902000 r--s 00033000 08:01 1852634                    /home/cynh/.gradle/wrapper/dists/gradle-4.1-all/bzyivzo6n839fup2jbap0tjew/gradle-4.1/lib/plugins/snakeyaml-1.6.jar
7f2532902000-7f253290b000 r--s 00089000 08:01 1852575                    /home/cynh/.gradle/wrapper/dists/gradle-4.1-all/bzyivzo6n839fup2jbap0tjew/gradle-4.1/lib/plugins/testng-6.3.1.jar
7f253290b000-7f2532913000 r--s 00045000 08:01 1852577                    /home/cynh/.gradle/wrapper/dists/gradle-4.1-all/bzyivzo6n839fup2jbap0tjew/gradle-4.1/lib/plugins/junit-4.12.jar
7f2532913000-7f2532919000 r--s 0002e000 08:01 1852511                    /home/cynh/.gradle/wrapper/dists/gradle-4.1-all/bzyivzo6n839fup2jbap0tjew/gradle-4.1/lib/plugins/gradle-testing-jvm-4.1.jar
7f2532919000-7f253291d000 r--s 00017000 08:01 1852527                    /home/cynh/.gradle/wrapper/dists/gradle-4.1-all/bzyivzo6n839fup2jbap0tjew/gradle-4.1/lib/plugins/gradle-testing-base-4.1.jar
7f253291d000-7f2532924000 r--s 00038000 08:01 1852567                    /home/cynh/.gradle/wrapper/dists/gradle-4.1-all/bzyivzo6n839fup2jbap0tjew/gradle-4.1/lib/plugins/bcpg-jdk15on-1.51.jar
7f2532924000-7f2532926000 r--s 0000c000 08:01 1852469                    /home/cynh/.gradle/wrapper/dists/gradle-4.1-all/bzyivzo6n839fup2jbap0tjew/gradle-4.1/lib/plugins/gradle-signing-4.1.jar
7f2532926000-7f2532928000 r--s 00007000 08:01 1852481                    /home/cynh/.gradle/wrapper/dists/gradle-4.1-all/bzyivzo6n839fup2jbap0tjew/gradle-4.1/lib/plugins/gradle-scala-4.1.jar
7f2532928000-7f2532929000 r--s 00004000 08:01 1852543                    /home/cynh/.gradle/wrapper/dists/gradle-4.1-all/bzyivzo6n839fup2jbap0tjew/gradle-4.1/lib/plugins/gradle-resources-sftp-4.1.jar
7f2532929000-7f2532939000 r--s 00088000 08:01 1852601                    /home/cynh/.gradle/wrapper/dists/gradle-4.1-all/bzyivzo6n839fup2jbap0tjew/gradle-4.1/lib/plugins/joda-time-2.8.2.jar
7f2532939000-7f253294a000 r--s 0010d000 08:01 1852599                    /home/cynh/.gradle/wrapper/dists/gradle-4.1-all/bzyivzo6n839fup2jbap0tjew/gradle-4.1/lib/plugins/jackson-databind-2.6.6.jar
7f253294a000-7f253294d000 r--s 00009000 08:01 1852597                    /home/cynh/.gradle/wrapper/dists/gradle-4.1-all/bzyivzo6n839fup2jbap0tjew/gradle-4.1/lib/plugins/jackson-annotations-2.6.6.jar
7f253294d000-7f2532951000 r--s 0003c000 08:01 1852595                    /home/cynh/.gradle/wrapper/dists/gradle-4.1-all/bzyivzo6n839fup2jbap0tjew/gradle-4.1/lib/plugins/jackson-core-2.6.6.jar
7f2532951000-7f253295f000 r--s 00087000 08:01 1852593                    /home/cynh/.gradle/wrapper/dists/gradle-4.1-all/bzyivzo6n839fup2jbap0tjew/gradle-4.1/lib/plugins/aws-java-sdk-core-1.11.6.jar
7f253295f000-7f2532966000 r--s 00057000 08:01 1852591                    /home/cynh/.gradle/wrapper/dists/gradle-4.1-all/bzyivzo6n839fup2jbap0tjew/gradle-4.1/lib/plugins/aws-java-sdk-kms-1.11.6.jar
7f2532966000-7f2532973000 r--s 0008e000 08:01 1852589                    /home/cynh/.gradle/wrapper/dists/gradle-4.1-all/bzyivzo6n839fup2jbap0tjew/gradle-4.1/lib/plugins/aws-java-sdk-s3-1.11.6.jar
7f2532973000-7f2532975000 r--s 00004000 08:01 1852537                    /home/cynh/.gradle/wrapper/dists/gradle-4.1-all/bzyivzo6n839fup2jbap0tjew/gradle-4.1/lib/plugins/gradle-resources-s3-4.1.jar
7f2532975000-7f2532977000 r--s 00010000 08:01 1852529                    /home/cynh/.gradle/wrapper/dists/gradle-4.1-all/bzyivzo6n839fup2jbap0tjew/gradle-4.1/lib/plugins/gradle-reporting-4.1.jar
7f2532977000-7f2532979000 r--s 00002000 08:01 1852531                    /home/cynh/.gradle/wrapper/dists/gradle-4.1-all/bzyivzo6n839fup2jbap0tjew/gradle-4.1/lib/plugins/gradle-publish-4.1.jar
7f2532979000-7f253297b000 r--s 00009000 08:01 1852553                    /home/cynh/.gradle/wrapper/dists/gradle-4.1-all/bzyivzo6n839fup2jbap0tjew/gradle-4.1/lib/plugins/commons-cli-1.2.jar
7f253297b000-7f2532981000 r--s 00036000 08:01 1852497                    /home/cynh/.gradle/wrapper/dists/gradle-4.1-all/bzyivzo6n839fup2jbap0tjew/gradle-4.1/lib/plugins/gradle-plugins-4.1.jar
7f2532981000-7f2532983000 r--s 00009000 08:01 1852471                    /home/cynh/.gradle/wrapper/dists/gradle-4.1-all/bzyivzo6n839fup2jbap0tjew/gradle-4.1/lib/plugins/gradle-plugin-development-4.1.jar
7f2532983000-7f2532989000 r--s 0002b000 08:01 1852487                    /home/cynh/.gradle/wrapper/dists/gradle-4.1-all/bzyivzo6n839fup2jbap0tjew/gradle-4.1/lib/plugins/gradle-platform-play-4.1.jar
7f2532989000-7f2532998000 r--s 0005b000 08:01 1852523                    /home/cynh/.gradle/wrapper/dists/gradle-4.1-all/bzyivzo6n839fup2jbap0tjew/gradle-4.1/lib/plugins/gradle-platform-native-4.1.jar
7f2532998000-7f253299c000 r--s 0001b000 08:01 1852517                    /home/cynh/.gradle/wrapper/dists/gradle-4.1-all/bzyivzo6n839fup2jbap0tjew/gradle-4.1/lib/plugins/gradle-platform-jvm-4.1.jar
7f253299c000-7f25329a4000 r--s 00027000 08:01 1852533                    /home/cynh/.gradle/wrapper/dists/gradle-4.1-all/bzyivzo6n839fup2jbap0tjew/gradle-4.1/lib/plugins/gradle-platform-base-4.1.jar
7f25329a4000-7f25329cc000 r--s 0021c000 08:01 1852555                    /home/cynh/.gradle/wrapper/dists/gradle-4.1-all/bzyivzo6n839fup2jbap0tjew/gradle-4.1/lib/plugins/biz.aQute.bndlib-3.2.0.jar
7f25329cc000-7f25329cd000 r--s 00004000 08:01 1852467                    /home/cynh/.gradle/wrapper/dists/gradle-4.1-all/bzyivzo6n839fup2jbap0tjew/gradle-4.1/lib/plugins/gradle-osgi-4.1.jar
7f25329cd000-7f25329d0000 r--s 0000c000 08:01 1852561                    /home/cynh/.gradle/wrapper/dists/gradle-4.1-all/bzyivzo6n839fup2jbap0tjew/gradle-4.1/lib/plugins/pmaven-groovy-0.8-20100325.jar
7f25329d0000-7f25329d1000 r--s 00004000 08:01 1852559                    /home/cynh/.gradle/wrapper/dists/gradle-4.1-all/bzyivzo6n839fup2jbap0tjew/gradle-4.1/lib/plugins/pmaven-common-0.8-20100325.jar
7f25329d1000-7f25329d7000 r--s 00023000 08:01 1852473                    /home/cynh/.gradle/wrapper/dists/gradle-4.1-all/bzyivzo6n839fup2jbap0tjew/gradle-4.1/lib/plugins/gradle-maven-4.1.jar
7f25329d7000-7f25329da000 r--s 0000b000 08:01 1852509                    /home/cynh/.gradle/wrapper/dists/gradle-4.1-all/bzyivzo6n839fup2jbap0tjew/gradle-4.1/lib/plugins/gradle-language-scala-4.1.jar
7f25329da000-7f25329e1000 r--s 00020000 08:01 1852521                    /home/cynh/.gradle/wrapper/dists/gradle-4.1-all/bzyivzo6n839fup2jbap0tjew/gradle-4.1/lib/plugins/gradle-language-native-4.1.jar
7f25329e1000-7f25329e3000 r--s 00005000 08:01 1852515                    /home/cynh/.gradle/wrapper/dists/gradle-4.1-all/bzyivzo6n839fup2jbap0tjew/gradle-4.1/lib/plugins/gradle-language-jvm-4.1.jar
7f25329e3000-7f25329ea000 r--s 0002f000 08:01 1852513                    /home/cynh/.gradle/wrapper/dists/gradle-4.1-all/bzyivzo6n839fup2jbap0tjew/gradle-4.1/lib/plugins/gradle-language-java-4.1.jar
7f25329ea000-7f25329ed000 r--s 0000a000 08:01 1852507                    /home/cynh/.gradle/wrapper/dists/gradle-4.1-all/bzyivzo6n839fup2jbap0tjew/gradle-4.1/lib/plugins/gradle-language-groovy-4.1.jar
7f25329ed000-7f25329f4000 r--s 00035000 08:01 1852573                    /home/cynh/.gradle/wrapper/dists/gradle-4.1-all/bzyivzo6n839fup2jbap0tjew/gradle-4.1/lib/plugins/simple-4.1.21.jar
7f25329f4000-7f2532a00000 r--s 00100000 08:01 1852569                    /home/cynh/.gradle/wrapper/dists/gradle-4.1-all/bzyivzo6n839fup2jbap0tjew/gradle-4.1/lib/plugins/rhino-1.7R3.jar
7f2532a00000-7f2532a04000 r--s 00012000 08:01 1852489                    /home/cynh/.gradle/wrapper/dists/gradle-4.1-all/bzyivzo6n839fup2jbap0tjew/gradle-4.1/lib/plugins/gradle-javascript-4.1.jar
7f2532a04000-7f2532a07000 r--s 00011000 08:01 1852493                    /home/cynh/.gradle/wrapper/dists/gradle-4.1-all/bzyivzo6n839fup2jbap0tjew/gradle-4.1/lib/plugins/gradle-jacoco-4.1.jar
7f2532a07000-7f2532a0a000 r--s 0000e000 08:01 1852491                    /home/cynh/.gradle/wrapper/dists/gradle-4.1-all/bzyivzo6n839fup2jbap0tjew/gradle-4.1/lib/plugins/gradle-ivy-4.1.jar
7f2532a0a000-7f2532a0b000 r--s 00002000 08:01 1852475                    /home/cynh/.gradle/wrapper/dists/gradle-4.1-all/bzyivzo6n839fup2jbap0tjew/gradle-4.1/lib/plugins/gradle-ide-play-4.1.jar
7f2532a0b000-7f2532a0e000 r--s 00013000 08:01 1852477                    /home/cynh/.gradle/wrapper/dists/gradle-4.1-all/bzyivzo6n839fup2jbap0tjew/gradle-4.1/lib/plugins/gradle-ide-native-4.1.jar
7f2532a0e000-7f2532a18000 r--s 00054000 08:01 1852479                    /home/cynh/.gradle/wrapper/dists/gradle-4.1-all/bzyivzo6n839fup2jbap0tjew/gradle-4.1/lib/plugins/gradle-ide-4.1.jar
7f2532a18000-7f2532a1a000 r--s 00007000 08:01 1852485                    /home/cynh/.gradle/wrapper/dists/gradle-4.1-all/bzyivzo6n839fup2jbap0tjew/gradle-4.1/lib/plugins/gradle-ear-4.1.jar
7f2532a1a000-7f2532a1c000 r--s 00005000 08:01 1852549                    /home/cynh/.gradle/wrapper/dists/gradle-4.1-all/bzyivzo6n839fup2jbap0tjew/gradle-4.1/lib/plugins/jatl-0.2.2.jar
7f2532a1c000-7f2532a23000 r--s 00038000 08:01 1852525                    /home/cynh/.gradle/wrapper/dists/gradle-4.1-all/bzyivzo6n839fup2jbap0tjew/gradle-4.1/lib/plugins/gradle-diagnostics-4.1.jar
7f2532a23000-7f2532a25000 r--s 0000b000 08:01 1852503                    /home/cynh/.gradle/wrapper/dists/gradle-4.1-all/bzyivzo6n839fup2jbap0tjew/gradle-4.1/lib/plugins/gradle-composite-builds-4.1.jar
7f2532a25000-7f2532a2a000 r--s 00025000 08:01 1852463                    /home/cynh/.gradle/wrapper/dists/gradle-4.1-all/bzyivzo6n839fup2jbap0tjew/gradle-4.1/lib/plugins/gradle-code-quality-4.1.jar
7f2532a2a000-7f2532a2f000 r--s 00022000 08:01 1852495                    /home/cynh/.gradle/wrapper/dists/gradle-4.1-all/bzyivzo6n839fup2jbap0tjew/gradle-4.1/lib/plugins/gradle-build-init-4.1.jar
7f2532a2f000-7f2532a35000 r--s 0008e000 08:01 1852483                    /home/cynh/.gradle/wrapper/dists/gradle-4.1-all/bzyivzo6n839fup2jbap0tjew/gradle-4.1/lib/plugins/gradle-build-comparison-4.1.jar
7f2532a35000-7f2532a36000 r--s 00002000 08:01 1852539                    /home/cynh/.gradle/wrapper/dists/gradle-4.1-all/bzyivzo6n839fup2jbap0tjew/gradle-4.1/lib/plugins/gradle-build-cache-http-4.1.jar
7f2532a36000-7f2532a38000 r--s 00008000 08:01 1852465                    /home/cynh/.gradle/wrapper/dists/gradle-4.1-all/bzyivzo6n839fup2jbap0tjew/gradle-4.1/lib/plugins/gradle-antlr-4.1.jar
7f2532a38000-7f2532a3a000 r--s 00004000 08:01 1852505                    /home/cynh/.gradle/wrapper/dists/gradle-4.1-all/bzyivzo6n839fup2jbap0tjew/gradle-4.1/lib/plugins/gradle-announce-4.1.jar
7f2532a3a000-7f2532a3c000 r--s 00008000 08:01 1852345                    /home/cynh/.gradle/wrapper/dists/gradle-4.1-all/bzyivzo6n839fup2jbap0tjew/gradle-4.1/lib/gradle-kotlin-dsl-tooling-builders-0.10.3.jar
7f2532a3c000-7f2532a3f000 r--s 0001c000 08:01 1852581                    /home/cynh/.gradle/wrapper/dists/gradle-4.1-all/bzyivzo6n839fup2jbap0tjew/gradle-4.1/lib/plugins/nekohtml-1.9.14.jar
7f2532a3f000-7f2532a47000 r--s 00028000 08:01 1852636                    /home/cynh/.gradle/wrapper/dists/gradle-4.1-all/bzyivzo6n839fup2jbap0tjew/gradle-4.1/lib/plugins/xml-apis-1.3.04.jar
7f2532a47000-7f2532a5f000 r--s 00115000 08:01 1852583                    /home/cynh/.gradle/wrapper/dists/gradle-4.1-all/bzyivzo6n839fup2jbap0tjew/gradle-4.1/lib/plugins/xercesImpl-2.9.1.jar
7f2532a5f000-7f2532a65000 r--s 0005b000 08:01 1852579                    /home/cynh/.gradle/wrapper/dists/gradle-4.1-all/bzyivzo6n839fup2jbap0tjew/gradle-4.1/lib/plugins/jcifs-1.3.17.jar
7f2532a65000-7f2532a6c000 r--s 00049000 08:01 1852635                    /home/cynh/.gradle/wrapper/dists/gradle-4.1-all/bzyivzo6n839fup2jbap0tjew/gradle-4.1/lib/plugins/httpcore-4.4.4.jar
7f2532a6c000-7f2532a72000 r--s 00033000 08:01 1852565                    /home/cynh/.gradle/wrapper/dists/gradle-4.1-all/bzyivzo6n839fup2jbap0tjew/gradle-4.1/lib/plugins/commons-codec-1.6.jar
7f2532a72000-7f2532a7f000 r--s 000a4000 08:01 1852551                    /home/cynh/.gradle/wrapper/dists/gradle-4.1-all/bzyivzo6n839fup2jbap0tjew/gradle-4.1/lib/plugins/httpclient-4.4.1.jar
7f2532a7f000-7f2532a81000 r--s 0000b000 08:01 1852541                    /home/cynh/.gradle/wrapper/dists/gradle-4.1-all/bzyivzo6n839fup2jbap0tjew/gradle-4.1/lib/plugins/gradle-resources-http-4.1.jar
7f2532a81000-7f2532a85000 r--s 00017000 08:01 1852535                    /home/cynh/.gradle/wrapper/dists/gradle-4.1-all/bzyivzo6n839fup2jbap0tjew/gradle-4.1/lib/plugins/gradle-plugin-use-4.1.jar
7f2532a85000-7f2532a86000 r--s 00000000 08:01 1852357                    /home/cynh/.gradle/wrapper/dists/gradle-4.1-all/bzyivzo6n839fup2jbap0tjew/gradle-4.1/lib/gradle-runtime-api-info-4.1.jar
7f2532a86000-7f2532a87000 r--s 00000000 08:01 1852363                    /home/cynh/.gradle/wrapper/dists/gradle-4.1-all/bzyivzo6n839fup2jbap0tjew/gradle-4.1/lib/gradle-installation-beacon-4.1.jar
7f2532a87000-7f2532ac7000 r--s 00277000 08:01 1852605                    /home/cynh/.gradle/wrapper/dists/gradle-4.1-all/bzyivzo6n839fup2jbap0tjew/gradle-4.1/lib/plugins/bcprov-jdk15on-1.51.jar
7f2532ac7000-7f2532acb000 r--s 0001d000 08:01 1852603                    /home/cynh/.gradle/wrapper/dists/gradle-4.1-all/bzyivzo6n839fup2jbap0tjew/gradle-4.1/lib/plugins/xbean-reflect-3.4.jar
7f2532acb000-7f2532acd000 r--s 0000a000 08:01 1852607                    /home/cynh/.gradle/wrapper/dists/gradle-4.1-all/bzyivzo6n839fup2jbap0tjew/gradle-4.1/lib/plugins/maven-settings-3.0.4.jar
7f2532acd000-7f2532ad0000 r--s 00008000 08:01 1852609                    /home/cynh/.gradle/wrapper/dists/gradle-4.1-all/bzyivzo6n839fup2jbap0tjew/gradle-4.1/lib/plugins/maven-settings-builder-3.0.4.jar
7f2532ad0000-7f2532ad4000 r--s 00033000 08:01 1852610                    /home/cynh/.gradle/wrapper/dists/gradle-4.1-all/bzyivzo6n839fup2jbap0tjew/gradle-4.1/lib/plugins/plexus-utils-2.0.6.jar
7f2532ad4000-7f2532ad6000 r--s 0000d000 08:01 1852611                    /home/cynh/.gradle/wrapper/dists/gradle-4.1-all/bzyivzo6n839fup2jbap0tjew/gradle-4.1/lib/plugins/plexus-interpolation-1.14.jar
7f2532ad6000-7f2532ad8000 r--s 00000000 08:01 1852563                    /home/cynh/.gradle/wrapper/dists/gradle-4.1-all/bzyivzo6n839fup2jbap0tjew/gradle-4.1/lib/plugins/plexus-component-annotations-1.5.5.jar
7f2532ad8000-7f2532adf000 r--s 0002e000 08:01 1852612                    /home/cynh/.gradle/wrapper/dists/gradle-4.1-all/bzyivzo6n839fup2jbap0tjew/gradle-4.1/lib/plugins/plexus-container-default-1.5.5.jar
7f2532adf000-7f2532ae1000 r--s 0000a000 08:01 1852613                    /home/cynh/.gradle/wrapper/dists/gradle-4.1-all/bzyivzo6n839fup2jbap0tjew/gradle-4.1/lib/plugins/plexus-classworlds-2.4.jar
7f2532ae1000-7f2532ae3000 r--s 00002000 08:01 1852614                    /home/cynh/.gradle/wrapper/dists/gradle-4.1-all/bzyivzo6n839fup2jbap0tjew/gradle-4.1/lib/plugins/plexus-cipher-1.7.jar
7f2532ae3000-7f2532ae4000 r--s 00006000 08:01 1852615                    /home/cynh/.gradle/wrapper/dists/gradle-4.1-all/bzyivzo6n839fup2jbap0tjew/gradle-4.1/lib/plugins/plexus-sec-dispatcher-1.3.jar
7f2532ae4000-7f2532aea000 r--s 0003f000 08:01 1852616                    /home/cynh/.gradle/wrapper/dists/gradle-4.1-all/bzyivzo6n839fup2jbap0tjew/gradle-4.1/lib/plugins/maven-compat-3.0.4.jar
7f2532aea000-7f2532aee000 r--s 00021000 08:01 1852617                    /home/cynh/.gradle/wrapper/dists/gradle-4.1-all/bzyivzo6n839fup2jbap0tjew/gradle-4.1/lib/plugins/maven-model-builder-3.0.4.jar
7f2532aee000-7f2532af0000 r--s 00026000 08:01 1852618                    /home/cynh/.gradle/wrapper/dists/gradle-4.1-all/bzyivzo6n839fup2jbap0tjew/gradle-4.1/lib/plugins/maven-model-3.0.4.jar
7f2532af0000-7f2532af2000 r--s 0000b000 08:01 1852619                    /home/cynh/.gradle/wrapper/dists/gradle-4.1-all/bzyivzo6n839fup2jbap0tjew/gradle-4.1/lib/plugins/maven-artifact-3.0.4.jar
7f2532af2000-7f2532af4000 r--s 00006000 08:01 1852620                    /home/cynh/.gradle/wrapper/dists/gradle-4.1-all/bzyivzo6n839fup2jbap0tjew/gradle-4.1/lib/plugins/maven-repository-metadata-3.0.4.jar
7f2532af4000-7f2532af6000 r--s 0000b000 08:01 1852621                    /home/cynh/.gradle/wrapper/dists/gradle-4.1-all/bzyivzo6n839fup2jbap0tjew/gradle-4.1/lib/plugins/maven-plugin-api-3.0.4.jar
7f2532af6000-7f2532af8000 r--s 0000c000 08:01 1852622                    /home/cynh/.gradle/wrapper/dists/gradle-4.1-all/bzyivzo6n839fup2jbap0tjew/gradle-4.1/lib/plugins/maven-aether-provider-3.0.4.jar
7f2532af8000-7f2532af9000 r--s 00002000 08:01 1852623                    /home/cynh/.gradle/wrapper/dists/gradle-4.1-all/bzyivzo6n839fup2jbap0tjew/gradle-4.1/lib/plugins/wagon-file-2.4.jar
7f2532af9000-7f2532afa000 r--s 00002000 08:01 1852624                    /home/cynh/.gradle/wrapper/dists/gradle-4.1-all/bzyivzo6n839fup2jbap0tjew/gradle-4.1/lib/plugins/wagon-http-2.4.jar
7f2532afa000-7f2532afc000 r--s 0000b000 08:01 1852625                    /home/cynh/.gradle/wrapper/dists/gradle-4.1-all/bzyivzo6n839fup2jbap0tjew/gradle-4.1/lib/plugins/wagon-provider-api-2.4.jar
7f2532afc000-7f2532afd000 r--s 00007000 08:01 1852626                    /home/cynh/.gradle/wrapper/dists/gradle-4.1-all/bzyivzo6n839fup2jbap0tjew/gradle-4.1/lib/plugins/wagon-http-shared4-2.4.jar
7f2532afd000-7f2532b00000 r--s 00013000 08:01 1852627                    /home/cynh/.gradle/wrapper/dists/gradle-4.1-all/bzyivzo6n839fup2jbap0tjew/gradle-4.1/lib/plugins/aether-api-1.13.1.jar
7f2532b00000-7f2532b03000 r--s 0001d000 08:01 1852628                    /home/cynh/.gradle/wrapper/dists/gradle-4.1-all/bzyivzo6n839fup2jbap0tjew/gradle-4.1/lib/plugins/aether-impl-1.13.1.jar
7f2532b03000-7f2532b07000 r--s 0001c000 08:01 1852630                    /home/cynh/.gradle/wrapper/dists/gradle-4.1-all/bzyivzo6n839fup2jbap0tjew/gradle-4.1/lib/plugins/aether-util-1.13.1.jar
7f2532b07000-7f2532b13000 r--s 0007d000 08:01 1852557                    /home/cynh/.gradle/wrapper/dists/gradle-4.1-all/bzyivzo6n839fup2jbap0tjew/gradle-4.1/lib/plugins/maven-core-3.0.4.jar
7f2532b13000-7f2532b18000 r--s 00034000 08:01 1852571                    /home/cynh/.gradle/wrapper/dists/gradle-4.1-all/bzyivzo6n839fup2jbap0tjew/gradle-4.1/lib/plugins/gson-2.7.jar
7f2532b18000-7f2532b3c000 r--s 0011a000 08:01 1852547                    /home/cynh/.gradle/wrapper/dists/gradle-4.1-all/bzyivzo6n839fup2jbap0tjew/gradle-4.1/lib/plugins/gradle-dependency-management-4.1.jar
7f2532b3c000-7f2532b52000 r-xp 00000000 08:01 1446812                    /lib/x86_64-linux-gnu/libgcc_s.so.1
7f2532b52000-7f2532d51000 ---p 00016000 08:01 1446812                    /lib/x86_64-linux-gnu/libgcc_s.so.1
7f2532d51000-7f2532d52000 r--p 00015000 08:01 1446812                    /lib/x86_64-linux-gnu/libgcc_s.so.1
7f2532d52000-7f2532d53000 rw-p 00016000 08:01 1446812                    /lib/x86_64-linux-gnu/libgcc_s.so.1
7f2532d53000-7f2532ecc000 r-xp 00000000 08:01 4991406                    /usr/lib/x86_64-linux-gnu/libstdc++.so.6.0.22
7f2532ecc000-7f25330cb000 ---p 00179000 08:01 4991406                    /usr/lib/x86_64-linux-gnu/libstdc++.so.6.0.22
7f25330cb000-7f25330d5000 r--p 00178000 08:01 4991406                    /usr/lib/x86_64-linux-gnu/libstdc++.so.6.0.22
7f25330d5000-7f25330d7000 rw-p 00182000 08:01 4991406                    /usr/lib/x86_64-linux-gnu/libstdc++.so.6.0.22
7f25330d7000-7f25330db000 rw-p 00000000 00:00 0 
7f25330db000-7f25330dc000 r--s 00003000 08:01 1852629                    /home/cynh/.gradle/wrapper/dists/gradle-4.1-all/bzyivzo6n839fup2jbap0tjew/gradle-4.1/lib/plugins/aether-spi-1.13.1.jar
7f25330dc000-7f25330de000 r--s 00006000 08:01 1852631                    /home/cynh/.gradle/wrapper/dists/gradle-4.1-all/bzyivzo6n839fup2jbap0tjew/gradle-4.1/lib/plugins/aether-connector-wagon-1.13.1.jar
7f25330de000-7f25330e3000 r--s 00040000 08:01 1852587                    /home/cynh/.gradle/wrapper/dists/gradle-4.1-all/bzyivzo6n839fup2jbap0tjew/gradle-4.1/lib/plugins/jsch-0.1.54.jar
7f25330e3000-7f25330f2000 r--s 000d9000 08:01 1852585                    /home/cynh/.gradle/wrapper/dists/gradle-4.1-all/bzyivzo6n839fup2jbap0tjew/gradle-4.1/lib/plugins/ivy-2.2.0.jar
7f25330f2000-7f25330f5000 r--s 0000d000 08:01 1852545                    /home/cynh/.gradle/wrapper/dists/gradle-4.1-all/bzyivzo6n839fup2jbap0tjew/gradle-4.1/lib/plugins/gradle-workers-4.1.jar
7f25330f5000-7f25330fa000 r-xp 00000000 08:01 1588013                    /home/cynh/.gradle/native/25/linux-amd64/libnative-platform.so
7f25330fa000-7f25332f9000 ---p 00005000 08:01 1588013                    /home/cynh/.gradle/native/25/linux-amd64/libnative-platform.so
7f25332f9000-7f25332fa000 rw-p 00004000 08:01 1588013                    /home/cynh/.gradle/native/25/linux-amd64/libnative-platform.so
7f25332fa000-7f253330b000 r-xp 00000000 08:01 1977767                    /opt/android-studio/jre/jre/lib/amd64/libnio.so
7f253330b000-7f253350a000 ---p 00011000 08:01 1977767                    /opt/android-studio/jre/jre/lib/amd64/libnio.so
7f253350a000-7f253350b000 r--p 00010000 08:01 1977767                    /opt/android-studio/jre/jre/lib/amd64/libnio.so
7f253350b000-7f253350c000 rw-p 00011000 08:01 1977767                    /opt/android-studio/jre/jre/lib/amd64/libnio.so
7f253350c000-7f2533522000 r-xp 00000000 08:01 1977765                    /opt/android-studio/jre/jre/lib/amd64/libnet.so
7f2533522000-7f2533722000 ---p 00016000 08:01 1977765                    /opt/android-studio/jre/jre/lib/amd64/libnet.so
7f2533722000-7f2533723000 r--p 00016000 08:01 1977765                    /opt/android-studio/jre/jre/lib/amd64/libnet.so
7f2533723000-7f2533724000 rw-p 00017000 08:01 1977765                    /opt/android-studio/jre/jre/lib/amd64/libnet.so
7f2533724000-7f2533725000 r--s 00006000 08:01 1852361                    /home/cynh/.gradle/wrapper/dists/gradle-4.1-all/bzyivzo6n839fup2jbap0tjew/gradle-4.1/lib/gradle-wrapper-4.1.jar
7f2533725000-7f2533732000 r--s 00043000 08:01 1852359                    /home/cynh/.gradle/wrapper/dists/gradle-4.1-all/bzyivzo6n839fup2jbap0tjew/gradle-4.1/lib/gradle-tooling-api-4.1.jar
7f2533732000-7f2533741000 r--s 000c8000 08:01 1852353                    /home/cynh/.gradle/wrapper/dists/gradle-4.1-all/bzyivzo6n839fup2jbap0tjew/gradle-4.1/lib/kotlin-stdlib-1.1.3-2.jar
7f2533741000-7f2533773000 r--s 0021b000 08:01 1852351                    /home/cynh/.gradle/wrapper/dists/gradle-4.1-all/bzyivzo6n839fup2jbap0tjew/gradle-4.1/lib/kotlin-reflect-1.1.3-2.jar
7f2533773000-7f253392a000 r--s 01786000 08:01 1852349                    /home/cynh/.gradle/wrapper/dists/gradle-4.1-all/bzyivzo6n839fup2jbap0tjew/gradle-4.1/lib/kotlin-compiler-embeddable-1.1.3-2.jar
7f253392a000-7f253392b000 r--s 00000000 08:01 1852347                    /home/cynh/.gradle/wrapper/dists/gradle-4.1-all/bzyivzo6n839fup2jbap0tjew/gradle-4.1/lib/gradle-kotlin-dsl-tooling-models-0.10.3.jar
7f253392b000-7f253392c000 r--s 00001000 08:01 1852343                    /home/cynh/.gradle/wrapper/dists/gradle-4.1-all/bzyivzo6n839fup2jbap0tjew/gradle-4.1/lib/gradle-kotlin-dsl-compiler-plugin-0.10.3.jar
7f253392c000-7f253392e000 r--s 00003000 08:01 1852339                    /home/cynh/.gradle/wrapper/dists/gradle-4.1-all/bzyivzo6n839fup2jbap0tjew/gradle-4.1/lib/annotations-13.0.jar
7f253392e000-7f2533938000 r--s 00073000 08:01 1852341                    /home/cynh/.gradle/wrapper/dists/gradle-4.1-all/bzyivzo6n839fup2jbap0tjew/gradle-4.1/lib/gradle-kotlin-dsl-0.10.3.jar
7f2533938000-7f253393d000 r--s 00013000 08:01 1852373                    /home/cynh/.gradle/wrapper/dists/gradle-4.1-all/bzyivzo6n839fup2jbap0tjew/gradle-4.1/lib/gradle-resources-4.1.jar
7f253393d000-7f253393f000 r--s 00005000 08:01 1852387                    /home/cynh/.gradle/wrapper/dists/gradle-4.1-all/bzyivzo6n839fup2jbap0tjew/gradle-4.1/lib/gradle-cli-4.1.jar
7f253393f000-7f2533941000 r--s 00003000 08:01 1852401                    /home/cynh/.gradle/wrapper/dists/gradle-4.1-all/bzyivzo6n839fup2jbap0tjew/gradle-4.1/lib/jcl-over-slf4j-1.7.10.jar
7f2533941000-7f2533942000 r--s 00005000 08:01 1852399                    /home/cynh/.gradle/wrapper/dists/gradle-4.1-all/bzyivzo6n839fup2jbap0tjew/gradle-4.1/lib/log4j-over-slf4j-1.7.10.jar
7f2533942000-7f2533944000 r--s 00000000 08:01 1852397                    /home/cynh/.gradle/wrapper/dists/gradle-4.1-all/bzyivzo6n839fup2jbap0tjew/gradle-4.1/lib/jul-to-slf4j-1.7.10.jar
7f2533944000-7f253394b000 r--s 0002c000 08:01 1852369                    /home/cynh/.gradle/wrapper/dists/gradle-4.1-all/bzyivzo6n839fup2jbap0tjew/gradle-4.1/lib/gradle-logging-4.1.jar
7f253394b000-7f253395b000 r--s 00082000 08:01 1852379                    /home/cynh/.gradle/wrapper/dists/gradle-4.1-all/bzyivzo6n839fup2jbap0tjew/gradle-4.1/lib/gradle-model-core-4.1.jar
7f253395b000-7f253395d000 r--s 00006000 08:01 1852381                    /home/cynh/.gradle/wrapper/dists/gradle-4.1-all/bzyivzo6n839fup2jbap0tjew/gradle-4.1/lib/gradle-base-services-groovy-4.1.jar
7f253395d000-7f253395f000 r--s 00007000 08:01 1852377                    /home/cynh/.gradle/wrapper/dists/gradle-4.1-all/bzyivzo6n839fup2jbap0tjew/gradle-4.1/lib/gradle-model-groovy-4.1.jar
7f253395f000-7f2533960000 r--s 00002000 08:01 1852423                    /home/cynh/.gradle/wrapper/dists/gradle-4.1-all/bzyivzo6n839fup2jbap0tjew/gradle-4.1/lib/gradle-docs-4.1.jar
7f2533960000-7f253396d000 r--s 00083000 08:01 1852419                    /home/cynh/.gradle/wrapper/dists/gradle-4.1-all/bzyivzo6n839fup2jbap0tjew/gradle-4.1/lib/commons-collections-3.2.2.jar
7f253396d000-7f253396e000 r--s 00000000 08:01 1852417                    /home/cynh/.gradle/wrapper/dists/gradle-4.1-all/bzyivzo6n839fup2jbap0tjew/gradle-4.1/lib/javax.inject-1.jar
7f253396e000-7f25339de000 r--s 00645000 08:01 1852413                    /home/cynh/.gradle/wrapper/dists/gradle-4.1-all/bzyivzo6n839fup2jbap0tjew/gradle-4.1/lib/groovy-all-2.4.11.jar
7f25339de000-7f25339e1000 r--s 00023000 08:01 1852425                    /home/cynh/.gradle/wrapper/dists/gradle-4.1-all/bzyivzo6n839fup2jbap0tjew/gradle-4.1/lib/jansi-1.14.jar
7f25339e1000-7f25339e2000 r--s 00004000 08:01 1852429                    /home/cynh/.gradle/wrapper/dists/gradle-4.1-all/bzyivzo6n839fup2jbap0tjew/gradle-4.1/lib/native-platform-freebsd-amd64-libcpp-0.14.jar
7f25339e2000-7f25339e3000 r--s 00004000 08:01 1852431                    /home/cynh/.gradle/wrapper/dists/gradle-4.1-all/bzyivzo6n839fup2jbap0tjew/gradle-4.1/lib/native-platform-freebsd-amd64-libstdcpp-0.14.jar
7f25339e3000-7f25339e4000 r--s 00004000 08:01 1852433                    /home/cynh/.gradle/wrapper/dists/gradle-4.1-all/bzyivzo6n839fup2jbap0tjew/gradle-4.1/lib/native-platform-freebsd-i386-libcpp-0.14.jar
7f25339e4000-7f25339e5000 r--s 00003000 08:01 1852435                    /home/cynh/.gradle/wrapper/dists/gradle-4.1-all/bzyivzo6n839fup2jbap0tjew/gradle-4.1/lib/native-platform-freebsd-i386-libstdcpp-0.14.jar
7f25339e5000-7f25339e6000 r--s 00002000 08:01 1852437                    /home/cynh/.gradle/wrapper/dists/gradle-4.1-all/bzyivzo6n839fup2jbap0tjew/gradle-4.1/lib/native-platform-linux-amd64-0.14.jar
7f25339e6000-7f25339e7000 r--s 00002000 08:01 1852439                    /home/cynh/.gradle/wrapper/dists/gradle-4.1-all/bzyivzo6n839fup2jbap0tjew/gradle-4.1/lib/native-platform-linux-i386-0.14.jar
7f25339e7000-7f25339e9000 r--s 00002000 08:01 1852441                    /home/cynh/.gradle/wrapper/dists/gradle-4.1-all/bzyivzo6n839fup2jbap0tjew/gradle-4.1/lib/native-platform-osx-amd64-0.14.jar
7f25339e9000-7f25339ea000 r--s 00003000 08:01 1852443                    /home/cynh/.gradle/wrapper/dists/gradle-4.1-all/bzyivzo6n839fup2jbap0tjew/gradle-4.1/lib/native-platform-osx-i386-0.14.jar
7f25339ea000-7f25339ec000 r--s 0000b000 08:01 1852445                    /home/cynh/.gradle/wrapper/dists/gradle-4.1-all/bzyivzo6n839fup2jbap0tjew/gradle-4.1/lib/native-platform-windows-amd64-0.14.jar
7f25339ec000-7f25339ed000 r--s 0000b000 08:01 1852447                    /home/cynh/.gradle/wrapper/dists/gradle-4.1-all/bzyivzo6n839fup2jbap0tjew/gradle-4.1/lib/native-platform-windows-i386-0.14.jar
7f25339ed000-7f25339ee000 r--s 00001000 08:01 1852449                    /home/cynh/.gradle/wrapper/dists/gradle-4.1-all/bzyivzo6n839fup2jbap0tjew/gradle-4.1/lib/native-platform-linux-amd64-ncurses5-0.14.jar
7f25339ee000-7f25339ef000 r--s 00001000 08:01 1852451                    /home/cynh/.gradle/wrapper/dists/gradle-4.1-all/bzyivzo6n839fup2jbap0tjew/gradle-4.1/lib/native-platform-linux-amd64-ncurses6-0.14.jar
7f25339ef000-7f25339f3000 r--s 00012000 08:01 1852421                    /home/cynh/.gradle/wrapper/dists/gradle-4.1-all/bzyivzo6n839fup2jbap0tjew/gradle-4.1/lib/native-platform-0.14.jar
7f25339f3000-7f25339f6000 r--s 0000c000 08:01 1852375                    /home/cynh/.gradle/wrapper/dists/gradle-4.1-all/bzyivzo6n839fup2jbap0tjew/gradle-4.1/lib/gradle-native-4.1.jar
7f25339f6000-7f25339f8000 r--s 0000f000 08:01 1852391                    /home/cynh/.gradle/wrapper/dists/gradle-4.1-all/bzyivzo6n839fup2jbap0tjew/gradle-4.1/lib/reflectasm-1.07-shaded.jar
7f25339f8000-7f25339fa000 r--s 00000000 08:01 1852457                    /home/cynh/.gradle/wrapper/dists/gradle-4.1-all/bzyivzo6n839fup2jbap0tjew/gradle-4.1/lib/minlog-1.2.jar
7f25339fa000-7f2533a22000 r--s 001cf000 08:01 1852405                    /home/cynh/.gradle/wrapper/dists/gradle-4.1-all/bzyivzo6n839fup2jbap0tjew/gradle-4.1/lib/guava-jdk5-17.0.jar
7f2533a22000-7f2533a23000 ---p 00000000 00:00 0 
7f2533a23000-7f2533b23000 rw-p 00000000 00:00 0 
7f2533b23000-7f2533b26000 ---p 00000000 00:00 0 
7f2533b26000-7f2533c24000 rw-p 00000000 00:00 0 
7f2533c24000-7f2533c27000 ---p 00000000 00:00 0 
7f2533c27000-7f2533d25000 rw-p 00000000 00:00 0 
7f2533d25000-7f2534000000 r--p 00000000 08:01 4990966                    /usr/lib/locale/locale-archive
7f2534000000-7f25343c4000 rw-p 00000000 00:00 0 
7f25343c4000-7f2538000000 ---p 00000000 00:00 0 
7f2538000000-7f2538002000 r--s 00007000 08:01 1852459                    /home/cynh/.gradle/wrapper/dists/gradle-4.1-all/bzyivzo6n839fup2jbap0tjew/gradle-4.1/lib/objenesis-1.2.jar
7f2538002000-7f2538006000 r--s 00026000 08:01 1852389                    /home/cynh/.gradle/wrapper/dists/gradle-4.1-all/bzyivzo6n839fup2jbap0tjew/gradle-4.1/lib/kryo-2.20.jar
7f2538006000-7f253800c000 r--s 0002b000 08:01 1852383                    /home/cynh/.gradle/wrapper/dists/gradle-4.1-all/bzyivzo6n839fup2jbap0tjew/gradle-4.1/lib/gradle-messaging-4.1.jar
7f253800c000-7f253802b000 r--s 001d1000 08:01 1852415                    /home/cynh/.gradle/wrapper/dists/gradle-4.1-all/bzyivzo6n839fup2jbap0tjew/gradle-4.1/lib/ant-1.9.6.jar
7f253802b000-7f253802e000 ---p 00000000 00:00 0 
7f253802e000-7f253812c000 rw-p 00000000 00:00 0 
7f253812c000-7f253812f000 ---p 00000000 00:00 0 
7f253812f000-7f253822d000 rw-p 00000000 00:00 0 
7f253822d000-7f2538230000 ---p 00000000 00:00 0 
7f2538230000-7f253832e000 rw-p 00000000 00:00 0 
7f253832e000-7f2538331000 ---p 00000000 00:00 0 
7f2538331000-7f253842f000 rw-p 00000000 00:00 0 
7f253842f000-7f25385ff000 r--s 03c46000 08:01 1977713                    /opt/android-studio/jre/jre/lib/rt.jar
7f25385ff000-7f2538dff000 rw-p 00000000 00:00 0 
7f2538dff000-7f2538e25000 rw-p 00000000 00:00 0 
7f2538e25000-7f2539000000 ---p 00000000 00:00 0 
7f2539000000-7f253a2e0000 rwxp 00000000 00:00 0 
7f253a2e0000-7f2548000000 ---p 00000000 00:00 0 
7f2548000000-7f2548c91000 rw-p 00000000 00:00 0 
7f2548c91000-7f254c000000 ---p 00000000 00:00 0 
7f254c000000-7f254c001000 r--s 00001000 08:01 1852453                    /home/cynh/.gradle/wrapper/dists/gradle-4.1-all/bzyivzo6n839fup2jbap0tjew/gradle-4.1/lib/native-platform-linux-i386-ncurses5-0.14.jar
7f254c001000-7f254c003000 r--s 00006000 08:01 1852371                    /home/cynh/.gradle/wrapper/dists/gradle-4.1-all/bzyivzo6n839fup2jbap0tjew/gradle-4.1/lib/gradle-process-services-4.1.jar
7f254c003000-7f254c008000 r--s 00041000 08:01 1852409                    /home/cynh/.gradle/wrapper/dists/gradle-4.1-all/bzyivzo6n839fup2jbap0tjew/gradle-4.1/lib/commons-lang-2.6.jar
7f254c008000-7f254c00b000 r--s 00006000 08:01 1852407                    /home/cynh/.gradle/wrapper/dists/gradle-4.1-all/bzyivzo6n839fup2jbap0tjew/gradle-4.1/lib/jsr305-1.3.9.jar
7f254c00b000-7f254c00f000 r--s 00027000 08:01 1852395                    /home/cynh/.gradle/wrapper/dists/gradle-4.1-all/bzyivzo6n839fup2jbap0tjew/gradle-4.1/lib/commons-io-2.2.jar
7f254c00f000-7f254c017000 r--s 000bd000 08:01 1852393                    /home/cynh/.gradle/wrapper/dists/gradle-4.1-all/bzyivzo6n839fup2jbap0tjew/gradle-4.1/lib/asm-debug-all-6.0_ALPHA.jar
7f254c017000-7f254c061000 r--s 00253000 08:01 1852365                    /home/cynh/.gradle/wrapper/dists/gradle-4.1-all/bzyivzo6n839fup2jbap0tjew/gradle-4.1/lib/gradle-core-4.1.jar
7f254c061000-7f254c062000 ---p 00000000 00:00 0 
7f254c062000-7f254c1e9000 rw-p 00000000 00:00 0 
7f254c1e9000-7f254c2d8000 ---p 00000000 00:00 0 
7f254c2d8000-7f254c2fe000 rw-p 00000000 00:00 0 
7f254c2fe000-7f254c4d8000 ---p 00000000 00:00 0 
7f254c4d8000-7f254c525000 rw-p 00000000 00:00 0 
7f254c525000-7f254c899000 ---p 00000000 00:00 0 
7f254c899000-7f254c8b3000 r-xp 00000000 08:01 1977752                    /opt/android-studio/jre/jre/lib/amd64/libzip.so
7f254c8b3000-7f254cab3000 ---p 0001a000 08:01 1977752                    /opt/android-studio/jre/jre/lib/amd64/libzip.so
7f254cab3000-7f254cab4000 r--p 0001a000 08:01 1977752                    /opt/android-studio/jre/jre/lib/amd64/libzip.so
7f254cab4000-7f254cab5000 rw-p 0001b000 08:01 1977752                    /opt/android-studio/jre/jre/lib/amd64/libzip.so
7f254cab5000-7f254cac0000 r-xp 00000000 08:01 1452947                    /lib/x86_64-linux-gnu/libnss_files-2.24.so
7f254cac0000-7f254ccbf000 ---p 0000b000 08:01 1452947                    /lib/x86_64-linux-gnu/libnss_files-2.24.so
7f254ccbf000-7f254ccc0000 r--p 0000a000 08:01 1452947                    /lib/x86_64-linux-gnu/libnss_files-2.24.so
7f254ccc0000-7f254ccc1000 rw-p 0000b000 08:01 1452947                    /lib/x86_64-linux-gnu/libnss_files-2.24.so
7f254ccc1000-7f254ccc7000 rw-p 00000000 00:00 0 
7f254ccc7000-7f254ccd2000 r-xp 00000000 08:01 1452949                    /lib/x86_64-linux-gnu/libnss_nis-2.24.so
7f254ccd2000-7f254ced1000 ---p 0000b000 08:01 1452949                    /lib/x86_64-linux-gnu/libnss_nis-2.24.so
7f254ced1000-7f254ced2000 r--p 0000a000 08:01 1452949                    /lib/x86_64-linux-gnu/libnss_nis-2.24.so
7f254ced2000-7f254ced3000 rw-p 0000b000 08:01 1452949                    /lib/x86_64-linux-gnu/libnss_nis-2.24.so
7f254ced3000-7f254cee9000 r-xp 00000000 08:01 1452599                    /lib/x86_64-linux-gnu/libnsl-2.24.so
7f254cee9000-7f254d0e8000 ---p 00016000 08:01 1452599                    /lib/x86_64-linux-gnu/libnsl-2.24.so
7f254d0e8000-7f254d0e9000 r--p 00015000 08:01 1452599                    /lib/x86_64-linux-gnu/libnsl-2.24.so
7f254d0e9000-7f254d0ea000 rw-p 00016000 08:01 1452599                    /lib/x86_64-linux-gnu/libnsl-2.24.so
7f254d0ea000-7f254d0ec000 rw-p 00000000 00:00 0 
7f254d0ec000-7f254d0f4000 r-xp 00000000 08:01 1452600                    /lib/x86_64-linux-gnu/libnss_compat-2.24.so
7f254d0f4000-7f254d2f3000 ---p 00008000 08:01 1452600                    /lib/x86_64-linux-gnu/libnss_compat-2.24.so
7f254d2f3000-7f254d2f4000 r--p 00007000 08:01 1452600                    /lib/x86_64-linux-gnu/libnss_compat-2.24.so
7f254d2f4000-7f254d2f5000 rw-p 00008000 08:01 1452600                    /lib/x86_64-linux-gnu/libnss_compat-2.24.so
7f254d2f5000-7f254d322000 r-xp 00000000 08:01 1977738                    /opt/android-studio/jre/jre/lib/amd64/libjava.so
7f254d322000-7f254d521000 ---p 0002d000 08:01 1977738                    /opt/android-studio/jre/jre/lib/amd64/libjava.so
7f254d521000-7f254d522000 r--p 0002c000 08:01 1977738                    /opt/android-studio/jre/jre/lib/amd64/libjava.so
7f254d522000-7f254d524000 rw-p 0002d000 08:01 1977738                    /opt/android-studio/jre/jre/lib/amd64/libjava.so
7f254d524000-7f254d534000 r-xp 00000000 08:01 1977764                    /opt/android-studio/jre/jre/lib/amd64/libverify.so
7f254d534000-7f254d733000 ---p 00010000 08:01 1977764                    /opt/android-studio/jre/jre/lib/amd64/libverify.so
7f254d733000-7f254d735000 r--p 0000f000 08:01 1977764                    /opt/android-studio/jre/jre/lib/amd64/libverify.so
7f254d735000-7f254d736000 rw-p 00011000 08:01 1977764                    /opt/android-studio/jre/jre/lib/amd64/libverify.so
7f254d736000-7f254d73d000 r-xp 00000000 08:01 1452954                    /lib/x86_64-linux-gnu/librt-2.24.so
7f254d73d000-7f254d93c000 ---p 00007000 08:01 1452954                    /lib/x86_64-linux-gnu/librt-2.24.so
7f254d93c000-7f254d93d000 r--p 00006000 08:01 1452954                    /lib/x86_64-linux-gnu/librt-2.24.so
7f254d93d000-7f254d93e000 rw-p 00007000 08:01 1452954                    /lib/x86_64-linux-gnu/librt-2.24.so
7f254d93e000-7f254da46000 r-xp 00000000 08:01 1447033                    /lib/x86_64-linux-gnu/libm-2.24.so
7f254da46000-7f254dc45000 ---p 00108000 08:01 1447033                    /lib/x86_64-linux-gnu/libm-2.24.so
7f254dc45000-7f254dc46000 r--p 00107000 08:01 1447033                    /lib/x86_64-linux-gnu/libm-2.24.so
7f254dc46000-7f254dc47000 rw-p 00108000 08:01 1447033                    /lib/x86_64-linux-gnu/libm-2.24.so
7f254dc47000-7f254e83f000 r-xp 00000000 08:01 2109368                    /opt/android-studio/jre/jre/lib/amd64/server/libjvm.so
7f254e83f000-7f254ea3f000 ---p 00bf8000 08:01 2109368                    /opt/android-studio/jre/jre/lib/amd64/server/libjvm.so
7f254ea3f000-7f254eade000 r--p 00bf8000 08:01 2109368                    /opt/android-studio/jre/jre/lib/amd64/server/libjvm.so
7f254eade000-7f254eb07000 rw-p 00c97000 08:01 2109368                    /opt/android-studio/jre/jre/lib/amd64/server/libjvm.so
7f254eb07000-7f254eb4b000 rw-p 00000000 00:00 0 
7f254eb4b000-7f254eb63000 r-xp 00000000 08:01 1452952                    /lib/x86_64-linux-gnu/libpthread-2.24.so
7f254eb63000-7f254ed63000 ---p 00018000 08:01 1452952                    /lib/x86_64-linux-gnu/libpthread-2.24.so
7f254ed63000-7f254ed64000 r--p 00018000 08:01 1452952                    /lib/x86_64-linux-gnu/libpthread-2.24.so
7f254ed64000-7f254ed65000 rw-p 00019000 08:01 1452952                    /lib/x86_64-linux-gnu/libpthread-2.24.so
7f254ed65000-7f254ed69000 rw-p 00000000 00:00 0 
7f254ed69000-7f254ed6c000 r-xp 00000000 08:01 1447032                    /lib/x86_64-linux-gnu/libdl-2.24.so
7f254ed6c000-7f254ef6b000 ---p 00003000 08:01 1447032                    /lib/x86_64-linux-gnu/libdl-2.24.so
7f254ef6b000-7f254ef6c000 r--p 00002000 08:01 1447032                    /lib/x86_64-linux-gnu/libdl-2.24.so
7f254ef6c000-7f254ef6d000 rw-p 00003000 08:01 1447032                    /lib/x86_64-linux-gnu/libdl-2.24.so
7f254ef6d000-7f254f12b000 r-xp 00000000 08:01 1447029                    /lib/x86_64-linux-gnu/libc-2.24.so
7f254f12b000-7f254f32a000 ---p 001be000 08:01 1447029                    /lib/x86_64-linux-gnu/libc-2.24.so
7f254f32a000-7f254f32e000 r--p 001bd000 08:01 1447029                    /lib/x86_64-linux-gnu/libc-2.24.so
7f254f32e000-7f254f330000 rw-p 001c1000 08:01 1447029                    /lib/x86_64-linux-gnu/libc-2.24.so
7f254f330000-7f254f334000 rw-p 00000000 00:00 0 
7f254f334000-7f254f34a000 r-xp 00000000 08:01 1977677                    /opt/android-studio/jre/lib/amd64/jli/libjli.so
7f254f34a000-7f254f549000 ---p 00016000 08:01 1977677                    /opt/android-studio/jre/lib/amd64/jli/libjli.so
7f254f549000-7f254f54a000 r--p 00015000 08:01 1977677                    /opt/android-studio/jre/lib/amd64/jli/libjli.so
7f254f54a000-7f254f54b000 rw-p 00016000 08:01 1977677                    /opt/android-studio/jre/lib/amd64/jli/libjli.so
7f254f54b000-7f254f571000 r-xp 00000000 08:01 1447025                    /lib/x86_64-linux-gnu/ld-2.24.so
7f254f571000-7f254f573000 r--s 00000000 08:01 1852367                    /home/cynh/.gradle/wrapper/dists/gradle-4.1-all/bzyivzo6n839fup2jbap0tjew/gradle-4.1/lib/gradle-jvm-services-4.1.jar
7f254f573000-7f254f57f000 r--s 00053000 08:01 1852385                    /home/cynh/.gradle/wrapper/dists/gradle-4.1-all/bzyivzo6n839fup2jbap0tjew/gradle-4.1/lib/gradle-base-services-4.1.jar
7f254f57f000-7f254f650000 rw-p 00000000 00:00 0 
7f254f650000-7f254f653000 ---p 00000000 00:00 0 
7f254f653000-7f254f753000 rw-p 00000000 00:00 0 
7f254f753000-7f254f754000 r--s 00001000 08:01 1852455                    /home/cynh/.gradle/wrapper/dists/gradle-4.1-all/bzyivzo6n839fup2jbap0tjew/gradle-4.1/lib/native-platform-linux-i386-ncurses6-0.14.jar
7f254f754000-7f254f755000 r--s 00000000 08:01 1852411                    /home/cynh/.gradle/wrapper/dists/gradle-4.1-all/bzyivzo6n839fup2jbap0tjew/gradle-4.1/lib/jcip-annotations-1.0.jar
7f254f755000-7f254f756000 r--s 00007000 08:01 1852403                    /home/cynh/.gradle/wrapper/dists/gradle-4.1-all/bzyivzo6n839fup2jbap0tjew/gradle-4.1/lib/slf4j-api-1.7.10.jar
7f254f756000-7f254f757000 r--s 00004000 08:01 1852427                    /home/cynh/.gradle/wrapper/dists/gradle-4.1-all/bzyivzo6n839fup2jbap0tjew/gradle-4.1/lib/ant-launcher-1.9.6.jar
7f254f757000-7f254f763000 r--s 0005c000 08:01 1852355                    /home/cynh/.gradle/wrapper/dists/gradle-4.1-all/bzyivzo6n839fup2jbap0tjew/gradle-4.1/lib/gradle-launcher-4.1.jar
7f254f763000-7f254f76b000 rw-s 00000000 08:01 2111437                    /tmp/hsperfdata_cynh/44077
7f254f76b000-7f254f76c000 rw-p 00000000 00:00 0 
7f254f76c000-7f254f76d000 ---p 00000000 00:00 0 
7f254f76d000-7f254f770000 rw-p 00000000 00:00 0 
7f254f770000-7f254f771000 r--p 00025000 08:01 1447025                    /lib/x86_64-linux-gnu/ld-2.24.so
7f254f771000-7f254f772000 rw-p 00026000 08:01 1447025                    /lib/x86_64-linux-gnu/ld-2.24.so
7f254f772000-7f254f773000 rw-p 00000000 00:00 0 
7ffc97a5b000-7ffc97a7c000 rw-p 00000000 00:00 0                          [stack]
7ffc97ae6000-7ffc97ae8000 r--p 00000000 00:00 0                          [vvar]
7ffc97ae8000-7ffc97aea000 r-xp 00000000 00:00 0                          [vdso]
ffffffffff600000-ffffffffff601000 r-xp 00000000 00:00 0                  [vsyscall]

VM Arguments:
jvm_args: -Xmx1536m -Dfile.encoding=UTF-8 -Duser.country=US -Duser.language=en -Duser.variant 
java_command: org.gradle.launcher.daemon.bootstrap.GradleDaemon 4.1
java_class_path (initial): /home/cynh/.gradle/wrapper/dists/gradle-4.1-all/bzyivzo6n839fup2jbap0tjew/gradle-4.1/lib/gradle-launcher-4.1.jar
Launcher Type: SUN_STANDARD

Environment Variables:
PATH=/usr/local/sbin:/usr/local/bin:/usr/sbin:/usr/bin:/sbin:/bin:/usr/games:/usr/local/games:/snap/bin
LD_LIBRARY_PATH=/opt/android-studio/bin:
SHELL=/bin/bash
DISPLAY=:0

Signal Handlers:
SIGSEGV: [libjvm.so+0x9ebc60], sa_mask[0]=11111111011111111101111111111110, sa_flags=SA_RESTART|SA_SIGINFO
SIGBUS: [libjvm.so+0x9ebc60], sa_mask[0]=11111111011111111101111111111110, sa_flags=SA_RESTART|SA_SIGINFO
SIGFPE: [libjvm.so+0x84cf60], sa_mask[0]=11111111011111111101111111111110, sa_flags=SA_RESTART|SA_SIGINFO
SIGPIPE: [libjvm.so+0x84cf60], sa_mask[0]=11111111011111111101111111111110, sa_flags=SA_RESTART|SA_SIGINFO
SIGXFSZ: [libjvm.so+0x84cf60], sa_mask[0]=11111111011111111101111111111110, sa_flags=SA_RESTART|SA_SIGINFO
SIGILL: [libjvm.so+0x84cf60], sa_mask[0]=11111111011111111101111111111110, sa_flags=SA_RESTART|SA_SIGINFO
SIGUSR1: SIG_DFL, sa_mask[0]=00000000000000000000000000000000, sa_flags=none
SIGUSR2: [libjvm.so+0x84ce30], sa_mask[0]=00100000000000000000000000000000, sa_flags=SA_RESTART|SA_SIGINFO
SIGHUP: SIG_IGN, sa_mask[0]=00000000000000000000000000000000, sa_flags=none
SIGINT: [libjvm.so+0x84d020], sa_mask[0]=11111111011111111101111111111110, sa_flags=SA_RESTART|SA_SIGINFO
SIGTERM: [libjvm.so+0x84d020], sa_mask[0]=11111111011111111101111111111110, sa_flags=SA_RESTART|SA_SIGINFO
SIGQUIT: [libjvm.so+0x84d020], sa_mask[0]=11111111011111111101111111111110, sa_flags=SA_RESTART|SA_SIGINFO


---------------  S Y S T E M  ---------------

OS:DISTRIB_ID=Ubuntu
DISTRIB_RELEASE=17.04
DISTRIB_CODENAME=zesty
DISTRIB_DESCRIPTION="Ubuntu 17.04"

uname:Linux 4.10.0-38-generic #42-Ubuntu SMP Tue Oct 10 13:24:27 UTC 2017 x86_64
libc:glibc 2.24 NPTL 2.24 
rlimit: STACK 8192k, CORE 0k, NPROC 7739, NOFILE 4096, AS infinity
load average:2.39 3.22 4.25

/proc/meminfo:
MemTotal:        2027028 kB
MemFree:           65964 kB
MemAvailable:      12528 kB
Buffers:             300 kB
Cached:            11572 kB
SwapCached:          884 kB
Active:          1065104 kB
Inactive:         360028 kB
Active(anon):    1061848 kB
Inactive(anon):   354432 kB
Active(file):       3256 kB
Inactive(file):     5596 kB
Unevictable:          48 kB
Mlocked:              48 kB
SwapTotal:       2097148 kB
SwapFree:              0 kB
Dirty:                84 kB
Writeback:            32 kB
AnonPages:       1412684 kB
Mapped:             9700 kB
Shmem:              2976 kB
Slab:              95124 kB
SReclaimable:      34764 kB
SUnreclaim:        60360 kB
KernelStack:       13120 kB
PageTables:        43384 kB
NFS_Unstable:          0 kB
Bounce:                0 kB
WritebackTmp:          0 kB
CommitLimit:     3110660 kB
Committed_AS:    7187764 kB
VmallocTotal:   34359738367 kB
VmallocUsed:           0 kB
VmallocChunk:          0 kB
HardwareCorrupted:     0 kB
AnonHugePages:    172032 kB
ShmemHugePages:        0 kB
ShmemPmdMapped:        0 kB
CmaTotal:              0 kB
CmaFree:               0 kB
HugePages_Total:       0
HugePages_Free:        0
HugePages_Rsvd:        0
HugePages_Surp:        0
Hugepagesize:       2048 kB
DirectMap4k:      348032 kB
DirectMap2M:     1748992 kB
DirectMap1G:           0 kB


CPU:total 1 (initial active 1) (1 cores per cpu, 1 threads per core) family 6 model 142 stepping 9, cmov, cx8, fxsr, mmx, sse, sse2, sse3, ssse3, sse4.1, sse4.2, popcnt, avx, avx2, aes, clmul, erms, 3dnowpref, lzcnt, tsc, tscinvbit, bmi1, bmi2, adx

/proc/cpuinfo:
processor	: 0
vendor_id	: GenuineIntel
cpu family	: 6
model		: 142
model name	: Intel(R) Core(TM) i5-7200U CPU @ 2.50GHz
stepping	: 9
microcode	: 0x3c
cpu MHz		: 2712.000
cache size	: 3072 KB
physical id	: 0
siblings	: 1
core id		: 0
cpu cores	: 1
apicid		: 0
initial apicid	: 0
fpu		: yes
fpu_exception	: yes
cpuid level	: 22
wp		: yes
flags		: fpu vme de pse tsc msr pae mce cx8 apic sep mtrr pge mca cmov pat pse36 clflush dts mmx fxsr sse sse2 ss syscall nx pdpe1gb rdtscp lm constant_tsc arch_perfmon pebs bts nopl xtopology tsc_reliable nonstop_tsc aperfmperf pni pclmulqdq ssse3 fma cx16 pcid sse4_1 sse4_2 x2apic movbe popcnt tsc_deadline_timer aes xsave avx f16c rdrand hypervisor lahf_lm abm 3dnowprefetch epb fsgsbase tsc_adjust bmi1 avx2 smep bmi2 invpcid rdseed adx smap xsaveopt dtherm ida arat pln pts hwp hwp_notify hwp_act_window hwp_epp
bugs		:
bogomips	: 5424.00
clflush size	: 64
cache_alignment	: 64
address sizes	: 42 bits physical, 48 bits virtual
power management:



Memory: 4k page, physical 2027028k(65840k free), swap 2097148k(0k free)

vm_info: OpenJDK 64-Bit Server VM (25.152-b01) for linux-amd64 JRE (1.8.0_152-release-915-b01), built by "builder" with gcc 4.8.4

time: Thu Nov 23 01:16:48 2017
elapsed time: 45 seconds (0d 0h 0m 45s)

