#
# There is insufficient memory for the Java Runtime Environment to continue.
# Native memory allocation (mmap) failed to map 48709632 bytes for committing reserved memory.
# Possible reasons:
#   The system is out of physical RAM or swap space
#   In 32 bit mode, the process size limit was hit
# Possible solutions:
#   Reduce memory load on the system
#   Increase physical memory or swap space
#   Check if swap backing store is full
#   Use 64 bit Java on a 64 bit OS
#   Decrease Java heap size (-Xmx/-Xms)
#   Decrease number of Java threads
#   Decrease Java thread stack sizes (-Xss)
#   Set larger code cache with -XX:ReservedCodeCacheSize=
# This output file may be truncated or incomplete.
#
#  Out of Memory Error (os_linux.cpp:2640), pid=43897, tid=0x00007f9fd6cc8700
#
# JRE version: OpenJDK Runtime Environment (8.0_152-b01) (build 1.8.0_152-release-915-b01)
# Java VM: OpenJDK 64-Bit Server VM (25.152-b01 mixed mode linux-amd64 compressed oops)
# Failed to write core dump. Core dumps have been disabled. To enable core dumping, try "ulimit -c unlimited" before starting Java again
#

---------------  T H R E A D  ---------------

Current thread (0x00007f9fe806e800):  VMThread [stack: 0x00007f9fd6bc8000,0x00007f9fd6cc9000] [id=43901]

Stack: [0x00007f9fd6bc8000,0x00007f9fd6cc9000],  sp=0x00007f9fd6cc7580,  free space=1021k
Native frames: (J=compiled Java code, j=interpreted, Vv=VM code, C=native code)
V  [libjvm.so+0x9eb15d]  VMError::report_and_die()+0x15d
V  [libjvm.so+0x4b8eaa]  report_vm_out_of_memory(char const*, int, unsigned long, VMErrorType, char const*)+0x8a
V  [libjvm.so+0x851370]  os::pd_commit_memory(char*, unsigned long, unsigned long, bool)+0xf0
V  [libjvm.so+0x84be8f]  os::commit_memory(char*, unsigned long, unsigned long, bool)+0x1f
V  [libjvm.so+0x9e7fd4]  VirtualSpace::expand_by(unsigned long, bool)+0x1b4
V  [libjvm.so+0x5a140e]  OneContigSpaceCardGeneration::grow_by(unsigned long)+0x1e
V  [libjvm.so+0x5a1745]  OneContigSpaceCardGeneration::expand(unsigned long, unsigned long)+0x85
V  [libjvm.so+0x592950]  GenCollectedHeap::do_collection(bool, bool, unsigned long, bool, int)+0x780
V  [libjvm.so+0x44c272]  GenCollectorPolicy::satisfy_failed_allocation(unsigned long, bool)+0xb2
V  [libjvm.so+0x9ec161]  VM_GenCollectForAllocation::doit()+0x81
V  [libjvm.so+0x9f1197]  VM_Operation::evaluate()+0x47
V  [libjvm.so+0x9efb78]  VMThread::evaluate_operation(VM_Operation*)+0x2c8
V  [libjvm.so+0x9efff9]  VMThread::loop()+0x219
V  [libjvm.so+0x9f0442]  VMThread::run()+0x72
V  [libjvm.so+0x84e792]  java_start(Thread*)+0xf2

VM_Operation (0x00007f9fb50550f0): GenCollectForAllocation, mode: safepoint, requested by thread 0x00007f9fc8851800


---------------  P R O C E S S  ---------------

Java Threads: ( => current thread )
  0x00007f9fc8851800 JavaThread "ForkJoinPool.commonPool-worker-1" daemon [_thread_blocked, id=43932, stack(0x00007f9fb4f56000,0x00007f9fb5057000)]
  0x00007f9fc901e800 JavaThread "Cache worker for task history cache (/home/cynh/workspace/Grosses_Tetes/Grosses_Tetes/.gradle/4.1/taskHistory)" [_thread_blocked, id=43929, stack(0x00007f9fb5257000,0x00007f9fb5358000)]
  0x00007f9fc8f03000 JavaThread "Cache worker for file content cache (/home/cynh/workspace/Grosses_Tetes/Grosses_Tetes/.gradle/4.1/fileContent)" [_thread_blocked, id=43928, stack(0x00007f9fb5358000,0x00007f9fb5459000)]
  0x00007f9fc83e6000 JavaThread "Memory manager" [_thread_blocked, id=43925, stack(0x00007f9fb626e000,0x00007f9fb636f000)]
  0x00007f9fc8869000 JavaThread "build operations" [_thread_blocked, id=43924, stack(0x00007f9fb6ab2000,0x00007f9fb6bb3000)]
  0x00007f9fc8291000 JavaThread "Cache worker for Artifact transforms cache (/home/cynh/.gradle/caches/transforms-1)" [_thread_blocked, id=43923, stack(0x00007f9fb6fb3000,0x00007f9fb70b4000)]
  0x00007f9fc81da800 JavaThread "Cache worker for file hash cache (/home/cynh/workspace/Grosses_Tetes/Grosses_Tetes/.gradle/4.1/fileHashes)" [_thread_blocked, id=43922, stack(0x00007f9fb7cff000,0x00007f9fb7e00000)]
  0x00007f9fc8135800 JavaThread "File lock request listener" [_thread_in_native, id=43921, stack(0x00007f9fd408a000,0x00007f9fd418b000)]
  0x00007f9fc8136800 JavaThread "Cache worker for file hash cache (/home/cynh/.gradle/caches/4.1/fileHashes)" [_thread_blocked, id=43920, stack(0x00007f9fd418b000,0x00007f9fd428c000)]
  0x00007f9fc8015000 JavaThread "Stdin handler" [_thread_blocked, id=43919, stack(0x00007f9fd448c000,0x00007f9fd458d000)]
  0x00007f9fc800e800 JavaThread "Asynchronous log dispatcher for DefaultDaemonConnection: socket connection from /127.0.0.1:40127 to /127.0.0.1:53710" [_thread_blocked, id=43918, stack(0x00007f9fd458d000,0x00007f9fd468e000)]
  0x00007f9fc412e000 JavaThread "Daemon worker" [_thread_blocked, id=43915, stack(0x00007f9fd468e000,0x00007f9fd478f000)]
  0x00007f9fc40da000 JavaThread "Cancel handler" [_thread_blocked, id=43914, stack(0x00007f9fd478f000,0x00007f9fd4890000)]
  0x00007f9fc40dc000 JavaThread "Handler for socket connection from /127.0.0.1:40127 to /127.0.0.1:53710" [_thread_in_native, id=43912, stack(0x00007f9fd4890000,0x00007f9fd4991000)]
  0x00007f9fbc037000 JavaThread "Daemon" [_thread_blocked, id=43911, stack(0x00007f9fd4991000,0x00007f9fd4a92000)]
  0x00007f9fe8c8d000 JavaThread "Daemon periodic checks" [_thread_blocked, id=43910, stack(0x00007f9fd4a92000,0x00007f9fd4b93000)]
  0x00007f9fe8c69800 JavaThread "Incoming local TCP Connector on port 40127" [_thread_in_native, id=43909, stack(0x00007f9fd4b9a000,0x00007f9fd4c9b000)]
  0x00007f9fe80bc800 JavaThread "Service Thread" daemon [_thread_blocked, id=43907, stack(0x00007f9fd62e7000,0x00007f9fd63e8000)]
  0x00007f9fe80b1800 JavaThread "C1 CompilerThread1" daemon [_thread_blocked, id=43906, stack(0x00007f9fd63e8000,0x00007f9fd64e9000)]
  0x00007f9fe80af800 JavaThread "C2 CompilerThread0" daemon [_thread_blocked, id=43905, stack(0x00007f9fd64e9000,0x00007f9fd65ea000)]
  0x00007f9fe80ae000 JavaThread "Signal Dispatcher" daemon [_thread_blocked, id=43904, stack(0x00007f9fd65ea000,0x00007f9fd66eb000)]
  0x00007f9fe807b000 JavaThread "Finalizer" daemon [_thread_blocked, id=43903, stack(0x00007f9fd69c6000,0x00007f9fd6ac7000)]
  0x00007f9fe8076800 JavaThread "Reference Handler" daemon [_thread_blocked, id=43902, stack(0x00007f9fd6ac7000,0x00007f9fd6bc8000)]
  0x00007f9fe800a800 JavaThread "main" [_thread_blocked, id=43900, stack(0x00007f9fede0c000,0x00007f9fedf0d000)]

Other Threads:
=>0x00007f9fe806e800 VMThread [stack: 0x00007f9fd6bc8000,0x00007f9fd6cc9000] [id=43901]
  0x00007f9fe80bf800 WatcherThread [stack: 0x00007f9fd61e6000,0x00007f9fd62e7000] [id=43908]

VM state:at safepoint (normal execution)

VM Mutex/Monitor currently owned by a thread:  ([mutex/lock_event])
[0x00007f9fe8006e00] Threads_lock - owner thread: 0x00007f9fe806e800
[0x00007f9fe8007300] Heap_lock - owner thread: 0x00007f9fc8851800

Heap:
 def new generation   total 29824K, used 0K [0x00000000a0000000, 0x00000000a2050000, 0x00000000c0000000)
  eden space 26560K,   0% used [0x00000000a0000000, 0x00000000a0000000, 0x00000000a19f0000)
  from space 3264K,   0% used [0x00000000a19f0000, 0x00000000a19f0000, 0x00000000a1d20000)
  to   space 3264K,   0% used [0x00000000a1d20000, 0x00000000a1d20000, 0x00000000a2050000)
 tenured generation   total 76488K, used 74431K [0x00000000c0000000, 0x00000000c4ab2000, 0x0000000100000000)
   the space 76488K,  97% used [0x00000000c0000000, 0x00000000c48aff18, 0x00000000c48b0000, 0x00000000c4ab2000)
 Metaspace       used 54221K, capacity 56142K, committed 56408K, reserved 1097728K
  class space    used 7312K, capacity 7797K, committed 7808K, reserved 1048576K

Card table byte_map: [0x00007f9fd789a000,0x00007f9fd7b9b000] byte_map_base: 0x00007f9fd739a000

Polling page: 0x00007f9fedf28000

CodeCache: size=245760Kb used=19491Kb max_used=19509Kb free=226268Kb
 bounds [0x00007f9fd7f5b000, 0x00007f9fd928b000, 0x00007f9fe6f5b000]
 total_blobs=7250 nmethods=6494 adapters=669
 compilation: enabled

Compilation events (10 events):
Event: 56.106 Thread 0x00007f9fe80af800 nmethod 7459 0x00007f9fd8a12d90 code [0x00007f9fd8a12ee0, 0x00007f9fd8a13198]
Event: 56.106 Thread 0x00007f9fe80af800 7460       4       com.android.dex.Mutf8::encode (153 bytes)
Event: 56.126 Thread 0x00007f9fe80af800 nmethod 7460 0x00007f9fd820d290 code [0x00007f9fd820d400, 0x00007f9fd820da58]
Event: 56.126 Thread 0x00007f9fe80af800 7428       4       java.util.TreeMap::getEntry (84 bytes)
Event: 56.138 Thread 0x00007f9fe80af800 nmethod 7428 0x00007f9fd820df90 code [0x00007f9fd820e100, 0x00007f9fd820e438]
Event: 56.138 Thread 0x00007f9fe80af800 7461       4       java.util.TreeMap::put (247 bytes)
Event: 56.207 Thread 0x00007f9fe80af800 nmethod 7461 0x00007f9fd8208e10 code [0x00007f9fd8209000, 0x00007f9fd8209ec8]
Event: 56.207 Thread 0x00007f9fe80af800 7463       4       com.android.dex.Leb128::readUnsignedLeb128 (69 bytes)
Event: 56.223 Thread 0x00007f9fe80af800 nmethod 7463 0x00007f9fd927a050 code [0x00007f9fd927a1c0, 0x00007f9fd927a518]
Event: 56.223 Thread 0x00007f9fe80af800 7458       4       com.android.dx.merge.DexMerger$1::read (8 bytes)

GC Heap History (10 events):
Event: 54.495 GC heap after
Heap after GC invocations=64 (full 3):
 def new generation   total 17728K, used 1920K [0x00000000a0000000, 0x00000000a1330000, 0x00000000c0000000)
  eden space 15808K,   0% used [0x00000000a0000000, 0x00000000a0000000, 0x00000000a0f70000)
  from space 1920K, 100% used [0x00000000a1150000, 0x00000000a1330000, 0x00000000a1330000)
  to   space 1920K,   0% used [0x00000000a0f70000, 0x00000000a0f70000, 0x00000000a1150000)
 tenured generation   total 39084K, used 38878K [0x00000000c0000000, 0x00000000c262b000, 0x0000000100000000)
   the space 39084K,  99% used [0x00000000c0000000, 0x00000000c25f7828, 0x00000000c25f7a00, 0x00000000c262b000)
 Metaspace       used 54047K, capacity 55942K, committed 56152K, reserved 1097728K
  class space    used 7288K, capacity 7729K, committed 7808K, reserved 1048576K
}
Event: 54.561 GC heap before
{Heap before GC invocations=64 (full 3):
 def new generation   total 17728K, used 17728K [0x00000000a0000000, 0x00000000a1330000, 0x00000000c0000000)
  eden space 15808K, 100% used [0x00000000a0000000, 0x00000000a0f70000, 0x00000000a0f70000)
  from space 1920K, 100% used [0x00000000a1150000, 0x00000000a1330000, 0x00000000a1330000)
  to   space 1920K,   0% used [0x00000000a0f70000, 0x00000000a0f70000, 0x00000000a1150000)
 tenured generation   total 39084K, used 38878K [0x00000000c0000000, 0x00000000c262b000, 0x0000000100000000)
   the space 39084K,  99% used [0x00000000c0000000, 0x00000000c25f7828, 0x00000000c25f7a00, 0x00000000c262b000)
 Metaspace       used 54047K, capacity 55942K, committed 56152K, reserved 1097728K
  class space    used 7288K, capacity 7729K, committed 7808K, reserved 1048576K
Event: 54.837 GC heap after
Heap after GC invocations=65 (full 4):
 def new generation   total 29824K, used 0K [0x00000000a0000000, 0x00000000a2050000, 0x00000000c0000000)
  eden space 26560K,   0% used [0x00000000a0000000, 0x00000000a0000000, 0x00000000a19f0000)
  from space 3264K,   0% used [0x00000000a19f0000, 0x00000000a19f0000, 0x00000000a1d20000)
  to   space 3264K,   0% used [0x00000000a1d20000, 0x00000000a1d20000, 0x00000000a2050000)
 tenured generation   total 65880K, used 39526K [0x00000000c0000000, 0x00000000c4056000, 0x0000000100000000)
   the space 65880K,  59% used [0x00000000c0000000, 0x00000000c26999e0, 0x00000000c2699a00, 0x00000000c4056000)
 Metaspace       used 54047K, capacity 55942K, committed 56152K, reserved 1097728K
  class space    used 7288K, capacity 7729K, committed 7808K, reserved 1048576K
}
Event: 55.473 GC heap before
{Heap before GC invocations=65 (full 4):
 def new generation   total 29824K, used 26560K [0x00000000a0000000, 0x00000000a2050000, 0x00000000c0000000)
  eden space 26560K, 100% used [0x00000000a0000000, 0x00000000a19f0000, 0x00000000a19f0000)
  from space 3264K,   0% used [0x00000000a19f0000, 0x00000000a19f0000, 0x00000000a1d20000)
  to   space 3264K,   0% used [0x00000000a1d20000, 0x00000000a1d20000, 0x00000000a2050000)
 tenured generation   total 65880K, used 39526K [0x00000000c0000000, 0x00000000c4056000, 0x0000000100000000)
   the space 65880K,  59% used [0x00000000c0000000, 0x00000000c26999e0, 0x00000000c2699a00, 0x00000000c4056000)
 Metaspace       used 54047K, capacity 55942K, committed 56152K, reserved 1097728K
  class space    used 7288K, capacity 7729K, committed 7808K, reserved 1048576K
Event: 55.490 GC heap after
Heap after GC invocations=66 (full 4):
 def new generation   total 29824K, used 3264K [0x00000000a0000000, 0x00000000a2050000, 0x00000000c0000000)
  eden space 26560K,   0% used [0x00000000a0000000, 0x00000000a0000000, 0x00000000a19f0000)
  from space 3264K, 100% used [0x00000000a1d20000, 0x00000000a2050000, 0x00000000a2050000)
  to   space 3264K,   0% used [0x00000000a19f0000, 0x00000000a19f0000, 0x00000000a1d20000)
 tenured generation   total 65880K, used 43153K [0x00000000c0000000, 0x00000000c4056000, 0x0000000100000000)
   the space 65880K,  65% used [0x00000000c0000000, 0x00000000c2a245f8, 0x00000000c2a24600, 0x00000000c4056000)
 Metaspace       used 54047K, capacity 55942K, committed 56152K, reserved 1097728K
  class space    used 7288K, capacity 7729K, committed 7808K, reserved 1048576K
}
Event: 55.639 GC heap before
{Heap before GC invocations=66 (full 4):
 def new generation   total 29824K, used 29824K [0x00000000a0000000, 0x00000000a2050000, 0x00000000c0000000)
  eden space 26560K, 100% used [0x00000000a0000000, 0x00000000a19f0000, 0x00000000a19f0000)
  from space 3264K, 100% used [0x00000000a1d20000, 0x00000000a2050000, 0x00000000a2050000)
  to   space 3264K,   0% used [0x00000000a19f0000, 0x00000000a19f0000, 0x00000000a1d20000)
 tenured generation   total 65880K, used 43153K [0x00000000c0000000, 0x00000000c4056000, 0x0000000100000000)
   the space 65880K,  65% used [0x00000000c0000000, 0x00000000c2a245f8, 0x00000000c2a24600, 0x00000000c4056000)
 Metaspace       used 54047K, capacity 55942K, committed 56152K, reserved 1097728K
  class space    used 7288K, capacity 7729K, committed 7808K, reserved 1048576K
Event: 55.689 GC heap after
Heap after GC invocations=67 (full 4):
 def new generation   total 29824K, used 3264K [0x00000000a0000000, 0x00000000a2050000, 0x00000000c0000000)
  eden space 26560K,   0% used [0x00000000a0000000, 0x00000000a0000000, 0x00000000a19f0000)
  from space 3264K, 100% used [0x00000000a19f0000, 0x00000000a1d20000, 0x00000000a1d20000)
  to   space 3264K,   0% used [0x00000000a1d20000, 0x00000000a1d20000, 0x00000000a2050000)
 tenured generation   total 65880K, used 50197K [0x00000000c0000000, 0x00000000c4056000, 0x0000000100000000)
   the space 65880K,  76% used [0x00000000c0000000, 0x00000000c31055f8, 0x00000000c3105600, 0x00000000c4056000)
 Metaspace       used 54047K, capacity 55942K, committed 56152K, reserved 1097728K
  class space    used 7288K, capacity 7729K, committed 7808K, reserved 1048576K
}
Event: 55.840 GC heap before
{Heap before GC invocations=67 (full 4):
 def new generation   total 29824K, used 29824K [0x00000000a0000000, 0x00000000a2050000, 0x00000000c0000000)
  eden space 26560K, 100% used [0x00000000a0000000, 0x00000000a19f0000, 0x00000000a19f0000)
  from space 3264K, 100% used [0x00000000a19f0000, 0x00000000a1d20000, 0x00000000a1d20000)
  to   space 3264K,   0% used [0x00000000a1d20000, 0x00000000a1d20000, 0x00000000a2050000)
 tenured generation   total 65880K, used 50197K [0x00000000c0000000, 0x00000000c4056000, 0x0000000100000000)
   the space 65880K,  76% used [0x00000000c0000000, 0x00000000c31055f8, 0x00000000c3105600, 0x00000000c4056000)
 Metaspace       used 54048K, capacity 55942K, committed 56152K, reserved 1097728K
  class space    used 7288K, capacity 7729K, committed 7808K, reserved 1048576K
Event: 55.855 GC heap after
Heap after GC invocations=68 (full 4):
 def new generation   total 29824K, used 3264K [0x00000000a0000000, 0x00000000a2050000, 0x00000000c0000000)
  eden space 26560K,   0% used [0x00000000a0000000, 0x00000000a0000000, 0x00000000a19f0000)
  from space 3264K, 100% used [0x00000000a1d20000, 0x00000000a2050000, 0x00000000a2050000)
  to   space 3264K,   0% used [0x00000000a19f0000, 0x00000000a19f0000, 0x00000000a1d20000)
 tenured generation   total 65880K, used 56809K [0x00000000c0000000, 0x00000000c4056000, 0x0000000100000000)
   the space 65880K,  86% used [0x00000000c0000000, 0x00000000c377a6c0, 0x00000000c377a800, 0x00000000c4056000)
 Metaspace       used 54048K, capacity 55942K, committed 56152K, reserved 1097728K
  class space    used 7288K, capacity 7729K, committed 7808K, reserved 1048576K
}
Event: 56.225 GC heap before
{Heap before GC invocations=68 (full 4):
 def new generation   total 29824K, used 29824K [0x00000000a0000000, 0x00000000a2050000, 0x00000000c0000000)
  eden space 26560K, 100% used [0x00000000a0000000, 0x00000000a19f0000, 0x00000000a19f0000)
  from space 3264K, 100% used [0x00000000a1d20000, 0x00000000a2050000, 0x00000000a2050000)
  to   space 3264K,   0% used [0x00000000a19f0000, 0x00000000a19f0000, 0x00000000a1d20000)
 tenured generation   total 65880K, used 56809K [0x00000000c0000000, 0x00000000c4056000, 0x0000000100000000)
   the space 65880K,  86% used [0x00000000c0000000, 0x00000000c377a6c0, 0x00000000c377a800, 0x00000000c4056000)
 Metaspace       used 54221K, capacity 56142K, committed 56408K, reserved 1097728K
  class space    used 7312K, capacity 7797K, committed 7808K, reserved 1048576K

Deoptimization events (10 events):
Event: 53.414 Thread 0x00007f9fc412e000 Uncommon trap: reason=unstable_if action=reinterpret pc=0x00007f9fd873c7b4 method=org.gradle.api.internal.file.pattern.PatternMatcherFactory$PathMatcherBackedSpec.isSatisfiedBy(Lorg/gradle/api/file/RelativePath;)Z @ 11
Event: 53.428 Thread 0x00007f9fc412e000 Uncommon trap: reason=unstable_if action=reinterpret pc=0x00007f9fd843da68 method=org.gradle.api.internal.file.pattern.FixedStepPathMatcher.matches([Ljava/lang/String;I)Z @ 35
Event: 53.627 Thread 0x00007f9fc412e000 Uncommon trap: reason=unstable_if action=reinterpret pc=0x00007f9fd926bacc method=org.gradle.api.internal.file.pattern.FixedStepPathMatcher.matches([Ljava/lang/String;I)Z @ 35
Event: 54.095 Thread 0x00007f9fc412e000 Uncommon trap: reason=unstable_if action=reinterpret pc=0x00007f9fd81766b0 method=org.gradle.api.specs.OrSpec.isSatisfiedBy(Ljava/lang/Object;)Z @ 42
Event: 55.120 Thread 0x00007f9fc8851800 Uncommon trap: reason=predicate action=maybe_recompile pc=0x00007f9fd8a9c60c method=java.util.ComparableTimSort.binarySort([Ljava/lang/Object;III)V @ 37
Event: 55.122 Thread 0x00007f9fc8851800 Uncommon trap: reason=array_check action=maybe_recompile pc=0x00007f9fd8419958 method=java.util.ComparableTimSort.binarySort([Ljava/lang/Object;III)V @ 215
Event: 55.123 Thread 0x00007f9fc8851800 Uncommon trap: reason=array_check action=maybe_recompile pc=0x00007f9fd8419a58 method=java.util.ComparableTimSort.binarySort([Ljava/lang/Object;III)V @ 193
Event: 55.124 Thread 0x00007f9fc8851800 Uncommon trap: reason=array_check action=maybe_recompile pc=0x00007f9fd8419958 method=java.util.ComparableTimSort.binarySort([Ljava/lang/Object;III)V @ 215
Event: 55.124 Thread 0x00007f9fc8851800 Uncommon trap: reason=array_check action=maybe_recompile pc=0x00007f9fd8419b44 method=java.util.ComparableTimSort.binarySort([Ljava/lang/Object;III)V @ 183
Event: 55.125 Thread 0x00007f9fc8851800 Uncommon trap: reason=array_check action=maybe_recompile pc=0x00007f9fd8419958 method=java.util.ComparableTimSort.binarySort([Ljava/lang/Object;III)V @ 215

Classes redefined (0 events):
No events

Internal exceptions (10 events):
Event: 44.819 Thread 0x00007f9fc412e000 Exception <a 'java/lang/NoSuchMethodError': <clinit>> (0x00000000a0ea3b40) thrown at [/ssd/Android/AOSP-openjdk-git/jdk8u/hotspot/src/share/vm/prims/jni.cpp, line 1613]
Event: 44.820 Thread 0x00007f9fc412e000 Exception <a 'java/lang/NoSuchMethodError': <clinit>> (0x00000000a0eb26f0) thrown at [/ssd/Android/AOSP-openjdk-git/jdk8u/hotspot/src/share/vm/prims/jni.cpp, line 1613]
Event: 44.919 Thread 0x00007f9fc412e000 Exception <a 'java/lang/NoSuchMethodError': <clinit>> (0x00000000a0f439f8) thrown at [/ssd/Android/AOSP-openjdk-git/jdk8u/hotspot/src/share/vm/prims/jni.cpp, line 1613]
Event: 44.920 Thread 0x00007f9fc412e000 Exception <a 'java/lang/NoSuchMethodError': <clinit>> (0x00000000a0f5f6f8) thrown at [/ssd/Android/AOSP-openjdk-git/jdk8u/hotspot/src/share/vm/prims/jni.cpp, line 1613]
Event: 44.920 Thread 0x00007f9fc412e000 Exception <a 'java/lang/NoSuchMethodError': <clinit>> (0x00000000a0f61560) thrown at [/ssd/Android/AOSP-openjdk-git/jdk8u/hotspot/src/share/vm/prims/jni.cpp, line 1613]
Event: 48.389 Thread 0x00007f9fc83e6000 Exception <a 'java/io/IOException'> (0x00000000a0afe000) thrown at [/ssd/Android/AOSP-openjdk-git/jdk8u/hotspot/src/share/vm/prims/jni.cpp, line 709]
Event: 52.785 Thread 0x00007f9fc412e000 Exception <a 'java/lang/NoSuchMethodError': <clinit>> (0x00000000a05c45f0) thrown at [/ssd/Android/AOSP-openjdk-git/jdk8u/hotspot/src/share/vm/prims/jni.cpp, line 1613]
Event: 52.793 Thread 0x00007f9fc412e000 Exception <a 'java/lang/NoSuchMethodError': <clinit>> (0x00000000a05dbfb8) thrown at [/ssd/Android/AOSP-openjdk-git/jdk8u/hotspot/src/share/vm/prims/jni.cpp, line 1613]
Event: 53.389 Thread 0x00007f9fc83e6000 Exception <a 'java/io/IOException'> (0x00000000a0d14e00) thrown at [/ssd/Android/AOSP-openjdk-git/jdk8u/hotspot/src/share/vm/prims/jni.cpp, line 709]
Event: 53.657 Thread 0x00007f9fc412e000 Exception <a 'java/lang/NoSuchMethodError': <clinit>> (0x00000000a0296b58) thrown at [/ssd/Android/AOSP-openjdk-git/jdk8u/hotspot/src/share/vm/prims/jni.cpp, line 1613]

Events (10 events):
Event: 55.938 loading class com/android/dx/merge/InstructionTransformer$CallSiteVisitor done
Event: 55.944 loading class com/android/dx/merge/DexMerger$1
Event: 55.944 loading class com/android/dx/merge/DexMerger$1 done
Event: 55.945 loading class com/android/dx/merge/DexMerger$IdMerger
Event: 55.945 loading class com/android/dx/merge/DexMerger$IdMerger done
Event: 55.945 loading class com/android/dex/Leb128
Event: 55.945 loading class com/android/dex/Leb128 done
Event: 55.951 loading class com/android/dex/Mutf8
Event: 55.951 loading class com/android/dex/Mutf8 done
Event: 56.225 Executing VM operation: GenCollectForAllocation


Dynamic libraries:
00400000-00401000 r-xp 00000000 08:01 2109408                            /opt/android-studio/jre/bin/java
00600000-00601000 r--p 00000000 08:01 2109408                            /opt/android-studio/jre/bin/java
00601000-00602000 rw-p 00001000 08:01 2109408                            /opt/android-studio/jre/bin/java
00a9e000-00b0b000 rw-p 00000000 00:00 0                                  [heap]
a0000000-a2050000 rw-p 00000000 00:00 0 
a2050000-c0000000 ---p 00000000 00:00 0 
c0000000-c4ab2000 rw-p 00000000 00:00 0 
c7926000-100000000 ---p 00000000 00:00 0 
100000000-1007a0000 rw-p 00000000 00:00 0 
1007a0000-140000000 ---p 00000000 00:00 0 
7f9fb4f56000-7f9fb4f59000 ---p 00000000 00:00 0 
7f9fb4f59000-7f9fb51d7000 rw-p 00000000 00:00 0 
7f9fb51d7000-7f9fb5257000 ---p 00000000 00:00 0 
7f9fb5257000-7f9fb525a000 ---p 00000000 00:00 0 
7f9fb525a000-7f9fb5358000 rw-p 00000000 00:00 0 
7f9fb5358000-7f9fb535b000 ---p 00000000 00:00 0 
7f9fb535b000-7f9fb5659000 rw-p 00000000 00:00 0 
7f9fb5659000-7f9fb5859000 rw-p 00000000 00:00 0 
7f9fb5859000-7f9fb5a59000 rw-p 00000000 00:00 0 
7f9fb5a59000-7f9fb5a6b000 r--s 00345000 08:01 1977682                    /opt/android-studio/jre/jre/lib/resources.jar
7f9fb5a6b000-7f9fb5c6b000 rw-p 00000000 00:00 0 
7f9fb5c6b000-7f9fb5e6b000 rw-p 00000000 00:00 0 
7f9fb5e6b000-7f9fb606b000 rw-p 00000000 00:00 0 
7f9fb606b000-7f9fb606e000 r--s 00015000 08:01 1977686                    /opt/android-studio/jre/jre/lib/jce.jar
7f9fb606e000-7f9fb626e000 rw-p 00000000 00:00 0 
7f9fb626e000-7f9fb6271000 ---p 00000000 00:00 0 
7f9fb6271000-7f9fb656f000 rw-p 00000000 00:00 0 
7f9fb656f000-7f9fb6765000 rw-p 00000000 00:00 0 
7f9fb6765000-7f9fb676f000 ---p 00000000 00:00 0 
7f9fb676f000-7f9fb677a000 r--s 00081000 08:01 1728000                    /home/cynh/.gradle/caches/jars-3/fc6e889a0f45cc9752787eb60f920103/trove4j-20160824.jar
7f9fb677a000-7f9fb67fd000 r--s 00758000 08:01 1727998                    /home/cynh/.gradle/caches/jars-3/0d3de44a8474017418d71d8887a5e944/intellij-core-26.0.0.jar
7f9fb67fd000-7f9fb6803000 r--s 00033000 08:01 1727996                    /home/cynh/.gradle/caches/jars-3/f96c897d327ea500d64fe3af2833bd50/commons-codec-1.6.jar
7f9fb6803000-7f9fb6805000 r--s 0000d000 08:01 1727994                    /home/cynh/.gradle/caches/jars-3/ccc849edcf9fccd61ed937bf93ffe896/commons-logging-1.1.1.jar
7f9fb6805000-7f9fb680b000 r--s 00032000 08:01 1727992                    /home/cynh/.gradle/caches/jars-3/72e344059d1923829968d0d38b0c3c72/httpcore-4.2.5.jar
7f9fb680b000-7f9fb680c000 r--s 00004000 08:01 1727990                    /home/cynh/.gradle/caches/jars-3/3a4299d1ce3e273e7c03a9ccf5a1e333/annotations-12.0.jar
7f9fb680c000-7f9fb680d000 r--s 00000000 08:01 1727988                    /home/cynh/.gradle/caches/jars-3/0e2fbc3b8c56d2975eca90c524790c13/animal-sniffer-annotations-1.14.jar
7f9fb680d000-7f9fb680f000 r--s 00001000 08:01 1727986                    /home/cynh/.gradle/caches/jars-3/ad41f8f3ac67c0323ce9eb1c20c8dc3f/j2objc-annotations-1.1.jar
7f9fb680f000-7f9fb6810000 r--s 00002000 08:01 1727984                    /home/cynh/.gradle/caches/jars-3/9edb0f46b907c34c4718edabde6c791c/error_prone_annotations-2.0.18.jar
7f9fb6810000-7f9fb6813000 r--s 00006000 08:01 1727982                    /home/cynh/.gradle/caches/jars-3/b58a9bc3bbba42132e4abc0bacae8da1/jsr305-1.3.9.jar
7f9fb6813000-7f9fb6814000 r--s 0000a000 08:01 1727980                    /home/cynh/.gradle/caches/jars-3/5b8b36ed61fe92731031cca3c9b3a0b3/kxml2-2.3.0.jar
7f9fb6814000-7f9fb6816000 r--s 00005000 08:01 1727978                    /home/cynh/.gradle/caches/jars-3/f10e1e1978816198f2eb1189c974b440/httpmime-4.1.jar
7f9fb6816000-7f9fb6820000 r--s 00061000 08:01 1727976                    /home/cynh/.gradle/caches/jars-3/bc4b2527f35dc983f759e8f85f3f8d52/httpclient-4.2.6.jar
7f9fb6820000-7f9fb6829000 r--s 00064000 08:01 1727974                    /home/cynh/.gradle/caches/jars-3/fc37c717528c2a0d27f3e3621835f781/commons-compress-1.12.jar
7f9fb6829000-7f9fb682e000 r--s 0002e000 08:01 1727972                    /home/cynh/.gradle/caches/jars-3/c5bcda7f6f4809e9c92270f99e51f154/gson-2.3.jar
7f9fb682e000-7f9fb683e000 r--s 000d6000 08:01 1727970                    /home/cynh/.gradle/caches/jars-3/dbdb8caed2514263a34702cc763c6785/proguard-base-5.3.3.jar
7f9fb683e000-7f9fb6840000 r--s 00003000 08:01 1727968                    /home/cynh/.gradle/caches/jars-3/01ab8600ebbfdcaf9b89b45c2b992e82/annotations-13.0.jar
7f9fb6840000-7f9fb6841000 r--s 00001000 08:01 1727966                    /home/cynh/.gradle/caches/jars-3/22d054403841f76f651e28ff81d7e543/annotations-26.0.0.jar
7f9fb6841000-7f9fb6844000 r--s 00033000 08:01 1727964                    /home/cynh/.gradle/caches/jars-3/0ce03714647bf7bd3c78634c20ddbf38/juniversalchardet-1.0.3.jar
7f9fb6844000-7f9fb6848000 r--s 0002a000 08:01 1727962                    /home/cynh/.gradle/caches/jars-3/9849af6d4b0409ba64061601342f385d/commons-io-2.4.jar
7f9fb6848000-7f9fb685f000 r--s 00154000 08:01 1727960                    /home/cynh/.gradle/caches/jars-3/57adf9abd30c921d4ea1dfdcfe7b9efd/antlr4-4.5.3.jar
7f9fb685f000-7f9fb6860000 r--s 00003000 08:01 1727958                    /home/cynh/.gradle/caches/jars-3/f29c2da6b031c4830fe215ea32cbd1d6/baseLibrary-3.0.0.jar
7f9fb6860000-7f9fb6890000 r--s 00245000 08:01 1727956                    /home/cynh/.gradle/caches/jars-3/8e27cdebb49ba2f804f9403d90aaaac5/guava-22.0.jar
7f9fb6890000-7f9fb6898000 r--s 000a8000 08:01 1727954                    /home/cynh/.gradle/caches/jars-3/6cc57ce9ec0d90186f781694264d61bc/lombok-ast-0.2.3.jar
7f9fb6898000-7f9fb689c000 r--s 0002f000 08:01 1727952                    /home/cynh/.gradle/caches/jars-3/505fcc8c47da308b2f1262f0ff3c65f1/jimfs-1.1.jar
7f9fb689c000-7f9fb68af000 r--s 00241000 08:01 1727950                    /home/cynh/.gradle/caches/jars-3/d8dc71eb6d91c966c45f7b594129e14a/ecj-4.6.1.jar
7f9fb68af000-7f9fb68b0000 r--s 00003000 08:01 1727948                    /home/cynh/.gradle/caches/jars-3/fdb8f5ebd6a086c4818336712b830716/json-simple-1.1.jar
7f9fb68b0000-7f9fb69d5000 r--s 00f5d000 08:01 1727946                    /home/cynh/.gradle/caches/jars-3/dfd566a90e18a0aa75879c33e0731ab8/fastutil-7.2.0.jar
7f9fb69d5000-7f9fb6a20000 r--s 002ff000 08:01 1727944                    /home/cynh/.gradle/caches/jars-3/d3d44e9a7fcb4a86fb40775c385dd3d0/bcprov-jdk15on-1.56.jar
7f9fb6a20000-7f9fb6a31000 r--s 00097000 08:01 1727942                    /home/cynh/.gradle/caches/jars-3/59ebb77d99c5ca0e24bb23272e0329dd/bcpkix-jdk15on-1.56.jar
7f9fb6a31000-7f9fb6a33000 r--s 00002000 08:01 1727940                    /home/cynh/.gradle/caches/jars-3/f268e5e8fc83bb846ac355d6a16b1f30/javawriter-2.5.0.jar
7f9fb6a33000-7f9fb6a38000 r--s 0003b000 08:01 1727938                    /home/cynh/.gradle/caches/jars-3/e05f9976b96d28fde211735fa5e94d9a/apksig-3.0.0.jar
7f9fb6a38000-7f9fb6a3b000 r--s 00024000 08:01 1727936                    /home/cynh/.gradle/caches/jars-3/664e7b307d7ea6fbd268ae5e965af33f/common-26.0.0.jar
7f9fb6a3b000-7f9fb6a3d000 r--s 00006000 08:01 1727934                    /home/cynh/.gradle/caches/jars-3/0406b1b4dc723dfbfe2d3f0701ad05b0/dvlib-26.0.0.jar
7f9fb6a3d000-7f9fb6a40000 r--s 00014000 08:01 1727932                    /home/cynh/.gradle/caches/jars-3/3ce077ae1920336ec43b829a7f72ce49/layoutlib-api-26.0.0.jar
7f9fb6a40000-7f9fb6a45000 r--s 0004d000 08:01 1727930                    /home/cynh/.gradle/caches/jars-3/65eb04ad4074b88473a4bd0790ceb5fa/ddmlib-26.0.0.jar
7f9fb6a45000-7f9fb6a46000 r--s 00003000 08:01 1727928                    /home/cynh/.gradle/caches/jars-3/be01663fe004b181af941ac54e7bc4f0/builder-test-api-3.0.0.jar
7f9fb6a46000-7f9fb6a49000 r--s 00007000 08:01 1727926                    /home/cynh/.gradle/caches/jars-3/38f9351bf06ef722e62746fe5560ea34/builder-model-3.0.0.jar
7f9fb6a49000-7f9fb6a58000 r--s 00130000 08:01 1727924                    /home/cynh/.gradle/caches/jars-3/72ba1443c6adcea1f6ba21e12f0bb0fc/protobuf-java-3.0.0.jar
7f9fb6a58000-7f9fb6a6b000 r--s 001a8000 08:01 1727922                    /home/cynh/.gradle/caches/jars-3/2265108d6f8c35991db49bb36a4f9855/protos-26.0.0.jar
7f9fb6a6b000-7f9fb6a6c000 r--s 00005000 08:01 1727920                    /home/cynh/.gradle/caches/jars-3/d41f18504bb9fe2aad8342cc4d177c72/shared-26.0.0.jar
7f9fb6a6c000-7f9fb6a6e000 r--s 00004000 08:01 1727918                    /home/cynh/.gradle/caches/jars-3/6d32eb0515d6f097cfbdc2a4d0a68216/tracker-26.0.0.jar
7f9fb6a6e000-7f9fb6a70000 r--s 00002000 08:01 1727916                    /home/cynh/.gradle/caches/jars-3/e91624d2ed1c3b55eec9fd768ed13c1d/proguard-gradle-5.3.3.jar
7f9fb6a70000-7f9fb6a72000 r--s 0000f000 08:01 1727914                    /home/cynh/.gradle/caches/jars-3/96760c32d36a5d7066e3ccf088bfd362/jopt-simple-4.9.jar
7f9fb6a72000-7f9fb6a76000 r--s 0001e000 08:01 1727912                    /home/cynh/.gradle/caches/jars-3/0d3e95aba631209a078aeec58a76633d/org.jacoco.core-0.7.4.201502262128.jar
7f9fb6a76000-7f9fb6a79000 r--s 00020000 08:01 1727910                    /home/cynh/.gradle/caches/jars-3/c72fc284d34f39eab57a4e3ba83405e9/org.jacoco.report-0.7.4.201502262128.jar
7f9fb6a79000-7f9fb6a7b000 r--s 0000c000 08:01 1727908                    /home/cynh/.gradle/caches/jars-3/9b0a36633c92c6e87e62c81734593183/asm-5.1.jar
7f9fb6a7b000-7f9fb6a7d000 r--s 00006000 08:01 1727906                    /home/cynh/.gradle/caches/jars-3/50c8a7da333c41693b2b7ce95b6d9d89/asm-tree-5.1.jar
7f9fb6a7d000-7f9fb6a7e000 r--s 0000a000 08:01 1727904                    /home/cynh/.gradle/caches/jars-3/c4f1f1d5a624f981d35a78d181e2c418/asm-util-5.1.jar
7f9fb6a7e000-7f9fb6a80000 r--s 0000a000 08:01 1727902                    /home/cynh/.gradle/caches/jars-3/d37aa405961c464c627b1efe5def81b8/asm-commons-5.1.jar
7f9fb6a80000-7f9fb6ab2000 r--s 0021b000 08:01 1727894                    /home/cynh/.gradle/caches/jars-3/24b2127528a18b338af82ff7ea236d45/kotlin-reflect-1.1.3-2.jar
7f9fb6ab2000-7f9fb6ab5000 ---p 00000000 00:00 0 
7f9fb6ab5000-7f9fb6db3000 rw-p 00000000 00:00 0 
7f9fb6db3000-7f9fb6fb3000 rw-p 00000000 00:00 0 
7f9fb6fb3000-7f9fb6fb6000 ---p 00000000 00:00 0 
7f9fb6fb6000-7f9fb72b4000 rw-p 00000000 00:00 0 
7f9fb72b4000-7f9fb74b4000 rw-p 00000000 00:00 0 
7f9fb74b4000-7f9fb76b4000 rw-p 00000000 00:00 0 
7f9fb76b4000-7f9fb78b4000 rw-p 00000000 00:00 0 
7f9fb78b4000-7f9fb79cf000 r--s 02003000 08:01 4339270                    /home/cynh/.gradle/caches/jars-3/c3a861bd52df0d090198c58877bf8e11/android.jar
7f9fb79cf000-7f9fb79d6000 r--s 0002a000 08:01 1588037                    /home/cynh/.gradle/caches/jars-3/fff47aec37b967e571b648d1fc9c6db6/gradle-messaging-3.5.jar
7f9fb79d6000-7f9fb79db000 r--s 00041000 08:01 1588035                    /home/cynh/.gradle/caches/jars-3/c0502f5c2cf6dfd52d250e1b7d027d24/commons-lang-2.6.jar
7f9fb79db000-7f9fb7a1d000 r--s 00220000 08:01 1588033                    /home/cynh/.gradle/caches/jars-3/929747bc6b973b44297e9c57df71598d/gradle-core-3.5.jar
7f9fb7a1d000-7f9fb7a26000 r--s 00047000 08:01 1588031                    /home/cynh/.gradle/caches/jars-3/11d06a5dce89fe5632250b7df00a3d57/gradle-base-services-3.5.jar
7f9fb7a26000-7f9fb7a4e000 r--s 001cf000 08:01 1588029                    /home/cynh/.gradle/caches/jars-3/566e7e0f530f75a42eba4833ef84d88c/guava-jdk5-17.0.jar
7f9fb7a4e000-7f9fb7a4f000 r--s 00004000 08:01 1727900                    /home/cynh/.gradle/caches/jars-3/2b2689d10a4425b1cb2d0654db2ea088/asm-analysis-5.1.jar
7f9fb7a4f000-7f9fb7a5e000 r--s 000c8000 08:01 1727896                    /home/cynh/.gradle/caches/jars-3/af931fae44e009148423077fa09abbd1/kotlin-stdlib-1.1.3-2.jar
7f9fb7a5e000-7f9fb7a64000 r--s 00030000 08:01 1727892                    /home/cynh/.gradle/caches/jars-3/ed1566eb5e13985bd2441d4d9fb001bc/repository-26.0.0.jar
7f9fb7a64000-7f9fb7a6f000 r--s 0009b000 08:01 1727890                    /home/cynh/.gradle/caches/jars-3/010a8562e37fa93874e94473b7b1b739/sdklib-26.0.0.jar
7f9fb7a6f000-7f9fb7a7e000 r--s 000da000 08:01 1727888                    /home/cynh/.gradle/caches/jars-3/855bd024c9103048d08cf3d6b4ccafaf/sdk-common-26.0.0.jar
7f9fb7a7e000-7f9fb7a82000 r--s 00023000 08:01 1727886                    /home/cynh/.gradle/caches/jars-3/901a1ffe8b1c867d10bb96d1ffa22bf8/manifest-merger-26.0.0.jar
7f9fb7a82000-7f9fb7a86000 r--s 0002e000 08:01 1727884                    /home/cynh/.gradle/caches/jars-3/7844948b119640730aae7d1024fe376e/compilerCommon-3.0.0.jar
7f9fb7a86000-7f9fb7a88000 r--s 00003000 08:01 1727882                    /home/cynh/.gradle/caches/jars-3/93282345f8a1cdba41f206997292df6a/gradle-api-3.0.0.jar
7f9fb7a88000-7f9fb7a97000 r--s 000cb000 08:01 1727880                    /home/cynh/.gradle/caches/jars-3/f5905f482fd3ae4156449764362d5347/uast-26.0.0.jar
7f9fb7a97000-7f9fb7a9e000 r--s 0007f000 08:01 1727878                    /home/cynh/.gradle/caches/jars-3/96f25077deeaace8d84ee1787aad54fd/lint-api-26.0.0.jar
7f9fb7a9e000-7f9fb7aa7000 r--s 000ff000 08:01 1727876                    /home/cynh/.gradle/caches/jars-3/f0348591fd8e5cf1f09289c2cddb6498/lint-checks-26.0.0.jar
7f9fb7aa7000-7f9fb7aaa000 r--s 00039000 08:01 1727874                    /home/cynh/.gradle/caches/jars-3/6acf45ba7bd0fd34186c06e50fa1a773/lint-26.0.0.jar
7f9fb7aaa000-7f9fb7ada000 r--s 01983000 08:01 1727872                    /home/cynh/.gradle/caches/jars-3/9d8abc21f07cf6634ed8d5a72c47a95f/builder-3.0.0.jar
7f9fb7ada000-7f9fb7afd000 r--s 0020b000 08:01 1727870                    /home/cynh/.gradle/caches/jars-3/6580be06fa7f5eae6309ca3ad3a20624/gradle-core-3.0.0.jar
7f9fb7afd000-7f9fb7aff000 r--s 00007000 08:01 2107274                    /home/cynh/.gradle/caches/modules-2/files-2.1/com.google.gms/google-services/3.1.1/aca432c928821bad3626ddd1b9164cd85a73641/google-services-3.1.1.jar
7f9fb7aff000-7f9fb7cff000 rw-p 00000000 00:00 0 
7f9fb7cff000-7f9fb7d02000 ---p 00000000 00:00 0 
7f9fb7d02000-7f9fb8000000 rw-p 00000000 00:00 0 
7f9fb8000000-7f9fb8c8b000 rw-p 00000000 00:00 0 
7f9fb8c8b000-7f9fbc000000 ---p 00000000 00:00 0 
7f9fbc000000-7f9fbc06c000 rw-p 00000000 00:00 0 
7f9fbc06c000-7f9fc0000000 ---p 00000000 00:00 0 
7f9fc0000000-7f9fc0061000 rw-p 00000000 00:00 0 
7f9fc0061000-7f9fc4000000 ---p 00000000 00:00 0 
7f9fc4000000-7f9fc6255000 rw-p 00000000 00:00 0 
7f9fc6255000-7f9fc8000000 ---p 00000000 00:00 0 
7f9fc8000000-7f9fc918c000 rw-p 00000000 00:00 0 
7f9fc918c000-7f9fcc000000 ---p 00000000 00:00 0 
7f9fcc000000-7f9fcc021000 rw-p 00000000 00:00 0 
7f9fcc021000-7f9fd0000000 ---p 00000000 00:00 0 
7f9fd0000000-7f9fd03da000 rw-p 00000000 00:00 0 
7f9fd03da000-7f9fd4000000 ---p 00000000 00:00 0 
7f9fd4000000-7f9fd4001000 r--s 00000000 08:01 1727898                    /home/cynh/.gradle/caches/jars-3/5206138fb8a6b2ffbd31e140916c2100/transform-api-2.0.0-deprecated-use-gradle-api.jar
7f9fd4001000-7f9fd4003000 r--s 0000f000 08:01 1727868                    /home/cynh/.gradle/caches/jars-3/119369196b5bc94e9595652e20112cf5/gradle-3.0.0.jar
7f9fd4003000-7f9fd4011000 r--s 00043000 08:01 1588027                    /home/cynh/.gradle/caches/jars-3/c0d1da18a547ef3a2ba66d3068ae6e09/gradle-tooling-api-3.5.jar
7f9fd4011000-7f9fd408a000 r--s 010fd000 08:01 1977668                    /opt/android-studio/jre/lib/tools.jar
7f9fd408a000-7f9fd408d000 ---p 00000000 00:00 0 
7f9fd408d000-7f9fd418b000 rw-p 00000000 00:00 0 
7f9fd418b000-7f9fd418e000 ---p 00000000 00:00 0 
7f9fd418e000-7f9fd448c000 rw-p 00000000 00:00 0 
7f9fd448c000-7f9fd448f000 ---p 00000000 00:00 0 
7f9fd448f000-7f9fd458d000 rw-p 00000000 00:00 0 
7f9fd458d000-7f9fd4590000 ---p 00000000 00:00 0 
7f9fd4590000-7f9fd468e000 rw-p 00000000 00:00 0 
7f9fd468e000-7f9fd4691000 ---p 00000000 00:00 0 
7f9fd4691000-7f9fd478f000 rw-p 00000000 00:00 0 
7f9fd478f000-7f9fd4792000 ---p 00000000 00:00 0 
7f9fd4792000-7f9fd4890000 rw-p 00000000 00:00 0 
7f9fd4890000-7f9fd4893000 ---p 00000000 00:00 0 
7f9fd4893000-7f9fd4991000 rw-p 00000000 00:00 0 
7f9fd4991000-7f9fd4994000 ---p 00000000 00:00 0 
7f9fd4994000-7f9fd4a92000 rw-p 00000000 00:00 0 
7f9fd4a92000-7f9fd4a95000 ---p 00000000 00:00 0 
7f9fd4a95000-7f9fd4b93000 rw-p 00000000 00:00 0 
7f9fd4b93000-7f9fd4b9a000 r--s 00000000 08:01 135975                     /usr/lib/x86_64-linux-gnu/gconv/gconv-modules.cache
7f9fd4b9a000-7f9fd4b9d000 ---p 00000000 00:00 0 
7f9fd4b9d000-7f9fd4c9b000 rw-p 00000000 00:00 0 
7f9fd4c9b000-7f9fd4ca0000 r--s 0009a000 08:01 1977705                    /opt/android-studio/jre/jre/lib/jsse.jar
7f9fd4ca0000-7f9fd4ea0000 rw-p 00000000 00:00 0 
7f9fd4ea0000-7f9fd4ea9000 r-xp 00000000 08:01 1977760                    /opt/android-studio/jre/jre/lib/amd64/libmanagement.so
7f9fd4ea9000-7f9fd50a8000 ---p 00009000 08:01 1977760                    /opt/android-studio/jre/jre/lib/amd64/libmanagement.so
7f9fd50a8000-7f9fd50a9000 r--p 00008000 08:01 1977760                    /opt/android-studio/jre/jre/lib/amd64/libmanagement.so
7f9fd50a9000-7f9fd50aa000 rw-p 00009000 08:01 1977760                    /opt/android-studio/jre/jre/lib/amd64/libmanagement.so
7f9fd50aa000-7f9fd50ac000 r--s 00007000 08:01 1852499                    /home/cynh/.gradle/wrapper/dists/gradle-4.1-all/bzyivzo6n839fup2jbap0tjew/gradle-4.1/lib/plugins/gradle-tooling-api-builders-4.1.jar
7f9fd50ac000-7f9fd50af000 r--s 00009000 08:01 1852519                    /home/cynh/.gradle/wrapper/dists/gradle-4.1-all/bzyivzo6n839fup2jbap0tjew/gradle-4.1/lib/plugins/gradle-testing-native-4.1.jar
7f9fd50af000-7f9fd50b1000 r--s 00009000 08:01 1852637                    /home/cynh/.gradle/wrapper/dists/gradle-4.1-all/bzyivzo6n839fup2jbap0tjew/gradle-4.1/lib/plugins/hamcrest-core-1.3.jar
7f9fd50b1000-7f9fd50b6000 r--s 00040000 08:01 1852632                    /home/cynh/.gradle/wrapper/dists/gradle-4.1-all/bzyivzo6n839fup2jbap0tjew/gradle-4.1/lib/plugins/bsh-2.0b4.jar
7f9fd50b6000-7f9fd50b8000 r--s 00006000 08:01 1852633                    /home/cynh/.gradle/wrapper/dists/gradle-4.1-all/bzyivzo6n839fup2jbap0tjew/gradle-4.1/lib/plugins/jcommander-1.12.jar
7f9fd50b8000-7f9fd50be000 r--s 00033000 08:01 1852634                    /home/cynh/.gradle/wrapper/dists/gradle-4.1-all/bzyivzo6n839fup2jbap0tjew/gradle-4.1/lib/plugins/snakeyaml-1.6.jar
7f9fd50be000-7f9fd50c7000 r--s 00089000 08:01 1852575                    /home/cynh/.gradle/wrapper/dists/gradle-4.1-all/bzyivzo6n839fup2jbap0tjew/gradle-4.1/lib/plugins/testng-6.3.1.jar
7f9fd50c7000-7f9fd50cf000 r--s 00045000 08:01 1852577                    /home/cynh/.gradle/wrapper/dists/gradle-4.1-all/bzyivzo6n839fup2jbap0tjew/gradle-4.1/lib/plugins/junit-4.12.jar
7f9fd50cf000-7f9fd50d5000 r--s 0002e000 08:01 1852511                    /home/cynh/.gradle/wrapper/dists/gradle-4.1-all/bzyivzo6n839fup2jbap0tjew/gradle-4.1/lib/plugins/gradle-testing-jvm-4.1.jar
7f9fd50d5000-7f9fd50d9000 r--s 00017000 08:01 1852527                    /home/cynh/.gradle/wrapper/dists/gradle-4.1-all/bzyivzo6n839fup2jbap0tjew/gradle-4.1/lib/plugins/gradle-testing-base-4.1.jar
7f9fd50d9000-7f9fd50e0000 r--s 00038000 08:01 1852567                    /home/cynh/.gradle/wrapper/dists/gradle-4.1-all/bzyivzo6n839fup2jbap0tjew/gradle-4.1/lib/plugins/bcpg-jdk15on-1.51.jar
7f9fd50e0000-7f9fd50e2000 r--s 0000c000 08:01 1852469                    /home/cynh/.gradle/wrapper/dists/gradle-4.1-all/bzyivzo6n839fup2jbap0tjew/gradle-4.1/lib/plugins/gradle-signing-4.1.jar
7f9fd50e2000-7f9fd50e4000 r--s 00007000 08:01 1852481                    /home/cynh/.gradle/wrapper/dists/gradle-4.1-all/bzyivzo6n839fup2jbap0tjew/gradle-4.1/lib/plugins/gradle-scala-4.1.jar
7f9fd50e4000-7f9fd50e5000 r--s 00004000 08:01 1852543                    /home/cynh/.gradle/wrapper/dists/gradle-4.1-all/bzyivzo6n839fup2jbap0tjew/gradle-4.1/lib/plugins/gradle-resources-sftp-4.1.jar
7f9fd50e5000-7f9fd50f5000 r--s 00088000 08:01 1852601                    /home/cynh/.gradle/wrapper/dists/gradle-4.1-all/bzyivzo6n839fup2jbap0tjew/gradle-4.1/lib/plugins/joda-time-2.8.2.jar
7f9fd50f5000-7f9fd5106000 r--s 0010d000 08:01 1852599                    /home/cynh/.gradle/wrapper/dists/gradle-4.1-all/bzyivzo6n839fup2jbap0tjew/gradle-4.1/lib/plugins/jackson-databind-2.6.6.jar
7f9fd5106000-7f9fd5109000 r--s 00009000 08:01 1852597                    /home/cynh/.gradle/wrapper/dists/gradle-4.1-all/bzyivzo6n839fup2jbap0tjew/gradle-4.1/lib/plugins/jackson-annotations-2.6.6.jar
7f9fd5109000-7f9fd510d000 r--s 0003c000 08:01 1852595                    /home/cynh/.gradle/wrapper/dists/gradle-4.1-all/bzyivzo6n839fup2jbap0tjew/gradle-4.1/lib/plugins/jackson-core-2.6.6.jar
7f9fd510d000-7f9fd511b000 r--s 00087000 08:01 1852593                    /home/cynh/.gradle/wrapper/dists/gradle-4.1-all/bzyivzo6n839fup2jbap0tjew/gradle-4.1/lib/plugins/aws-java-sdk-core-1.11.6.jar
7f9fd511b000-7f9fd5122000 r--s 00057000 08:01 1852591                    /home/cynh/.gradle/wrapper/dists/gradle-4.1-all/bzyivzo6n839fup2jbap0tjew/gradle-4.1/lib/plugins/aws-java-sdk-kms-1.11.6.jar
7f9fd5122000-7f9fd512f000 r--s 0008e000 08:01 1852589                    /home/cynh/.gradle/wrapper/dists/gradle-4.1-all/bzyivzo6n839fup2jbap0tjew/gradle-4.1/lib/plugins/aws-java-sdk-s3-1.11.6.jar
7f9fd512f000-7f9fd5131000 r--s 00004000 08:01 1852537                    /home/cynh/.gradle/wrapper/dists/gradle-4.1-all/bzyivzo6n839fup2jbap0tjew/gradle-4.1/lib/plugins/gradle-resources-s3-4.1.jar
7f9fd5131000-7f9fd5133000 r--s 00010000 08:01 1852529                    /home/cynh/.gradle/wrapper/dists/gradle-4.1-all/bzyivzo6n839fup2jbap0tjew/gradle-4.1/lib/plugins/gradle-reporting-4.1.jar
7f9fd5133000-7f9fd5135000 r--s 00002000 08:01 1852531                    /home/cynh/.gradle/wrapper/dists/gradle-4.1-all/bzyivzo6n839fup2jbap0tjew/gradle-4.1/lib/plugins/gradle-publish-4.1.jar
7f9fd5135000-7f9fd5137000 r--s 00009000 08:01 1852553                    /home/cynh/.gradle/wrapper/dists/gradle-4.1-all/bzyivzo6n839fup2jbap0tjew/gradle-4.1/lib/plugins/commons-cli-1.2.jar
7f9fd5137000-7f9fd513d000 r--s 00036000 08:01 1852497                    /home/cynh/.gradle/wrapper/dists/gradle-4.1-all/bzyivzo6n839fup2jbap0tjew/gradle-4.1/lib/plugins/gradle-plugins-4.1.jar
7f9fd513d000-7f9fd513f000 r--s 00009000 08:01 1852471                    /home/cynh/.gradle/wrapper/dists/gradle-4.1-all/bzyivzo6n839fup2jbap0tjew/gradle-4.1/lib/plugins/gradle-plugin-development-4.1.jar
7f9fd513f000-7f9fd5145000 r--s 0002b000 08:01 1852487                    /home/cynh/.gradle/wrapper/dists/gradle-4.1-all/bzyivzo6n839fup2jbap0tjew/gradle-4.1/lib/plugins/gradle-platform-play-4.1.jar
7f9fd5145000-7f9fd5154000 r--s 0005b000 08:01 1852523                    /home/cynh/.gradle/wrapper/dists/gradle-4.1-all/bzyivzo6n839fup2jbap0tjew/gradle-4.1/lib/plugins/gradle-platform-native-4.1.jar
7f9fd5154000-7f9fd5158000 r--s 0001b000 08:01 1852517                    /home/cynh/.gradle/wrapper/dists/gradle-4.1-all/bzyivzo6n839fup2jbap0tjew/gradle-4.1/lib/plugins/gradle-platform-jvm-4.1.jar
7f9fd5158000-7f9fd5160000 r--s 00027000 08:01 1852533                    /home/cynh/.gradle/wrapper/dists/gradle-4.1-all/bzyivzo6n839fup2jbap0tjew/gradle-4.1/lib/plugins/gradle-platform-base-4.1.jar
7f9fd5160000-7f9fd5188000 r--s 0021c000 08:01 1852555                    /home/cynh/.gradle/wrapper/dists/gradle-4.1-all/bzyivzo6n839fup2jbap0tjew/gradle-4.1/lib/plugins/biz.aQute.bndlib-3.2.0.jar
7f9fd5188000-7f9fd5189000 r--s 00004000 08:01 1852467                    /home/cynh/.gradle/wrapper/dists/gradle-4.1-all/bzyivzo6n839fup2jbap0tjew/gradle-4.1/lib/plugins/gradle-osgi-4.1.jar
7f9fd5189000-7f9fd518c000 r--s 0000c000 08:01 1852561                    /home/cynh/.gradle/wrapper/dists/gradle-4.1-all/bzyivzo6n839fup2jbap0tjew/gradle-4.1/lib/plugins/pmaven-groovy-0.8-20100325.jar
7f9fd518c000-7f9fd518d000 r--s 00004000 08:01 1852559                    /home/cynh/.gradle/wrapper/dists/gradle-4.1-all/bzyivzo6n839fup2jbap0tjew/gradle-4.1/lib/plugins/pmaven-common-0.8-20100325.jar
7f9fd518d000-7f9fd5193000 r--s 00023000 08:01 1852473                    /home/cynh/.gradle/wrapper/dists/gradle-4.1-all/bzyivzo6n839fup2jbap0tjew/gradle-4.1/lib/plugins/gradle-maven-4.1.jar
7f9fd5193000-7f9fd5196000 r--s 0000b000 08:01 1852509                    /home/cynh/.gradle/wrapper/dists/gradle-4.1-all/bzyivzo6n839fup2jbap0tjew/gradle-4.1/lib/plugins/gradle-language-scala-4.1.jar
7f9fd5196000-7f9fd519d000 r--s 00020000 08:01 1852521                    /home/cynh/.gradle/wrapper/dists/gradle-4.1-all/bzyivzo6n839fup2jbap0tjew/gradle-4.1/lib/plugins/gradle-language-native-4.1.jar
7f9fd519d000-7f9fd519f000 r--s 00005000 08:01 1852515                    /home/cynh/.gradle/wrapper/dists/gradle-4.1-all/bzyivzo6n839fup2jbap0tjew/gradle-4.1/lib/plugins/gradle-language-jvm-4.1.jar
7f9fd519f000-7f9fd51a6000 r--s 0002f000 08:01 1852513                    /home/cynh/.gradle/wrapper/dists/gradle-4.1-all/bzyivzo6n839fup2jbap0tjew/gradle-4.1/lib/plugins/gradle-language-java-4.1.jar
7f9fd51a6000-7f9fd51a9000 r--s 0000a000 08:01 1852507                    /home/cynh/.gradle/wrapper/dists/gradle-4.1-all/bzyivzo6n839fup2jbap0tjew/gradle-4.1/lib/plugins/gradle-language-groovy-4.1.jar
7f9fd51a9000-7f9fd51b0000 r--s 00035000 08:01 1852573                    /home/cynh/.gradle/wrapper/dists/gradle-4.1-all/bzyivzo6n839fup2jbap0tjew/gradle-4.1/lib/plugins/simple-4.1.21.jar
7f9fd51b0000-7f9fd51bc000 r--s 00100000 08:01 1852569                    /home/cynh/.gradle/wrapper/dists/gradle-4.1-all/bzyivzo6n839fup2jbap0tjew/gradle-4.1/lib/plugins/rhino-1.7R3.jar
7f9fd51bc000-7f9fd51c0000 r--s 00012000 08:01 1852489                    /home/cynh/.gradle/wrapper/dists/gradle-4.1-all/bzyivzo6n839fup2jbap0tjew/gradle-4.1/lib/plugins/gradle-javascript-4.1.jar
7f9fd51c0000-7f9fd51c3000 r--s 00011000 08:01 1852493                    /home/cynh/.gradle/wrapper/dists/gradle-4.1-all/bzyivzo6n839fup2jbap0tjew/gradle-4.1/lib/plugins/gradle-jacoco-4.1.jar
7f9fd51c3000-7f9fd51c6000 r--s 0000e000 08:01 1852491                    /home/cynh/.gradle/wrapper/dists/gradle-4.1-all/bzyivzo6n839fup2jbap0tjew/gradle-4.1/lib/plugins/gradle-ivy-4.1.jar
7f9fd51c6000-7f9fd51c7000 r--s 00002000 08:01 1852475                    /home/cynh/.gradle/wrapper/dists/gradle-4.1-all/bzyivzo6n839fup2jbap0tjew/gradle-4.1/lib/plugins/gradle-ide-play-4.1.jar
7f9fd51c7000-7f9fd51ca000 r--s 00013000 08:01 1852477                    /home/cynh/.gradle/wrapper/dists/gradle-4.1-all/bzyivzo6n839fup2jbap0tjew/gradle-4.1/lib/plugins/gradle-ide-native-4.1.jar
7f9fd51ca000-7f9fd51d4000 r--s 00054000 08:01 1852479                    /home/cynh/.gradle/wrapper/dists/gradle-4.1-all/bzyivzo6n839fup2jbap0tjew/gradle-4.1/lib/plugins/gradle-ide-4.1.jar
7f9fd51d4000-7f9fd51d6000 r--s 00007000 08:01 1852485                    /home/cynh/.gradle/wrapper/dists/gradle-4.1-all/bzyivzo6n839fup2jbap0tjew/gradle-4.1/lib/plugins/gradle-ear-4.1.jar
7f9fd51d6000-7f9fd51d8000 r--s 00005000 08:01 1852549                    /home/cynh/.gradle/wrapper/dists/gradle-4.1-all/bzyivzo6n839fup2jbap0tjew/gradle-4.1/lib/plugins/jatl-0.2.2.jar
7f9fd51d8000-7f9fd51df000 r--s 00038000 08:01 1852525                    /home/cynh/.gradle/wrapper/dists/gradle-4.1-all/bzyivzo6n839fup2jbap0tjew/gradle-4.1/lib/plugins/gradle-diagnostics-4.1.jar
7f9fd51df000-7f9fd51e1000 r--s 0000b000 08:01 1852503                    /home/cynh/.gradle/wrapper/dists/gradle-4.1-all/bzyivzo6n839fup2jbap0tjew/gradle-4.1/lib/plugins/gradle-composite-builds-4.1.jar
7f9fd51e1000-7f9fd51e6000 r--s 00025000 08:01 1852463                    /home/cynh/.gradle/wrapper/dists/gradle-4.1-all/bzyivzo6n839fup2jbap0tjew/gradle-4.1/lib/plugins/gradle-code-quality-4.1.jar
7f9fd51e6000-7f9fd51eb000 r--s 00022000 08:01 1852495                    /home/cynh/.gradle/wrapper/dists/gradle-4.1-all/bzyivzo6n839fup2jbap0tjew/gradle-4.1/lib/plugins/gradle-build-init-4.1.jar
7f9fd51eb000-7f9fd51f1000 r--s 0008e000 08:01 1852483                    /home/cynh/.gradle/wrapper/dists/gradle-4.1-all/bzyivzo6n839fup2jbap0tjew/gradle-4.1/lib/plugins/gradle-build-comparison-4.1.jar
7f9fd51f1000-7f9fd51f2000 r--s 00002000 08:01 1852539                    /home/cynh/.gradle/wrapper/dists/gradle-4.1-all/bzyivzo6n839fup2jbap0tjew/gradle-4.1/lib/plugins/gradle-build-cache-http-4.1.jar
7f9fd51f2000-7f9fd51f4000 r--s 00008000 08:01 1852465                    /home/cynh/.gradle/wrapper/dists/gradle-4.1-all/bzyivzo6n839fup2jbap0tjew/gradle-4.1/lib/plugins/gradle-antlr-4.1.jar
7f9fd51f4000-7f9fd51f6000 r--s 00004000 08:01 1852505                    /home/cynh/.gradle/wrapper/dists/gradle-4.1-all/bzyivzo6n839fup2jbap0tjew/gradle-4.1/lib/plugins/gradle-announce-4.1.jar
7f9fd51f6000-7f9fd51f8000 r--s 00008000 08:01 1852345                    /home/cynh/.gradle/wrapper/dists/gradle-4.1-all/bzyivzo6n839fup2jbap0tjew/gradle-4.1/lib/gradle-kotlin-dsl-tooling-builders-0.10.3.jar
7f9fd51f8000-7f9fd51fb000 r--s 0001c000 08:01 1852581                    /home/cynh/.gradle/wrapper/dists/gradle-4.1-all/bzyivzo6n839fup2jbap0tjew/gradle-4.1/lib/plugins/nekohtml-1.9.14.jar
7f9fd51fb000-7f9fd5203000 r--s 00028000 08:01 1852636                    /home/cynh/.gradle/wrapper/dists/gradle-4.1-all/bzyivzo6n839fup2jbap0tjew/gradle-4.1/lib/plugins/xml-apis-1.3.04.jar
7f9fd5203000-7f9fd521b000 r--s 00115000 08:01 1852583                    /home/cynh/.gradle/wrapper/dists/gradle-4.1-all/bzyivzo6n839fup2jbap0tjew/gradle-4.1/lib/plugins/xercesImpl-2.9.1.jar
7f9fd521b000-7f9fd5221000 r--s 0005b000 08:01 1852579                    /home/cynh/.gradle/wrapper/dists/gradle-4.1-all/bzyivzo6n839fup2jbap0tjew/gradle-4.1/lib/plugins/jcifs-1.3.17.jar
7f9fd5221000-7f9fd5228000 r--s 00049000 08:01 1852635                    /home/cynh/.gradle/wrapper/dists/gradle-4.1-all/bzyivzo6n839fup2jbap0tjew/gradle-4.1/lib/plugins/httpcore-4.4.4.jar
7f9fd5228000-7f9fd522e000 r--s 00033000 08:01 1852565                    /home/cynh/.gradle/wrapper/dists/gradle-4.1-all/bzyivzo6n839fup2jbap0tjew/gradle-4.1/lib/plugins/commons-codec-1.6.jar
7f9fd522e000-7f9fd523b000 r--s 000a4000 08:01 1852551                    /home/cynh/.gradle/wrapper/dists/gradle-4.1-all/bzyivzo6n839fup2jbap0tjew/gradle-4.1/lib/plugins/httpclient-4.4.1.jar
7f9fd523b000-7f9fd523d000 r--s 0000b000 08:01 1852541                    /home/cynh/.gradle/wrapper/dists/gradle-4.1-all/bzyivzo6n839fup2jbap0tjew/gradle-4.1/lib/plugins/gradle-resources-http-4.1.jar
7f9fd523d000-7f9fd5241000 r--s 00017000 08:01 1852535                    /home/cynh/.gradle/wrapper/dists/gradle-4.1-all/bzyivzo6n839fup2jbap0tjew/gradle-4.1/lib/plugins/gradle-plugin-use-4.1.jar
7f9fd5241000-7f9fd5242000 r--s 00000000 08:01 1852357                    /home/cynh/.gradle/wrapper/dists/gradle-4.1-all/bzyivzo6n839fup2jbap0tjew/gradle-4.1/lib/gradle-runtime-api-info-4.1.jar
7f9fd5242000-7f9fd5243000 r--s 00000000 08:01 1852363                    /home/cynh/.gradle/wrapper/dists/gradle-4.1-all/bzyivzo6n839fup2jbap0tjew/gradle-4.1/lib/gradle-installation-beacon-4.1.jar
7f9fd5243000-7f9fd5283000 r--s 00277000 08:01 1852605                    /home/cynh/.gradle/wrapper/dists/gradle-4.1-all/bzyivzo6n839fup2jbap0tjew/gradle-4.1/lib/plugins/bcprov-jdk15on-1.51.jar
7f9fd5283000-7f9fd5287000 r--s 0001d000 08:01 1852603                    /home/cynh/.gradle/wrapper/dists/gradle-4.1-all/bzyivzo6n839fup2jbap0tjew/gradle-4.1/lib/plugins/xbean-reflect-3.4.jar
7f9fd5287000-7f9fd5289000 r--s 0000a000 08:01 1852607                    /home/cynh/.gradle/wrapper/dists/gradle-4.1-all/bzyivzo6n839fup2jbap0tjew/gradle-4.1/lib/plugins/maven-settings-3.0.4.jar
7f9fd5289000-7f9fd528c000 r--s 00008000 08:01 1852609                    /home/cynh/.gradle/wrapper/dists/gradle-4.1-all/bzyivzo6n839fup2jbap0tjew/gradle-4.1/lib/plugins/maven-settings-builder-3.0.4.jar
7f9fd528c000-7f9fd5290000 r--s 00033000 08:01 1852610                    /home/cynh/.gradle/wrapper/dists/gradle-4.1-all/bzyivzo6n839fup2jbap0tjew/gradle-4.1/lib/plugins/plexus-utils-2.0.6.jar
7f9fd5290000-7f9fd5292000 r--s 0000d000 08:01 1852611                    /home/cynh/.gradle/wrapper/dists/gradle-4.1-all/bzyivzo6n839fup2jbap0tjew/gradle-4.1/lib/plugins/plexus-interpolation-1.14.jar
7f9fd5292000-7f9fd5294000 r--s 00000000 08:01 1852563                    /home/cynh/.gradle/wrapper/dists/gradle-4.1-all/bzyivzo6n839fup2jbap0tjew/gradle-4.1/lib/plugins/plexus-component-annotations-1.5.5.jar
7f9fd5294000-7f9fd529b000 r--s 0002e000 08:01 1852612                    /home/cynh/.gradle/wrapper/dists/gradle-4.1-all/bzyivzo6n839fup2jbap0tjew/gradle-4.1/lib/plugins/plexus-container-default-1.5.5.jar
7f9fd529b000-7f9fd529d000 r--s 0000a000 08:01 1852613                    /home/cynh/.gradle/wrapper/dists/gradle-4.1-all/bzyivzo6n839fup2jbap0tjew/gradle-4.1/lib/plugins/plexus-classworlds-2.4.jar
7f9fd529d000-7f9fd529f000 r--s 00002000 08:01 1852614                    /home/cynh/.gradle/wrapper/dists/gradle-4.1-all/bzyivzo6n839fup2jbap0tjew/gradle-4.1/lib/plugins/plexus-cipher-1.7.jar
7f9fd529f000-7f9fd52a0000 r--s 00006000 08:01 1852615                    /home/cynh/.gradle/wrapper/dists/gradle-4.1-all/bzyivzo6n839fup2jbap0tjew/gradle-4.1/lib/plugins/plexus-sec-dispatcher-1.3.jar
7f9fd52a0000-7f9fd52a6000 r--s 0003f000 08:01 1852616                    /home/cynh/.gradle/wrapper/dists/gradle-4.1-all/bzyivzo6n839fup2jbap0tjew/gradle-4.1/lib/plugins/maven-compat-3.0.4.jar
7f9fd52a6000-7f9fd52aa000 r--s 00021000 08:01 1852617                    /home/cynh/.gradle/wrapper/dists/gradle-4.1-all/bzyivzo6n839fup2jbap0tjew/gradle-4.1/lib/plugins/maven-model-builder-3.0.4.jar
7f9fd52aa000-7f9fd52ac000 r--s 00026000 08:01 1852618                    /home/cynh/.gradle/wrapper/dists/gradle-4.1-all/bzyivzo6n839fup2jbap0tjew/gradle-4.1/lib/plugins/maven-model-3.0.4.jar
7f9fd52ac000-7f9fd52ae000 r--s 0000b000 08:01 1852619                    /home/cynh/.gradle/wrapper/dists/gradle-4.1-all/bzyivzo6n839fup2jbap0tjew/gradle-4.1/lib/plugins/maven-artifact-3.0.4.jar
7f9fd52ae000-7f9fd52b0000 r--s 00006000 08:01 1852620                    /home/cynh/.gradle/wrapper/dists/gradle-4.1-all/bzyivzo6n839fup2jbap0tjew/gradle-4.1/lib/plugins/maven-repository-metadata-3.0.4.jar
7f9fd52b0000-7f9fd52b2000 r--s 0000b000 08:01 1852621                    /home/cynh/.gradle/wrapper/dists/gradle-4.1-all/bzyivzo6n839fup2jbap0tjew/gradle-4.1/lib/plugins/maven-plugin-api-3.0.4.jar
7f9fd52b2000-7f9fd52b4000 r--s 0000c000 08:01 1852622                    /home/cynh/.gradle/wrapper/dists/gradle-4.1-all/bzyivzo6n839fup2jbap0tjew/gradle-4.1/lib/plugins/maven-aether-provider-3.0.4.jar
7f9fd52b4000-7f9fd52b5000 r--s 00002000 08:01 1852623                    /home/cynh/.gradle/wrapper/dists/gradle-4.1-all/bzyivzo6n839fup2jbap0tjew/gradle-4.1/lib/plugins/wagon-file-2.4.jar
7f9fd52b5000-7f9fd52b6000 r--s 00002000 08:01 1852624                    /home/cynh/.gradle/wrapper/dists/gradle-4.1-all/bzyivzo6n839fup2jbap0tjew/gradle-4.1/lib/plugins/wagon-http-2.4.jar
7f9fd52b6000-7f9fd52b8000 r--s 0000b000 08:01 1852625                    /home/cynh/.gradle/wrapper/dists/gradle-4.1-all/bzyivzo6n839fup2jbap0tjew/gradle-4.1/lib/plugins/wagon-provider-api-2.4.jar
7f9fd52b8000-7f9fd52b9000 r--s 00007000 08:01 1852626                    /home/cynh/.gradle/wrapper/dists/gradle-4.1-all/bzyivzo6n839fup2jbap0tjew/gradle-4.1/lib/plugins/wagon-http-shared4-2.4.jar
7f9fd52b9000-7f9fd52bc000 r--s 00013000 08:01 1852627                    /home/cynh/.gradle/wrapper/dists/gradle-4.1-all/bzyivzo6n839fup2jbap0tjew/gradle-4.1/lib/plugins/aether-api-1.13.1.jar
7f9fd52bc000-7f9fd52bf000 r--s 0001d000 08:01 1852628                    /home/cynh/.gradle/wrapper/dists/gradle-4.1-all/bzyivzo6n839fup2jbap0tjew/gradle-4.1/lib/plugins/aether-impl-1.13.1.jar
7f9fd52bf000-7f9fd52c3000 r--s 0001c000 08:01 1852630                    /home/cynh/.gradle/wrapper/dists/gradle-4.1-all/bzyivzo6n839fup2jbap0tjew/gradle-4.1/lib/plugins/aether-util-1.13.1.jar
7f9fd52c3000-7f9fd52cf000 r--s 0007d000 08:01 1852557                    /home/cynh/.gradle/wrapper/dists/gradle-4.1-all/bzyivzo6n839fup2jbap0tjew/gradle-4.1/lib/plugins/maven-core-3.0.4.jar
7f9fd52cf000-7f9fd52d4000 r--s 00034000 08:01 1852571                    /home/cynh/.gradle/wrapper/dists/gradle-4.1-all/bzyivzo6n839fup2jbap0tjew/gradle-4.1/lib/plugins/gson-2.7.jar
7f9fd52d4000-7f9fd52f8000 r--s 0011a000 08:01 1852547                    /home/cynh/.gradle/wrapper/dists/gradle-4.1-all/bzyivzo6n839fup2jbap0tjew/gradle-4.1/lib/plugins/gradle-dependency-management-4.1.jar
7f9fd52f8000-7f9fd530e000 r-xp 00000000 08:01 1446812                    /lib/x86_64-linux-gnu/libgcc_s.so.1
7f9fd530e000-7f9fd550d000 ---p 00016000 08:01 1446812                    /lib/x86_64-linux-gnu/libgcc_s.so.1
7f9fd550d000-7f9fd550e000 r--p 00015000 08:01 1446812                    /lib/x86_64-linux-gnu/libgcc_s.so.1
7f9fd550e000-7f9fd550f000 rw-p 00016000 08:01 1446812                    /lib/x86_64-linux-gnu/libgcc_s.so.1
7f9fd550f000-7f9fd5688000 r-xp 00000000 08:01 4991406                    /usr/lib/x86_64-linux-gnu/libstdc++.so.6.0.22
7f9fd5688000-7f9fd5887000 ---p 00179000 08:01 4991406                    /usr/lib/x86_64-linux-gnu/libstdc++.so.6.0.22
7f9fd5887000-7f9fd5891000 r--p 00178000 08:01 4991406                    /usr/lib/x86_64-linux-gnu/libstdc++.so.6.0.22
7f9fd5891000-7f9fd5893000 rw-p 00182000 08:01 4991406                    /usr/lib/x86_64-linux-gnu/libstdc++.so.6.0.22
7f9fd5893000-7f9fd5897000 rw-p 00000000 00:00 0 
7f9fd5897000-7f9fd5898000 r--s 00003000 08:01 1852629                    /home/cynh/.gradle/wrapper/dists/gradle-4.1-all/bzyivzo6n839fup2jbap0tjew/gradle-4.1/lib/plugins/aether-spi-1.13.1.jar
7f9fd5898000-7f9fd589a000 r--s 00006000 08:01 1852631                    /home/cynh/.gradle/wrapper/dists/gradle-4.1-all/bzyivzo6n839fup2jbap0tjew/gradle-4.1/lib/plugins/aether-connector-wagon-1.13.1.jar
7f9fd589a000-7f9fd589f000 r--s 00040000 08:01 1852587                    /home/cynh/.gradle/wrapper/dists/gradle-4.1-all/bzyivzo6n839fup2jbap0tjew/gradle-4.1/lib/plugins/jsch-0.1.54.jar
7f9fd589f000-7f9fd58ae000 r--s 000d9000 08:01 1852585                    /home/cynh/.gradle/wrapper/dists/gradle-4.1-all/bzyivzo6n839fup2jbap0tjew/gradle-4.1/lib/plugins/ivy-2.2.0.jar
7f9fd58ae000-7f9fd58b1000 r--s 0000d000 08:01 1852545                    /home/cynh/.gradle/wrapper/dists/gradle-4.1-all/bzyivzo6n839fup2jbap0tjew/gradle-4.1/lib/plugins/gradle-workers-4.1.jar
7f9fd58b1000-7f9fd58b6000 r-xp 00000000 08:01 1588013                    /home/cynh/.gradle/native/25/linux-amd64/libnative-platform.so
7f9fd58b6000-7f9fd5ab5000 ---p 00005000 08:01 1588013                    /home/cynh/.gradle/native/25/linux-amd64/libnative-platform.so
7f9fd5ab5000-7f9fd5ab6000 rw-p 00004000 08:01 1588013                    /home/cynh/.gradle/native/25/linux-amd64/libnative-platform.so
7f9fd5ab6000-7f9fd5ac7000 r-xp 00000000 08:01 1977767                    /opt/android-studio/jre/jre/lib/amd64/libnio.so
7f9fd5ac7000-7f9fd5cc6000 ---p 00011000 08:01 1977767                    /opt/android-studio/jre/jre/lib/amd64/libnio.so
7f9fd5cc6000-7f9fd5cc7000 r--p 00010000 08:01 1977767                    /opt/android-studio/jre/jre/lib/amd64/libnio.so
7f9fd5cc7000-7f9fd5cc8000 rw-p 00011000 08:01 1977767                    /opt/android-studio/jre/jre/lib/amd64/libnio.so
7f9fd5cc8000-7f9fd5cde000 r-xp 00000000 08:01 1977765                    /opt/android-studio/jre/jre/lib/amd64/libnet.so
7f9fd5cde000-7f9fd5ede000 ---p 00016000 08:01 1977765                    /opt/android-studio/jre/jre/lib/amd64/libnet.so
7f9fd5ede000-7f9fd5edf000 r--p 00016000 08:01 1977765                    /opt/android-studio/jre/jre/lib/amd64/libnet.so
7f9fd5edf000-7f9fd5ee0000 rw-p 00017000 08:01 1977765                    /opt/android-studio/jre/jre/lib/amd64/libnet.so
7f9fd5ee0000-7f9fd5ee1000 r--s 00006000 08:01 1852361                    /home/cynh/.gradle/wrapper/dists/gradle-4.1-all/bzyivzo6n839fup2jbap0tjew/gradle-4.1/lib/gradle-wrapper-4.1.jar
7f9fd5ee1000-7f9fd5eee000 r--s 00043000 08:01 1852359                    /home/cynh/.gradle/wrapper/dists/gradle-4.1-all/bzyivzo6n839fup2jbap0tjew/gradle-4.1/lib/gradle-tooling-api-4.1.jar
7f9fd5eee000-7f9fd5efd000 r--s 000c8000 08:01 1852353                    /home/cynh/.gradle/wrapper/dists/gradle-4.1-all/bzyivzo6n839fup2jbap0tjew/gradle-4.1/lib/kotlin-stdlib-1.1.3-2.jar
7f9fd5efd000-7f9fd5f2f000 r--s 0021b000 08:01 1852351                    /home/cynh/.gradle/wrapper/dists/gradle-4.1-all/bzyivzo6n839fup2jbap0tjew/gradle-4.1/lib/kotlin-reflect-1.1.3-2.jar
7f9fd5f2f000-7f9fd60e6000 r--s 01786000 08:01 1852349                    /home/cynh/.gradle/wrapper/dists/gradle-4.1-all/bzyivzo6n839fup2jbap0tjew/gradle-4.1/lib/kotlin-compiler-embeddable-1.1.3-2.jar
7f9fd60e6000-7f9fd60e7000 r--s 00000000 08:01 1852347                    /home/cynh/.gradle/wrapper/dists/gradle-4.1-all/bzyivzo6n839fup2jbap0tjew/gradle-4.1/lib/gradle-kotlin-dsl-tooling-models-0.10.3.jar
7f9fd60e7000-7f9fd60e8000 r--s 00001000 08:01 1852343                    /home/cynh/.gradle/wrapper/dists/gradle-4.1-all/bzyivzo6n839fup2jbap0tjew/gradle-4.1/lib/gradle-kotlin-dsl-compiler-plugin-0.10.3.jar
7f9fd60e8000-7f9fd60ea000 r--s 00003000 08:01 1852339                    /home/cynh/.gradle/wrapper/dists/gradle-4.1-all/bzyivzo6n839fup2jbap0tjew/gradle-4.1/lib/annotations-13.0.jar
7f9fd60ea000-7f9fd60f4000 r--s 00073000 08:01 1852341                    /home/cynh/.gradle/wrapper/dists/gradle-4.1-all/bzyivzo6n839fup2jbap0tjew/gradle-4.1/lib/gradle-kotlin-dsl-0.10.3.jar
7f9fd60f4000-7f9fd60f9000 r--s 00013000 08:01 1852373                    /home/cynh/.gradle/wrapper/dists/gradle-4.1-all/bzyivzo6n839fup2jbap0tjew/gradle-4.1/lib/gradle-resources-4.1.jar
7f9fd60f9000-7f9fd60fb000 r--s 00005000 08:01 1852387                    /home/cynh/.gradle/wrapper/dists/gradle-4.1-all/bzyivzo6n839fup2jbap0tjew/gradle-4.1/lib/gradle-cli-4.1.jar
7f9fd60fb000-7f9fd60fd000 r--s 00003000 08:01 1852401                    /home/cynh/.gradle/wrapper/dists/gradle-4.1-all/bzyivzo6n839fup2jbap0tjew/gradle-4.1/lib/jcl-over-slf4j-1.7.10.jar
7f9fd60fd000-7f9fd60fe000 r--s 00005000 08:01 1852399                    /home/cynh/.gradle/wrapper/dists/gradle-4.1-all/bzyivzo6n839fup2jbap0tjew/gradle-4.1/lib/log4j-over-slf4j-1.7.10.jar
7f9fd60fe000-7f9fd6100000 r--s 00000000 08:01 1852397                    /home/cynh/.gradle/wrapper/dists/gradle-4.1-all/bzyivzo6n839fup2jbap0tjew/gradle-4.1/lib/jul-to-slf4j-1.7.10.jar
7f9fd6100000-7f9fd6107000 r--s 0002c000 08:01 1852369                    /home/cynh/.gradle/wrapper/dists/gradle-4.1-all/bzyivzo6n839fup2jbap0tjew/gradle-4.1/lib/gradle-logging-4.1.jar
7f9fd6107000-7f9fd6117000 r--s 00082000 08:01 1852379                    /home/cynh/.gradle/wrapper/dists/gradle-4.1-all/bzyivzo6n839fup2jbap0tjew/gradle-4.1/lib/gradle-model-core-4.1.jar
7f9fd6117000-7f9fd6119000 r--s 00006000 08:01 1852381                    /home/cynh/.gradle/wrapper/dists/gradle-4.1-all/bzyivzo6n839fup2jbap0tjew/gradle-4.1/lib/gradle-base-services-groovy-4.1.jar
7f9fd6119000-7f9fd611b000 r--s 00007000 08:01 1852377                    /home/cynh/.gradle/wrapper/dists/gradle-4.1-all/bzyivzo6n839fup2jbap0tjew/gradle-4.1/lib/gradle-model-groovy-4.1.jar
7f9fd611b000-7f9fd611c000 r--s 00002000 08:01 1852423                    /home/cynh/.gradle/wrapper/dists/gradle-4.1-all/bzyivzo6n839fup2jbap0tjew/gradle-4.1/lib/gradle-docs-4.1.jar
7f9fd611c000-7f9fd6129000 r--s 00083000 08:01 1852419                    /home/cynh/.gradle/wrapper/dists/gradle-4.1-all/bzyivzo6n839fup2jbap0tjew/gradle-4.1/lib/commons-collections-3.2.2.jar
7f9fd6129000-7f9fd612a000 r--s 00000000 08:01 1852417                    /home/cynh/.gradle/wrapper/dists/gradle-4.1-all/bzyivzo6n839fup2jbap0tjew/gradle-4.1/lib/javax.inject-1.jar
7f9fd612a000-7f9fd619a000 r--s 00645000 08:01 1852413                    /home/cynh/.gradle/wrapper/dists/gradle-4.1-all/bzyivzo6n839fup2jbap0tjew/gradle-4.1/lib/groovy-all-2.4.11.jar
7f9fd619a000-7f9fd619d000 r--s 00023000 08:01 1852425                    /home/cynh/.gradle/wrapper/dists/gradle-4.1-all/bzyivzo6n839fup2jbap0tjew/gradle-4.1/lib/jansi-1.14.jar
7f9fd619d000-7f9fd619e000 r--s 00004000 08:01 1852429                    /home/cynh/.gradle/wrapper/dists/gradle-4.1-all/bzyivzo6n839fup2jbap0tjew/gradle-4.1/lib/native-platform-freebsd-amd64-libcpp-0.14.jar
7f9fd619e000-7f9fd619f000 r--s 00004000 08:01 1852431                    /home/cynh/.gradle/wrapper/dists/gradle-4.1-all/bzyivzo6n839fup2jbap0tjew/gradle-4.1/lib/native-platform-freebsd-amd64-libstdcpp-0.14.jar
7f9fd619f000-7f9fd61a0000 r--s 00004000 08:01 1852433                    /home/cynh/.gradle/wrapper/dists/gradle-4.1-all/bzyivzo6n839fup2jbap0tjew/gradle-4.1/lib/native-platform-freebsd-i386-libcpp-0.14.jar
7f9fd61a0000-7f9fd61a1000 r--s 00003000 08:01 1852435                    /home/cynh/.gradle/wrapper/dists/gradle-4.1-all/bzyivzo6n839fup2jbap0tjew/gradle-4.1/lib/native-platform-freebsd-i386-libstdcpp-0.14.jar
7f9fd61a1000-7f9fd61a2000 r--s 00002000 08:01 1852437                    /home/cynh/.gradle/wrapper/dists/gradle-4.1-all/bzyivzo6n839fup2jbap0tjew/gradle-4.1/lib/native-platform-linux-amd64-0.14.jar
7f9fd61a2000-7f9fd61a3000 r--s 00002000 08:01 1852439                    /home/cynh/.gradle/wrapper/dists/gradle-4.1-all/bzyivzo6n839fup2jbap0tjew/gradle-4.1/lib/native-platform-linux-i386-0.14.jar
7f9fd61a3000-7f9fd61a5000 r--s 00002000 08:01 1852441                    /home/cynh/.gradle/wrapper/dists/gradle-4.1-all/bzyivzo6n839fup2jbap0tjew/gradle-4.1/lib/native-platform-osx-amd64-0.14.jar
7f9fd61a5000-7f9fd61a6000 r--s 00003000 08:01 1852443                    /home/cynh/.gradle/wrapper/dists/gradle-4.1-all/bzyivzo6n839fup2jbap0tjew/gradle-4.1/lib/native-platform-osx-i386-0.14.jar
7f9fd61a6000-7f9fd61a8000 r--s 0000b000 08:01 1852445                    /home/cynh/.gradle/wrapper/dists/gradle-4.1-all/bzyivzo6n839fup2jbap0tjew/gradle-4.1/lib/native-platform-windows-amd64-0.14.jar
7f9fd61a8000-7f9fd61a9000 r--s 0000b000 08:01 1852447                    /home/cynh/.gradle/wrapper/dists/gradle-4.1-all/bzyivzo6n839fup2jbap0tjew/gradle-4.1/lib/native-platform-windows-i386-0.14.jar
7f9fd61a9000-7f9fd61aa000 r--s 00001000 08:01 1852449                    /home/cynh/.gradle/wrapper/dists/gradle-4.1-all/bzyivzo6n839fup2jbap0tjew/gradle-4.1/lib/native-platform-linux-amd64-ncurses5-0.14.jar
7f9fd61aa000-7f9fd61ab000 r--s 00001000 08:01 1852451                    /home/cynh/.gradle/wrapper/dists/gradle-4.1-all/bzyivzo6n839fup2jbap0tjew/gradle-4.1/lib/native-platform-linux-amd64-ncurses6-0.14.jar
7f9fd61ab000-7f9fd61af000 r--s 00012000 08:01 1852421                    /home/cynh/.gradle/wrapper/dists/gradle-4.1-all/bzyivzo6n839fup2jbap0tjew/gradle-4.1/lib/native-platform-0.14.jar
7f9fd61af000-7f9fd61b2000 r--s 0000c000 08:01 1852375                    /home/cynh/.gradle/wrapper/dists/gradle-4.1-all/bzyivzo6n839fup2jbap0tjew/gradle-4.1/lib/gradle-native-4.1.jar
7f9fd61b2000-7f9fd61b4000 r--s 0000f000 08:01 1852391                    /home/cynh/.gradle/wrapper/dists/gradle-4.1-all/bzyivzo6n839fup2jbap0tjew/gradle-4.1/lib/reflectasm-1.07-shaded.jar
7f9fd61b4000-7f9fd61b6000 r--s 00000000 08:01 1852457                    /home/cynh/.gradle/wrapper/dists/gradle-4.1-all/bzyivzo6n839fup2jbap0tjew/gradle-4.1/lib/minlog-1.2.jar
7f9fd61b6000-7f9fd61b8000 r--s 00007000 08:01 1852459                    /home/cynh/.gradle/wrapper/dists/gradle-4.1-all/bzyivzo6n839fup2jbap0tjew/gradle-4.1/lib/objenesis-1.2.jar
7f9fd61b8000-7f9fd61be000 r--s 0002b000 08:01 1852383                    /home/cynh/.gradle/wrapper/dists/gradle-4.1-all/bzyivzo6n839fup2jbap0tjew/gradle-4.1/lib/gradle-messaging-4.1.jar
7f9fd61be000-7f9fd61e6000 r--s 001cf000 08:01 1852405                    /home/cynh/.gradle/wrapper/dists/gradle-4.1-all/bzyivzo6n839fup2jbap0tjew/gradle-4.1/lib/guava-jdk5-17.0.jar
7f9fd61e6000-7f9fd61e7000 ---p 00000000 00:00 0 
7f9fd61e7000-7f9fd62e7000 rw-p 00000000 00:00 0 
7f9fd62e7000-7f9fd62ea000 ---p 00000000 00:00 0 
7f9fd62ea000-7f9fd63e8000 rw-p 00000000 00:00 0 
7f9fd63e8000-7f9fd63eb000 ---p 00000000 00:00 0 
7f9fd63eb000-7f9fd64e9000 rw-p 00000000 00:00 0 
7f9fd64e9000-7f9fd64ec000 ---p 00000000 00:00 0 
7f9fd64ec000-7f9fd65ea000 rw-p 00000000 00:00 0 
7f9fd65ea000-7f9fd65ed000 ---p 00000000 00:00 0 
7f9fd65ed000-7f9fd66eb000 rw-p 00000000 00:00 0 
7f9fd66eb000-7f9fd69c6000 r--p 00000000 08:01 4990966                    /usr/lib/locale/locale-archive
7f9fd69c6000-7f9fd69c9000 ---p 00000000 00:00 0 
7f9fd69c9000-7f9fd6ac7000 rw-p 00000000 00:00 0 
7f9fd6ac7000-7f9fd6aca000 ---p 00000000 00:00 0 
7f9fd6aca000-7f9fd6bc8000 rw-p 00000000 00:00 0 
7f9fd6bc8000-7f9fd6bc9000 ---p 00000000 00:00 0 
7f9fd6bc9000-7f9fd6cc9000 rw-p 00000000 00:00 0 
7f9fd6cc9000-7f9fd6e99000 r--s 03c46000 08:01 1977713                    /opt/android-studio/jre/jre/lib/rt.jar
7f9fd6e99000-7f9fd7699000 rw-p 00000000 00:00 0 
7f9fd7699000-7f9fd76bf000 rw-p 00000000 00:00 0 
7f9fd76bf000-7f9fd789a000 ---p 00000000 00:00 0 
7f9fd789a000-7f9fd78ab000 rw-p 00000000 00:00 0 
7f9fd78ab000-7f9fd799a000 ---p 00000000 00:00 0 
7f9fd799a000-7f9fd79c0000 rw-p 00000000 00:00 0 
7f9fd79c0000-7f9fd7b9a000 ---p 00000000 00:00 0 
7f9fd7b9a000-7f9fd7be8000 rw-p 00000000 00:00 0 
7f9fd7be8000-7f9fd7f5b000 ---p 00000000 00:00 0 
7f9fd7f5b000-7f9fd928b000 rwxp 00000000 00:00 0 
7f9fd928b000-7f9fe6f5b000 ---p 00000000 00:00 0 
7f9fe6f5b000-7f9fe6f75000 r-xp 00000000 08:01 1977752                    /opt/android-studio/jre/jre/lib/amd64/libzip.so
7f9fe6f75000-7f9fe7175000 ---p 0001a000 08:01 1977752                    /opt/android-studio/jre/jre/lib/amd64/libzip.so
7f9fe7175000-7f9fe7176000 r--p 0001a000 08:01 1977752                    /opt/android-studio/jre/jre/lib/amd64/libzip.so
7f9fe7176000-7f9fe7177000 rw-p 0001b000 08:01 1977752                    /opt/android-studio/jre/jre/lib/amd64/libzip.so
7f9fe7177000-7f9fe7182000 r-xp 00000000 08:01 1452947                    /lib/x86_64-linux-gnu/libnss_files-2.24.so
7f9fe7182000-7f9fe7381000 ---p 0000b000 08:01 1452947                    /lib/x86_64-linux-gnu/libnss_files-2.24.so
7f9fe7381000-7f9fe7382000 r--p 0000a000 08:01 1452947                    /lib/x86_64-linux-gnu/libnss_files-2.24.so
7f9fe7382000-7f9fe7383000 rw-p 0000b000 08:01 1452947                    /lib/x86_64-linux-gnu/libnss_files-2.24.so
7f9fe7383000-7f9fe7389000 rw-p 00000000 00:00 0 
7f9fe7389000-7f9fe7394000 r-xp 00000000 08:01 1452949                    /lib/x86_64-linux-gnu/libnss_nis-2.24.so
7f9fe7394000-7f9fe7593000 ---p 0000b000 08:01 1452949                    /lib/x86_64-linux-gnu/libnss_nis-2.24.so
7f9fe7593000-7f9fe7594000 r--p 0000a000 08:01 1452949                    /lib/x86_64-linux-gnu/libnss_nis-2.24.so
7f9fe7594000-7f9fe7595000 rw-p 0000b000 08:01 1452949                    /lib/x86_64-linux-gnu/libnss_nis-2.24.so
7f9fe7595000-7f9fe75ab000 r-xp 00000000 08:01 1452599                    /lib/x86_64-linux-gnu/libnsl-2.24.so
7f9fe75ab000-7f9fe77aa000 ---p 00016000 08:01 1452599                    /lib/x86_64-linux-gnu/libnsl-2.24.so
7f9fe77aa000-7f9fe77ab000 r--p 00015000 08:01 1452599                    /lib/x86_64-linux-gnu/libnsl-2.24.so
7f9fe77ab000-7f9fe77ac000 rw-p 00016000 08:01 1452599                    /lib/x86_64-linux-gnu/libnsl-2.24.so
7f9fe77ac000-7f9fe77ae000 rw-p 00000000 00:00 0 
7f9fe77ae000-7f9fe77b6000 r-xp 00000000 08:01 1452600                    /lib/x86_64-linux-gnu/libnss_compat-2.24.so
7f9fe77b6000-7f9fe79b5000 ---p 00008000 08:01 1452600                    /lib/x86_64-linux-gnu/libnss_compat-2.24.so
7f9fe79b5000-7f9fe79b6000 r--p 00007000 08:01 1452600                    /lib/x86_64-linux-gnu/libnss_compat-2.24.so
7f9fe79b6000-7f9fe79b7000 rw-p 00008000 08:01 1452600                    /lib/x86_64-linux-gnu/libnss_compat-2.24.so
7f9fe79b7000-7f9fe79e4000 r-xp 00000000 08:01 1977738                    /opt/android-studio/jre/jre/lib/amd64/libjava.so
7f9fe79e4000-7f9fe7be3000 ---p 0002d000 08:01 1977738                    /opt/android-studio/jre/jre/lib/amd64/libjava.so
7f9fe7be3000-7f9fe7be4000 r--p 0002c000 08:01 1977738                    /opt/android-studio/jre/jre/lib/amd64/libjava.so
7f9fe7be4000-7f9fe7be6000 rw-p 0002d000 08:01 1977738                    /opt/android-studio/jre/jre/lib/amd64/libjava.so
7f9fe7be6000-7f9fe7bf6000 r-xp 00000000 08:01 1977764                    /opt/android-studio/jre/jre/lib/amd64/libverify.so
7f9fe7bf6000-7f9fe7df5000 ---p 00010000 08:01 1977764                    /opt/android-studio/jre/jre/lib/amd64/libverify.so
7f9fe7df5000-7f9fe7df7000 r--p 0000f000 08:01 1977764                    /opt/android-studio/jre/jre/lib/amd64/libverify.so
7f9fe7df7000-7f9fe7df8000 rw-p 00011000 08:01 1977764                    /opt/android-studio/jre/jre/lib/amd64/libverify.so
7f9fe7df8000-7f9fe7dff000 r-xp 00000000 08:01 1452954                    /lib/x86_64-linux-gnu/librt-2.24.so
7f9fe7dff000-7f9fe7ffe000 ---p 00007000 08:01 1452954                    /lib/x86_64-linux-gnu/librt-2.24.so
7f9fe7ffe000-7f9fe7fff000 r--p 00006000 08:01 1452954                    /lib/x86_64-linux-gnu/librt-2.24.so
7f9fe7fff000-7f9fe8000000 rw-p 00007000 08:01 1452954                    /lib/x86_64-linux-gnu/librt-2.24.so
7f9fe8000000-7f9fe8c96000 rw-p 00000000 00:00 0 
7f9fe8c96000-7f9fec000000 ---p 00000000 00:00 0 
7f9fec000000-7f9fec001000 r--s 00001000 08:01 1852453                    /home/cynh/.gradle/wrapper/dists/gradle-4.1-all/bzyivzo6n839fup2jbap0tjew/gradle-4.1/lib/native-platform-linux-i386-ncurses5-0.14.jar
7f9fec001000-7f9fec005000 r--s 00026000 08:01 1852389                    /home/cynh/.gradle/wrapper/dists/gradle-4.1-all/bzyivzo6n839fup2jbap0tjew/gradle-4.1/lib/kryo-2.20.jar
7f9fec005000-7f9fec007000 r--s 00006000 08:01 1852371                    /home/cynh/.gradle/wrapper/dists/gradle-4.1-all/bzyivzo6n839fup2jbap0tjew/gradle-4.1/lib/gradle-process-services-4.1.jar
7f9fec007000-7f9fec00c000 r--s 00041000 08:01 1852409                    /home/cynh/.gradle/wrapper/dists/gradle-4.1-all/bzyivzo6n839fup2jbap0tjew/gradle-4.1/lib/commons-lang-2.6.jar
7f9fec00c000-7f9fec00f000 r--s 00006000 08:01 1852407                    /home/cynh/.gradle/wrapper/dists/gradle-4.1-all/bzyivzo6n839fup2jbap0tjew/gradle-4.1/lib/jsr305-1.3.9.jar
7f9fec00f000-7f9fec013000 r--s 00027000 08:01 1852395                    /home/cynh/.gradle/wrapper/dists/gradle-4.1-all/bzyivzo6n839fup2jbap0tjew/gradle-4.1/lib/commons-io-2.2.jar
7f9fec013000-7f9fec01b000 r--s 000bd000 08:01 1852393                    /home/cynh/.gradle/wrapper/dists/gradle-4.1-all/bzyivzo6n839fup2jbap0tjew/gradle-4.1/lib/asm-debug-all-6.0_ALPHA.jar
7f9fec01b000-7f9fec03a000 r--s 001d1000 08:01 1852415                    /home/cynh/.gradle/wrapper/dists/gradle-4.1-all/bzyivzo6n839fup2jbap0tjew/gradle-4.1/lib/ant-1.9.6.jar
7f9fec03a000-7f9fec084000 r--s 00253000 08:01 1852365                    /home/cynh/.gradle/wrapper/dists/gradle-4.1-all/bzyivzo6n839fup2jbap0tjew/gradle-4.1/lib/gradle-core-4.1.jar
7f9fec084000-7f9fec0fa000 rw-p 00000000 00:00 0 
7f9fec0fa000-7f9fec202000 r-xp 00000000 08:01 1447033                    /lib/x86_64-linux-gnu/libm-2.24.so
7f9fec202000-7f9fec401000 ---p 00108000 08:01 1447033                    /lib/x86_64-linux-gnu/libm-2.24.so
7f9fec401000-7f9fec402000 r--p 00107000 08:01 1447033                    /lib/x86_64-linux-gnu/libm-2.24.so
7f9fec402000-7f9fec403000 rw-p 00108000 08:01 1447033                    /lib/x86_64-linux-gnu/libm-2.24.so
7f9fec403000-7f9fecffb000 r-xp 00000000 08:01 2109368                    /opt/android-studio/jre/jre/lib/amd64/server/libjvm.so
7f9fecffb000-7f9fed1fb000 ---p 00bf8000 08:01 2109368                    /opt/android-studio/jre/jre/lib/amd64/server/libjvm.so
7f9fed1fb000-7f9fed29a000 r--p 00bf8000 08:01 2109368                    /opt/android-studio/jre/jre/lib/amd64/server/libjvm.so
7f9fed29a000-7f9fed2c3000 rw-p 00c97000 08:01 2109368                    /opt/android-studio/jre/jre/lib/amd64/server/libjvm.so
7f9fed2c3000-7f9fed307000 rw-p 00000000 00:00 0 
7f9fed307000-7f9fed31f000 r-xp 00000000 08:01 1452952                    /lib/x86_64-linux-gnu/libpthread-2.24.so
7f9fed31f000-7f9fed51f000 ---p 00018000 08:01 1452952                    /lib/x86_64-linux-gnu/libpthread-2.24.so
7f9fed51f000-7f9fed520000 r--p 00018000 08:01 1452952                    /lib/x86_64-linux-gnu/libpthread-2.24.so
7f9fed520000-7f9fed521000 rw-p 00019000 08:01 1452952                    /lib/x86_64-linux-gnu/libpthread-2.24.so
7f9fed521000-7f9fed525000 rw-p 00000000 00:00 0 
7f9fed525000-7f9fed528000 r-xp 00000000 08:01 1447032                    /lib/x86_64-linux-gnu/libdl-2.24.so
7f9fed528000-7f9fed727000 ---p 00003000 08:01 1447032                    /lib/x86_64-linux-gnu/libdl-2.24.so
7f9fed727000-7f9fed728000 r--p 00002000 08:01 1447032                    /lib/x86_64-linux-gnu/libdl-2.24.so
7f9fed728000-7f9fed729000 rw-p 00003000 08:01 1447032                    /lib/x86_64-linux-gnu/libdl-2.24.so
7f9fed729000-7f9fed8e7000 r-xp 00000000 08:01 1447029                    /lib/x86_64-linux-gnu/libc-2.24.so
7f9fed8e7000-7f9fedae6000 ---p 001be000 08:01 1447029                    /lib/x86_64-linux-gnu/libc-2.24.so
7f9fedae6000-7f9fedaea000 r--p 001bd000 08:01 1447029                    /lib/x86_64-linux-gnu/libc-2.24.so
7f9fedaea000-7f9fedaec000 rw-p 001c1000 08:01 1447029                    /lib/x86_64-linux-gnu/libc-2.24.so
7f9fedaec000-7f9fedaf0000 rw-p 00000000 00:00 0 
7f9fedaf0000-7f9fedb06000 r-xp 00000000 08:01 1977677                    /opt/android-studio/jre/lib/amd64/jli/libjli.so
7f9fedb06000-7f9fedd05000 ---p 00016000 08:01 1977677                    /opt/android-studio/jre/lib/amd64/jli/libjli.so
7f9fedd05000-7f9fedd06000 r--p 00015000 08:01 1977677                    /opt/android-studio/jre/lib/amd64/jli/libjli.so
7f9fedd06000-7f9fedd07000 rw-p 00016000 08:01 1977677                    /opt/android-studio/jre/lib/amd64/jli/libjli.so
7f9fedd07000-7f9fedd2d000 r-xp 00000000 08:01 1447025                    /lib/x86_64-linux-gnu/ld-2.24.so
7f9fedd2d000-7f9fedd2f000 r--s 00000000 08:01 1852367                    /home/cynh/.gradle/wrapper/dists/gradle-4.1-all/bzyivzo6n839fup2jbap0tjew/gradle-4.1/lib/gradle-jvm-services-4.1.jar
7f9fedd2f000-7f9fedd3b000 r--s 00053000 08:01 1852385                    /home/cynh/.gradle/wrapper/dists/gradle-4.1-all/bzyivzo6n839fup2jbap0tjew/gradle-4.1/lib/gradle-base-services-4.1.jar
7f9fedd3b000-7f9fede0c000 rw-p 00000000 00:00 0 
7f9fede0c000-7f9fede0f000 ---p 00000000 00:00 0 
7f9fede0f000-7f9fedf0f000 rw-p 00000000 00:00 0 
7f9fedf0f000-7f9fedf10000 r--s 00001000 08:01 1852455                    /home/cynh/.gradle/wrapper/dists/gradle-4.1-all/bzyivzo6n839fup2jbap0tjew/gradle-4.1/lib/native-platform-linux-i386-ncurses6-0.14.jar
7f9fedf10000-7f9fedf11000 r--s 00000000 08:01 1852411                    /home/cynh/.gradle/wrapper/dists/gradle-4.1-all/bzyivzo6n839fup2jbap0tjew/gradle-4.1/lib/jcip-annotations-1.0.jar
7f9fedf11000-7f9fedf12000 r--s 00007000 08:01 1852403                    /home/cynh/.gradle/wrapper/dists/gradle-4.1-all/bzyivzo6n839fup2jbap0tjew/gradle-4.1/lib/slf4j-api-1.7.10.jar
7f9fedf12000-7f9fedf13000 r--s 00004000 08:01 1852427                    /home/cynh/.gradle/wrapper/dists/gradle-4.1-all/bzyivzo6n839fup2jbap0tjew/gradle-4.1/lib/ant-launcher-1.9.6.jar
7f9fedf13000-7f9fedf1f000 r--s 0005c000 08:01 1852355                    /home/cynh/.gradle/wrapper/dists/gradle-4.1-all/bzyivzo6n839fup2jbap0tjew/gradle-4.1/lib/gradle-launcher-4.1.jar
7f9fedf1f000-7f9fedf27000 rw-s 00000000 08:01 2111412                    /tmp/hsperfdata_cynh/43897
7f9fedf27000-7f9fedf28000 rw-p 00000000 00:00 0 
7f9fedf28000-7f9fedf29000 ---p 00000000 00:00 0 
7f9fedf29000-7f9fedf2c000 rw-p 00000000 00:00 0 
7f9fedf2c000-7f9fedf2d000 r--p 00025000 08:01 1447025                    /lib/x86_64-linux-gnu/ld-2.24.so
7f9fedf2d000-7f9fedf2e000 rw-p 00026000 08:01 1447025                    /lib/x86_64-linux-gnu/ld-2.24.so
7f9fedf2e000-7f9fedf2f000 rw-p 00000000 00:00 0 
7ffed1862000-7ffed1883000 rw-p 00000000 00:00 0                          [stack]
7ffed18b0000-7ffed18b2000 r--p 00000000 00:00 0                          [vvar]
7ffed18b2000-7ffed18b4000 r-xp 00000000 00:00 0                          [vdso]
ffffffffff600000-ffffffffff601000 r-xp 00000000 00:00 0                  [vsyscall]

VM Arguments:
jvm_args: -Xmx1536m -Dfile.encoding=UTF-8 -Duser.country=US -Duser.language=en -Duser.variant 
java_command: org.gradle.launcher.daemon.bootstrap.GradleDaemon 4.1
java_class_path (initial): /home/cynh/.gradle/wrapper/dists/gradle-4.1-all/bzyivzo6n839fup2jbap0tjew/gradle-4.1/lib/gradle-launcher-4.1.jar
Launcher Type: SUN_STANDARD

Environment Variables:
PATH=/usr/local/sbin:/usr/local/bin:/usr/sbin:/usr/bin:/sbin:/bin:/usr/games:/usr/local/games:/snap/bin
LD_LIBRARY_PATH=/opt/android-studio/bin:
SHELL=/bin/bash
DISPLAY=:0

Signal Handlers:
SIGSEGV: [libjvm.so+0x9ebc60], sa_mask[0]=11111111011111111101111111111110, sa_flags=SA_RESTART|SA_SIGINFO
SIGBUS: [libjvm.so+0x9ebc60], sa_mask[0]=11111111011111111101111111111110, sa_flags=SA_RESTART|SA_SIGINFO
SIGFPE: [libjvm.so+0x84cf60], sa_mask[0]=11111111011111111101111111111110, sa_flags=SA_RESTART|SA_SIGINFO
SIGPIPE: [libjvm.so+0x84cf60], sa_mask[0]=11111111011111111101111111111110, sa_flags=SA_RESTART|SA_SIGINFO
SIGXFSZ: [libjvm.so+0x84cf60], sa_mask[0]=11111111011111111101111111111110, sa_flags=SA_RESTART|SA_SIGINFO
SIGILL: [libjvm.so+0x84cf60], sa_mask[0]=11111111011111111101111111111110, sa_flags=SA_RESTART|SA_SIGINFO
SIGUSR1: SIG_DFL, sa_mask[0]=00000000000000000000000000000000, sa_flags=none
SIGUSR2: [libjvm.so+0x84ce30], sa_mask[0]=00100000000000000000000000000000, sa_flags=SA_RESTART|SA_SIGINFO
SIGHUP: SIG_IGN, sa_mask[0]=00000000000000000000000000000000, sa_flags=none
SIGINT: [libjvm.so+0x84d020], sa_mask[0]=11111111011111111101111111111110, sa_flags=SA_RESTART|SA_SIGINFO
SIGTERM: [libjvm.so+0x84d020], sa_mask[0]=11111111011111111101111111111110, sa_flags=SA_RESTART|SA_SIGINFO
SIGQUIT: [libjvm.so+0x84d020], sa_mask[0]=11111111011111111101111111111110, sa_flags=SA_RESTART|SA_SIGINFO


---------------  S Y S T E M  ---------------

OS:DISTRIB_ID=Ubuntu
DISTRIB_RELEASE=17.04
DISTRIB_CODENAME=zesty
DISTRIB_DESCRIPTION="Ubuntu 17.04"

uname:Linux 4.10.0-38-generic #42-Ubuntu SMP Tue Oct 10 13:24:27 UTC 2017 x86_64
libc:glibc 2.24 NPTL 2.24 
rlimit: STACK 8192k, CORE 0k, NPROC 7739, NOFILE 4096, AS infinity
load average:5.41 5.29 5.10

/proc/meminfo:
MemTotal:        2027028 kB
MemFree:           62260 kB
MemAvailable:      11464 kB
Buffers:             460 kB
Cached:            14508 kB
SwapCached:         1896 kB
Active:          1071692 kB
Inactive:         361068 kB
Active(anon):    1063944 kB
Inactive(anon):   354688 kB
Active(file):       7748 kB
Inactive(file):     6380 kB
Unevictable:          48 kB
Mlocked:              48 kB
SwapTotal:       2097148 kB
SwapFree:              0 kB
Dirty:               132 kB
Writeback:           128 kB
AnonPages:       1416228 kB
Mapped:            11464 kB
Shmem:               692 kB
Slab:              95080 kB
SReclaimable:      34776 kB
SUnreclaim:        60304 kB
KernelStack:       13120 kB
PageTables:        43396 kB
NFS_Unstable:          0 kB
Bounce:                0 kB
WritebackTmp:          0 kB
CommitLimit:     3110660 kB
Committed_AS:    7164532 kB
VmallocTotal:   34359738367 kB
VmallocUsed:           0 kB
VmallocChunk:          0 kB
HardwareCorrupted:     0 kB
AnonHugePages:    167936 kB
ShmemHugePages:        0 kB
ShmemPmdMapped:        0 kB
CmaTotal:              0 kB
CmaFree:               0 kB
HugePages_Total:       0
HugePages_Free:        0
HugePages_Rsvd:        0
HugePages_Surp:        0
Hugepagesize:       2048 kB
DirectMap4k:      341888 kB
DirectMap2M:     1755136 kB
DirectMap1G:           0 kB


CPU:total 1 (initial active 1) (1 cores per cpu, 1 threads per core) family 6 model 142 stepping 9, cmov, cx8, fxsr, mmx, sse, sse2, sse3, ssse3, sse4.1, sse4.2, popcnt, avx, avx2, aes, clmul, erms, 3dnowpref, lzcnt, tsc, tscinvbit, bmi1, bmi2, adx

/proc/cpuinfo:
processor	: 0
vendor_id	: GenuineIntel
cpu family	: 6
model		: 142
model name	: Intel(R) Core(TM) i5-7200U CPU @ 2.50GHz
stepping	: 9
microcode	: 0x3c
cpu MHz		: 2712.000
cache size	: 3072 KB
physical id	: 0
siblings	: 1
core id		: 0
cpu cores	: 1
apicid		: 0
initial apicid	: 0
fpu		: yes
fpu_exception	: yes
cpuid level	: 22
wp		: yes
flags		: fpu vme de pse tsc msr pae mce cx8 apic sep mtrr pge mca cmov pat pse36 clflush dts mmx fxsr sse sse2 ss syscall nx pdpe1gb rdtscp lm constant_tsc arch_perfmon pebs bts nopl xtopology tsc_reliable nonstop_tsc aperfmperf pni pclmulqdq ssse3 fma cx16 pcid sse4_1 sse4_2 x2apic movbe popcnt tsc_deadline_timer aes xsave avx f16c rdrand hypervisor lahf_lm abm 3dnowprefetch epb fsgsbase tsc_adjust bmi1 avx2 smep bmi2 invpcid rdseed adx smap xsaveopt dtherm ida arat pln pts hwp hwp_notify hwp_act_window hwp_epp
bugs		:
bogomips	: 5424.00
clflush size	: 64
cache_alignment	: 64
address sizes	: 42 bits physical, 48 bits virtual
power management:



Memory: 4k page, physical 2027028k(62260k free), swap 2097148k(0k free)

vm_info: OpenJDK 64-Bit Server VM (25.152-b01) for linux-amd64 JRE (1.8.0_152-release-915-b01), built by "builder" with gcc 4.8.4

time: Thu Nov 23 01:11:50 2017
elapsed time: 58 seconds (0d 0h 0m 58s)

