#
# There is insufficient memory for the Java Runtime Environment to continue.
# Native memory allocation (mmap) failed to map 47620096 bytes for committing reserved memory.
# Possible reasons:
#   The system is out of physical RAM or swap space
#   In 32 bit mode, the process size limit was hit
# Possible solutions:
#   Reduce memory load on the system
#   Increase physical memory or swap space
#   Check if swap backing store is full
#   Use 64 bit Java on a 64 bit OS
#   Decrease Java heap size (-Xmx/-Xms)
#   Decrease number of Java threads
#   Decrease Java thread stack sizes (-Xss)
#   Set larger code cache with -XX:ReservedCodeCacheSize=
# This output file may be truncated or incomplete.
#
#  Out of Memory Error (os_linux.cpp:2640), pid=43944, tid=0x00007fc6bb51a700
#
# JRE version: OpenJDK Runtime Environment (8.0_152-b01) (build 1.8.0_152-release-915-b01)
# Java VM: OpenJDK 64-Bit Server VM (25.152-b01 mixed mode linux-amd64 compressed oops)
# Failed to write core dump. Core dumps have been disabled. To enable core dumping, try "ulimit -c unlimited" before starting Java again
#

---------------  T H R E A D  ---------------

Current thread (0x00007fc6cc06e800):  VMThread [stack: 0x00007fc6bb41a000,0x00007fc6bb51b000] [id=43948]

Stack: [0x00007fc6bb41a000,0x00007fc6bb51b000],  sp=0x00007fc6bb519580,  free space=1021k
Native frames: (J=compiled Java code, j=interpreted, Vv=VM code, C=native code)
V  [libjvm.so+0x9eb15d]  VMError::report_and_die()+0x15d
V  [libjvm.so+0x4b8eaa]  report_vm_out_of_memory(char const*, int, unsigned long, VMErrorType, char const*)+0x8a
V  [libjvm.so+0x851370]  os::pd_commit_memory(char*, unsigned long, unsigned long, bool)+0xf0
V  [libjvm.so+0x84be8f]  os::commit_memory(char*, unsigned long, unsigned long, bool)+0x1f
V  [libjvm.so+0x9e7fd4]  VirtualSpace::expand_by(unsigned long, bool)+0x1b4
V  [libjvm.so+0x5a140e]  OneContigSpaceCardGeneration::grow_by(unsigned long)+0x1e
V  [libjvm.so+0x5a1745]  OneContigSpaceCardGeneration::expand(unsigned long, unsigned long)+0x85
V  [libjvm.so+0x592950]  GenCollectedHeap::do_collection(bool, bool, unsigned long, bool, int)+0x780
V  [libjvm.so+0x44c272]  GenCollectorPolicy::satisfy_failed_allocation(unsigned long, bool)+0xb2
V  [libjvm.so+0x9ec161]  VM_GenCollectForAllocation::doit()+0x81
V  [libjvm.so+0x9f1197]  VM_Operation::evaluate()+0x47
V  [libjvm.so+0x9efb78]  VMThread::evaluate_operation(VM_Operation*)+0x2c8
V  [libjvm.so+0x9efff9]  VMThread::loop()+0x219
V  [libjvm.so+0x9f0442]  VMThread::run()+0x72
V  [libjvm.so+0x84e792]  java_start(Thread*)+0xf2

VM_Operation (0x00007fc6999001b0): GenCollectForAllocation, mode: safepoint, requested by thread 0x00007fc6acbaf800


---------------  P R O C E S S  ---------------

Java Threads: ( => current thread )
  0x00007fc6acbaf800 JavaThread "ForkJoinPool.commonPool-worker-1" daemon [_thread_blocked, id=43974, stack(0x00007fc699801000,0x00007fc699902000)]
  0x00007fc6ad142800 JavaThread "Cache worker for task history cache (/home/cynh/workspace/Grosses_Tetes/Grosses_Tetes/.gradle/4.1/taskHistory)" [_thread_blocked, id=43973, stack(0x00007fc699b02000,0x00007fc699c03000)]
  0x00007fc6ad0f2800 JavaThread "Cache worker for file content cache (/home/cynh/workspace/Grosses_Tetes/Grosses_Tetes/.gradle/4.1/fileContent)" [_thread_blocked, id=43972, stack(0x00007fc699c03000,0x00007fc699d04000)]
  0x00007fc6accbf000 JavaThread "Memory manager" [_thread_blocked, id=43971, stack(0x00007fc69ab19000,0x00007fc69ac1a000)]
  0x00007fc6ac18e800 JavaThread "build operations" [_thread_blocked, id=43970, stack(0x00007fc6b800f000,0x00007fc6b8110000)]
  0x00007fc6ac7ff000 JavaThread "Cache worker for Artifact transforms cache (/home/cynh/.gradle/caches/transforms-1)" [_thread_blocked, id=43969, stack(0x00007fc6b8312000,0x00007fc6b8413000)]
  0x00007fc6ac236800 JavaThread "Cache worker for file hash cache (/home/cynh/workspace/Grosses_Tetes/Grosses_Tetes/.gradle/4.1/fileHashes)" [_thread_blocked, id=43968, stack(0x00007fc6b8634000,0x00007fc6b8735000)]
  0x00007fc6ac1d4000 JavaThread "File lock request listener" [_thread_in_native, id=43967, stack(0x00007fc6b8935000,0x00007fc6b8a36000)]
  0x00007fc6ac15c000 JavaThread "Cache worker for file hash cache (/home/cynh/.gradle/caches/4.1/fileHashes)" [_thread_blocked, id=43966, stack(0x00007fc6b8a36000,0x00007fc6b8b37000)]
  0x00007fc6ac013000 JavaThread "Stdin handler" [_thread_blocked, id=43965, stack(0x00007fc6b8d37000,0x00007fc6b8e38000)]
  0x00007fc6ac00e800 JavaThread "Asynchronous log dispatcher for DefaultDaemonConnection: socket connection from /127.0.0.1:41871 to /127.0.0.1:38586" [_thread_blocked, id=43964, stack(0x00007fc6b8e38000,0x00007fc6b8f39000)]
  0x00007fc6a8180800 JavaThread "Daemon worker" [_thread_blocked, id=43961, stack(0x00007fc6b8f39000,0x00007fc6b903a000)]
  0x00007fc6a817f000 JavaThread "Cancel handler" [_thread_blocked, id=43960, stack(0x00007fc6b903a000,0x00007fc6b913b000)]
  0x00007fc6a817e000 JavaThread "Handler for socket connection from /127.0.0.1:41871 to /127.0.0.1:38586" [_thread_in_native, id=43959, stack(0x00007fc6b913b000,0x00007fc6b923c000)]
  0x00007fc6a0014000 JavaThread "Daemon" [_thread_blocked, id=43958, stack(0x00007fc6b923c000,0x00007fc6b933d000)]
  0x00007fc6ccc72000 JavaThread "Daemon periodic checks" [_thread_blocked, id=43957, stack(0x00007fc6b933d000,0x00007fc6b943e000)]
  0x00007fc6ccc56000 JavaThread "Incoming local TCP Connector on port 41871" [_thread_in_native, id=43956, stack(0x00007fc6b9445000,0x00007fc6b9546000)]
  0x00007fc6cc0b4800 JavaThread "Service Thread" daemon [_thread_blocked, id=43954, stack(0x00007fc6bab39000,0x00007fc6bac3a000)]
  0x00007fc6cc0b1800 JavaThread "C1 CompilerThread1" daemon [_thread_blocked, id=43953, stack(0x00007fc6bac3a000,0x00007fc6bad3b000)]
  0x00007fc6cc0af800 JavaThread "C2 CompilerThread0" daemon [_thread_blocked, id=43952, stack(0x00007fc6bad3b000,0x00007fc6bae3c000)]
  0x00007fc6cc0ae000 JavaThread "Signal Dispatcher" daemon [_thread_blocked, id=43951, stack(0x00007fc6bae3c000,0x00007fc6baf3d000)]
  0x00007fc6cc07b000 JavaThread "Finalizer" daemon [_thread_blocked, id=43950, stack(0x00007fc6bb218000,0x00007fc6bb319000)]
  0x00007fc6cc076800 JavaThread "Reference Handler" daemon [_thread_blocked, id=43949, stack(0x00007fc6bb319000,0x00007fc6bb41a000)]
  0x00007fc6cc00a800 JavaThread "main" [_thread_blocked, id=43947, stack(0x00007fc6d26b7000,0x00007fc6d27b8000)]

Other Threads:
=>0x00007fc6cc06e800 VMThread [stack: 0x00007fc6bb41a000,0x00007fc6bb51b000] [id=43948]
  0x00007fc6cc0b7800 WatcherThread [stack: 0x00007fc6baa38000,0x00007fc6bab39000] [id=43955]

VM state:at safepoint (normal execution)

VM Mutex/Monitor currently owned by a thread:  ([mutex/lock_event])
[0x00007fc6cc006e00] Threads_lock - owner thread: 0x00007fc6cc06e800
[0x00007fc6cc007300] Heap_lock - owner thread: 0x00007fc6acbaf800

Heap:
 def new generation   total 30080K, used 0K [0x00000000a0000000, 0x00000000a20a0000, 0x00000000c0000000)
  eden space 26752K,   0% used [0x00000000a0000000, 0x00000000a0000000, 0x00000000a1a20000)
  from space 3328K,   0% used [0x00000000a1a20000, 0x00000000a1a20000, 0x00000000a1d60000)
  to   space 3328K,   0% used [0x00000000a1d60000, 0x00000000a1d60000, 0x00000000a20a0000)
 tenured generation   total 77156K, used 74193K [0x00000000c0000000, 0x00000000c4b59000, 0x0000000100000000)
   the space 77156K,  96% used [0x00000000c0000000, 0x00000000c4874720, 0x00000000c4874800, 0x00000000c4b59000)
 Metaspace       used 54179K, capacity 56076K, committed 56152K, reserved 1097728K
  class space    used 7320K, capacity 7795K, committed 7808K, reserved 1048576K

Card table byte_map: [0x00007fc6bc0ec000,0x00007fc6bc3ed000] byte_map_base: 0x00007fc6bbbec000

Polling page: 0x00007fc6d27d3000

CodeCache: size=245760Kb used=19393Kb max_used=19428Kb free=226366Kb
 bounds [0x00007fc6bc7ad000, 0x00007fc6bdadd000, 0x00007fc6cb7ad000]
 total_blobs=7220 nmethods=6464 adapters=669
 compilation: enabled

Compilation events (10 events):
Event: 54.372 Thread 0x00007fc6cc0af800 nmethod 7359 0x00007fc6bd72db90 code [0x00007fc6bd72dce0, 0x00007fc6bd72dfb8]
Event: 54.372 Thread 0x00007fc6cc0af800 7361       4       java.util.TreeMap::put (247 bytes)
Event: 54.425 Thread 0x00007fc6cc0af800 nmethod 7361 0x00007fc6bd72eb10 code [0x00007fc6bd72ece0, 0x00007fc6bd72f9f8]
Event: 54.425 Thread 0x00007fc6cc0af800 7360       4       com.android.dex.Mutf8::encode (153 bytes)
Event: 54.436 Thread 0x00007fc6cc0af800 nmethod 7360 0x00007fc6bd72b450 code [0x00007fc6bd72b5c0, 0x00007fc6bd72bbb8]
Event: 54.436 Thread 0x00007fc6cc0af800 7351   !   4       com.android.dex.Dex$Section::readString (172 bytes)
Event: 54.502 Thread 0x00007fc6cc0af800 nmethod 7351 0x00007fc6bd72c510 code [0x00007fc6bd72c700, 0x00007fc6bd72d0a8]
Event: 54.502 Thread 0x00007fc6cc0af800 7357       4       com.android.dx.merge.DexMerger$IdMerger::readIntoMap (85 bytes)
Event: 54.537 Thread 0x00007fc6cc0af800 nmethod 7357 0x00007fc6bd728450 code [0x00007fc6bd728620, 0x00007fc6bd728d58]
Event: 54.537 Thread 0x00007fc6cc0af800 7358       4       com.android.dx.merge.DexMerger$1::read (8 bytes)

GC Heap History (10 events):
Event: 53.220 GC heap after
Heap after GC invocations=62 (full 3):
 def new generation   total 19328K, used 2111K [0x00000000a0000000, 0x00000000a14f0000, 0x00000000c0000000)
  eden space 17216K,   0% used [0x00000000a0000000, 0x00000000a0000000, 0x00000000a10d0000)
  from space 2112K,  99% used [0x00000000a12e0000, 0x00000000a14efff8, 0x00000000a14f0000)
  to   space 2112K,   0% used [0x00000000a10d0000, 0x00000000a10d0000, 0x00000000a12e0000)
 tenured generation   total 42684K, used 39967K [0x00000000c0000000, 0x00000000c29af000, 0x0000000100000000)
   the space 42684K,  93% used [0x00000000c0000000, 0x00000000c2707c98, 0x00000000c2707e00, 0x00000000c29af000)
 Metaspace       used 53996K, capacity 55844K, committed 55896K, reserved 1097728K
  class space    used 7296K, capacity 7759K, committed 7808K, reserved 1048576K
}
Event: 53.321 GC heap before
{Heap before GC invocations=62 (full 3):
 def new generation   total 19328K, used 19327K [0x00000000a0000000, 0x00000000a14f0000, 0x00000000c0000000)
  eden space 17216K, 100% used [0x00000000a0000000, 0x00000000a10d0000, 0x00000000a10d0000)
  from space 2112K,  99% used [0x00000000a12e0000, 0x00000000a14efff8, 0x00000000a14f0000)
  to   space 2112K,   0% used [0x00000000a10d0000, 0x00000000a10d0000, 0x00000000a12e0000)
 tenured generation   total 42684K, used 39967K [0x00000000c0000000, 0x00000000c29af000, 0x0000000100000000)
   the space 42684K,  93% used [0x00000000c0000000, 0x00000000c2707c98, 0x00000000c2707e00, 0x00000000c29af000)
 Metaspace       used 53996K, capacity 55844K, committed 55896K, reserved 1097728K
  class space    used 7296K, capacity 7759K, committed 7808K, reserved 1048576K
Event: 53.572 GC heap after
Heap after GC invocations=63 (full 4):
 def new generation   total 30080K, used 0K [0x00000000a0000000, 0x00000000a20a0000, 0x00000000c0000000)
  eden space 26752K,   0% used [0x00000000a0000000, 0x00000000a0000000, 0x00000000a1a20000)
  from space 3328K,   0% used [0x00000000a1a20000, 0x00000000a1a20000, 0x00000000a1d60000)
  to   space 3328K,   0% used [0x00000000a1d60000, 0x00000000a1d60000, 0x00000000a20a0000)
 tenured generation   total 66548K, used 39927K [0x00000000c0000000, 0x00000000c40fd000, 0x0000000100000000)
   the space 66548K,  59% used [0x00000000c0000000, 0x00000000c26fdc30, 0x00000000c26fde00, 0x00000000c40fd000)
 Metaspace       used 53996K, capacity 55844K, committed 55896K, reserved 1097728K
  class space    used 7296K, capacity 7759K, committed 7808K, reserved 1048576K
}
Event: 53.724 GC heap before
{Heap before GC invocations=63 (full 4):
 def new generation   total 30080K, used 26752K [0x00000000a0000000, 0x00000000a20a0000, 0x00000000c0000000)
  eden space 26752K, 100% used [0x00000000a0000000, 0x00000000a1a20000, 0x00000000a1a20000)
  from space 3328K,   0% used [0x00000000a1a20000, 0x00000000a1a20000, 0x00000000a1d60000)
  to   space 3328K,   0% used [0x00000000a1d60000, 0x00000000a1d60000, 0x00000000a20a0000)
 tenured generation   total 66548K, used 39927K [0x00000000c0000000, 0x00000000c40fd000, 0x0000000100000000)
   the space 66548K,  59% used [0x00000000c0000000, 0x00000000c26fdc30, 0x00000000c26fde00, 0x00000000c40fd000)
 Metaspace       used 53999K, capacity 55844K, committed 55896K, reserved 1097728K
  class space    used 7296K, capacity 7759K, committed 7808K, reserved 1048576K
Event: 53.734 GC heap after
Heap after GC invocations=64 (full 4):
 def new generation   total 30080K, used 3327K [0x00000000a0000000, 0x00000000a20a0000, 0x00000000c0000000)
  eden space 26752K,   0% used [0x00000000a0000000, 0x00000000a0000000, 0x00000000a1a20000)
  from space 3328K,  99% used [0x00000000a1d60000, 0x00000000a209fff8, 0x00000000a20a0000)
  to   space 3328K,   0% used [0x00000000a1a20000, 0x00000000a1a20000, 0x00000000a1d60000)
 tenured generation   total 66548K, used 43852K [0x00000000c0000000, 0x00000000c40fd000, 0x0000000100000000)
   the space 66548K,  65% used [0x00000000c0000000, 0x00000000c2ad31e0, 0x00000000c2ad3200, 0x00000000c40fd000)
 Metaspace       used 53999K, capacity 55844K, committed 55896K, reserved 1097728K
  class space    used 7296K, capacity 7759K, committed 7808K, reserved 1048576K
}
Event: 53.892 GC heap before
{Heap before GC invocations=64 (full 4):
 def new generation   total 30080K, used 30079K [0x00000000a0000000, 0x00000000a20a0000, 0x00000000c0000000)
  eden space 26752K, 100% used [0x00000000a0000000, 0x00000000a1a20000, 0x00000000a1a20000)
  from space 3328K,  99% used [0x00000000a1d60000, 0x00000000a209fff8, 0x00000000a20a0000)
  to   space 3328K,   0% used [0x00000000a1a20000, 0x00000000a1a20000, 0x00000000a1d60000)
 tenured generation   total 66548K, used 43852K [0x00000000c0000000, 0x00000000c40fd000, 0x0000000100000000)
   the space 66548K,  65% used [0x00000000c0000000, 0x00000000c2ad31e0, 0x00000000c2ad3200, 0x00000000c40fd000)
 Metaspace       used 53999K, capacity 55844K, committed 55896K, reserved 1097728K
  class space    used 7296K, capacity 7759K, committed 7808K, reserved 1048576K
Event: 53.911 GC heap after
Heap after GC invocations=65 (full 4):
 def new generation   total 30080K, used 3328K [0x00000000a0000000, 0x00000000a20a0000, 0x00000000c0000000)
  eden space 26752K,   0% used [0x00000000a0000000, 0x00000000a0000000, 0x00000000a1a20000)
  from space 3328K, 100% used [0x00000000a1a20000, 0x00000000a1d60000, 0x00000000a1d60000)
  to   space 3328K,   0% used [0x00000000a1d60000, 0x00000000a1d60000, 0x00000000a20a0000)
 tenured generation   total 66548K, used 50883K [0x00000000c0000000, 0x00000000c40fd000, 0x0000000100000000)
   the space 66548K,  76% used [0x00000000c0000000, 0x00000000c31b0c28, 0x00000000c31b0e00, 0x00000000c40fd000)
 Metaspace       used 53999K, capacity 55844K, committed 55896K, reserved 1097728K
  class space    used 7296K, capacity 7759K, committed 7808K, reserved 1048576K
}
Event: 54.131 GC heap before
{Heap before GC invocations=65 (full 4):
 def new generation   total 30080K, used 29671K [0x00000000a0000000, 0x00000000a20a0000, 0x00000000c0000000)
  eden space 26752K,  98% used [0x00000000a0000000, 0x00000000a19b9e58, 0x00000000a1a20000)
  from space 3328K, 100% used [0x00000000a1a20000, 0x00000000a1d60000, 0x00000000a1d60000)
  to   space 3328K,   0% used [0x00000000a1d60000, 0x00000000a1d60000, 0x00000000a20a0000)
 tenured generation   total 66548K, used 50883K [0x00000000c0000000, 0x00000000c40fd000, 0x0000000100000000)
   the space 66548K,  76% used [0x00000000c0000000, 0x00000000c31b0c28, 0x00000000c31b0e00, 0x00000000c40fd000)
 Metaspace       used 54094K, capacity 55916K, committed 56152K, reserved 1097728K
  class space    used 7309K, capacity 7763K, committed 7808K, reserved 1048576K
Event: 54.153 GC heap after
Heap after GC invocations=66 (full 4):
 def new generation   total 30080K, used 3328K [0x00000000a0000000, 0x00000000a20a0000, 0x00000000c0000000)
  eden space 26752K,   0% used [0x00000000a0000000, 0x00000000a0000000, 0x00000000a1a20000)
  from space 3328K, 100% used [0x00000000a1d60000, 0x00000000a20a0000, 0x00000000a20a0000)
  to   space 3328K,   0% used [0x00000000a1a20000, 0x00000000a1a20000, 0x00000000a1d60000)
 tenured generation   total 66548K, used 57411K [0x00000000c0000000, 0x00000000c40fd000, 0x0000000100000000)
   the space 66548K,  86% used [0x00000000c0000000, 0x00000000c3810d28, 0x00000000c3810e00, 0x00000000c40fd000)
 Metaspace       used 54094K, capacity 55916K, committed 56152K, reserved 1097728K
  class space    used 7309K, capacity 7763K, committed 7808K, reserved 1048576K
}
Event: 54.540 GC heap before
{Heap before GC invocations=66 (full 4):
 def new generation   total 30080K, used 30080K [0x00000000a0000000, 0x00000000a20a0000, 0x00000000c0000000)
  eden space 26752K, 100% used [0x00000000a0000000, 0x00000000a1a20000, 0x00000000a1a20000)
  from space 3328K, 100% used [0x00000000a1d60000, 0x00000000a20a0000, 0x00000000a20a0000)
  to   space 3328K,   0% used [0x00000000a1a20000, 0x00000000a1a20000, 0x00000000a1d60000)
 tenured generation   total 66548K, used 57411K [0x00000000c0000000, 0x00000000c40fd000, 0x0000000100000000)
   the space 66548K,  86% used [0x00000000c0000000, 0x00000000c3810d28, 0x00000000c3810e00, 0x00000000c40fd000)
 Metaspace       used 54179K, capacity 56076K, committed 56152K, reserved 1097728K
  class space    used 7320K, capacity 7795K, committed 7808K, reserved 1048576K

Deoptimization events (10 events):
Event: 51.987 Thread 0x00007fc6a8180800 Uncommon trap: reason=unstable_if action=reinterpret pc=0x00007fc6bda00f1c method=java.security.MessageDigest.isEqual([B[B)Z @ 53
Event: 52.026 Thread 0x00007fc6a8180800 Uncommon trap: reason=unstable_if action=reinterpret pc=0x00007fc6bcc653c8 method=org.gradle.api.internal.file.pattern.PatternMatcherFactory$PathMatcherBackedSpec.isSatisfiedBy(Lorg/gradle/api/file/RelativePath;)Z @ 11
Event: 52.027 Thread 0x00007fc6a8180800 Uncommon trap: reason=unstable_if action=reinterpret pc=0x00007fc6bcc66374 method=org.gradle.api.internal.file.pattern.PatternMatcherFactory$PathMatcherBackedSpec.isSatisfiedBy(Lorg/gradle/api/file/RelativePath;)Z @ 11
Event: 52.030 Thread 0x00007fc6a8180800 Uncommon trap: reason=unstable_if action=reinterpret pc=0x00007fc6bcc94c68 method=org.gradle.api.internal.file.pattern.FixedStepPathMatcher.matches([Ljava/lang/String;I)Z @ 35
Event: 52.780 Thread 0x00007fc6a8180800 Uncommon trap: reason=unstable_if action=reinterpret pc=0x00007fc6bd9b3744 method=org.gradle.api.internal.file.pattern.PatternMatcherFactory$PathMatcherBackedSpec.isSatisfiedBy(Lorg/gradle/api/file/RelativePath;)Z @ 11
Event: 53.784 Thread 0x00007fc6acbaf800 Uncommon trap: reason=predicate action=maybe_recompile pc=0x00007fc6bc992a0c method=java.util.ComparableTimSort.binarySort([Ljava/lang/Object;III)V @ 37
Event: 53.787 Thread 0x00007fc6acbaf800 Uncommon trap: reason=array_check action=maybe_recompile pc=0x00007fc6bce36304 method=java.util.ComparableTimSort.binarySort([Ljava/lang/Object;III)V @ 183
Event: 53.787 Thread 0x00007fc6acbaf800 Uncommon trap: reason=array_check action=maybe_recompile pc=0x00007fc6bce36118 method=java.util.ComparableTimSort.binarySort([Ljava/lang/Object;III)V @ 215
Event: 53.787 Thread 0x00007fc6acbaf800 Uncommon trap: reason=array_check action=maybe_recompile pc=0x00007fc6bce36218 method=java.util.ComparableTimSort.binarySort([Ljava/lang/Object;III)V @ 193
Event: 53.787 Thread 0x00007fc6acbaf800 Uncommon trap: reason=array_check action=maybe_recompile pc=0x00007fc6bce36118 method=java.util.ComparableTimSort.binarySort([Ljava/lang/Object;III)V @ 215

Classes redefined (0 events):
No events

Internal exceptions (10 events):
Event: 45.178 Thread 0x00007fc6a8180800 Exception <a 'java/lang/NoSuchMethodError': <clinit>> (0x00000000a065f770) thrown at [/ssd/Android/AOSP-openjdk-git/jdk8u/hotspot/src/share/vm/prims/jni.cpp, line 1613]
Event: 45.180 Thread 0x00007fc6a8180800 Exception <a 'java/lang/NoSuchMethodError': <clinit>> (0x00000000a066e320) thrown at [/ssd/Android/AOSP-openjdk-git/jdk8u/hotspot/src/share/vm/prims/jni.cpp, line 1613]
Event: 45.213 Thread 0x00007fc6a8180800 Exception <a 'java/lang/NoSuchMethodError': <clinit>> (0x00000000a06ff800) thrown at [/ssd/Android/AOSP-openjdk-git/jdk8u/hotspot/src/share/vm/prims/jni.cpp, line 1613]
Event: 45.214 Thread 0x00007fc6a8180800 Exception <a 'java/lang/NoSuchMethodError': <clinit>> (0x00000000a071b500) thrown at [/ssd/Android/AOSP-openjdk-git/jdk8u/hotspot/src/share/vm/prims/jni.cpp, line 1613]
Event: 45.214 Thread 0x00007fc6a8180800 Exception <a 'java/lang/NoSuchMethodError': <clinit>> (0x00000000a071d368) thrown at [/ssd/Android/AOSP-openjdk-git/jdk8u/hotspot/src/share/vm/prims/jni.cpp, line 1613]
Event: 47.491 Thread 0x00007fc6accbf000 Exception <a 'java/io/IOException'> (0x00000000a0076f00) thrown at [/ssd/Android/AOSP-openjdk-git/jdk8u/hotspot/src/share/vm/prims/jni.cpp, line 709]
Event: 51.022 Thread 0x00007fc6a8180800 Exception <a 'java/lang/NoSuchMethodError': <clinit>> (0x00000000a08c94e0) thrown at [/ssd/Android/AOSP-openjdk-git/jdk8u/hotspot/src/share/vm/prims/jni.cpp, line 1613]
Event: 51.048 Thread 0x00007fc6a8180800 Exception <a 'java/lang/NoSuchMethodError': <clinit>> (0x00000000a08dc0f0) thrown at [/ssd/Android/AOSP-openjdk-git/jdk8u/hotspot/src/share/vm/prims/jni.cpp, line 1613]
Event: 52.294 Thread 0x00007fc6a8180800 Exception <a 'java/lang/NoSuchMethodError': <clinit>> (0x00000000a042f1d8) thrown at [/ssd/Android/AOSP-openjdk-git/jdk8u/hotspot/src/share/vm/prims/jni.cpp, line 1613]
Event: 52.490 Thread 0x00007fc6accbf000 Exception <a 'java/io/IOException'> (0x00000000a078b890) thrown at [/ssd/Android/AOSP-openjdk-git/jdk8u/hotspot/src/share/vm/prims/jni.cpp, line 709]

Events (10 events):
Event: 54.169 loading class com/android/dx/merge/InstructionTransformer$CallSiteVisitor done
Event: 54.169 loading class com/android/dx/merge/DexMerger$1
Event: 54.169 loading class com/android/dx/merge/DexMerger$1 done
Event: 54.170 loading class com/android/dx/merge/DexMerger$IdMerger
Event: 54.170 loading class com/android/dx/merge/DexMerger$IdMerger done
Event: 54.171 loading class com/android/dex/Leb128
Event: 54.171 loading class com/android/dex/Leb128 done
Event: 54.172 loading class com/android/dex/Mutf8
Event: 54.172 loading class com/android/dex/Mutf8 done
Event: 54.540 Executing VM operation: GenCollectForAllocation


Dynamic libraries:
00400000-00401000 r-xp 00000000 08:01 2109408                            /opt/android-studio/jre/bin/java
00600000-00601000 r--p 00000000 08:01 2109408                            /opt/android-studio/jre/bin/java
00601000-00602000 rw-p 00001000 08:01 2109408                            /opt/android-studio/jre/bin/java
013a6000-0140a000 rw-p 00000000 00:00 0                                  [heap]
a0000000-a20a0000 rw-p 00000000 00:00 0 
a20a0000-c0000000 ---p 00000000 00:00 0 
c0000000-c4b59000 rw-p 00000000 00:00 0 
c78c3000-100000000 ---p 00000000 00:00 0 
100000000-1007a0000 rw-p 00000000 00:00 0 
1007a0000-140000000 ---p 00000000 00:00 0 
7fc699801000-7fc699804000 ---p 00000000 00:00 0 
7fc699804000-7fc699a42000 rw-p 00000000 00:00 0 
7fc699a42000-7fc699b02000 ---p 00000000 00:00 0 
7fc699b02000-7fc699b05000 ---p 00000000 00:00 0 
7fc699b05000-7fc699c03000 rw-p 00000000 00:00 0 
7fc699c03000-7fc699c06000 ---p 00000000 00:00 0 
7fc699c06000-7fc699f04000 rw-p 00000000 00:00 0 
7fc699f04000-7fc69a104000 rw-p 00000000 00:00 0 
7fc69a104000-7fc69a304000 rw-p 00000000 00:00 0 
7fc69a304000-7fc69a316000 r--s 00345000 08:01 1977682                    /opt/android-studio/jre/jre/lib/resources.jar
7fc69a316000-7fc69a516000 rw-p 00000000 00:00 0 
7fc69a516000-7fc69a716000 rw-p 00000000 00:00 0 
7fc69a716000-7fc69a916000 rw-p 00000000 00:00 0 
7fc69a916000-7fc69a919000 r--s 00015000 08:01 1977686                    /opt/android-studio/jre/jre/lib/jce.jar
7fc69a919000-7fc69ab19000 rw-p 00000000 00:00 0 
7fc69ab19000-7fc69ab1c000 ---p 00000000 00:00 0 
7fc69ab1c000-7fc69ae1a000 rw-p 00000000 00:00 0 
7fc69ae1a000-7fc69b010000 rw-p 00000000 00:00 0 
7fc69b010000-7fc69b01a000 ---p 00000000 00:00 0 
7fc69b01a000-7fc69b025000 r--s 00081000 08:01 1728000                    /home/cynh/.gradle/caches/jars-3/fc6e889a0f45cc9752787eb60f920103/trove4j-20160824.jar
7fc69b025000-7fc69b0a8000 r--s 00758000 08:01 1727998                    /home/cynh/.gradle/caches/jars-3/0d3de44a8474017418d71d8887a5e944/intellij-core-26.0.0.jar
7fc69b0a8000-7fc69b0ae000 r--s 00033000 08:01 1727996                    /home/cynh/.gradle/caches/jars-3/f96c897d327ea500d64fe3af2833bd50/commons-codec-1.6.jar
7fc69b0ae000-7fc69b0b0000 r--s 0000d000 08:01 1727994                    /home/cynh/.gradle/caches/jars-3/ccc849edcf9fccd61ed937bf93ffe896/commons-logging-1.1.1.jar
7fc69b0b0000-7fc69b0b6000 r--s 00032000 08:01 1727992                    /home/cynh/.gradle/caches/jars-3/72e344059d1923829968d0d38b0c3c72/httpcore-4.2.5.jar
7fc69b0b6000-7fc69b0b7000 r--s 00004000 08:01 1727990                    /home/cynh/.gradle/caches/jars-3/3a4299d1ce3e273e7c03a9ccf5a1e333/annotations-12.0.jar
7fc69b0b7000-7fc69b0b8000 r--s 00000000 08:01 1727988                    /home/cynh/.gradle/caches/jars-3/0e2fbc3b8c56d2975eca90c524790c13/animal-sniffer-annotations-1.14.jar
7fc69b0b8000-7fc69b0ba000 r--s 00001000 08:01 1727986                    /home/cynh/.gradle/caches/jars-3/ad41f8f3ac67c0323ce9eb1c20c8dc3f/j2objc-annotations-1.1.jar
7fc69b0ba000-7fc69b0bb000 r--s 00002000 08:01 1727984                    /home/cynh/.gradle/caches/jars-3/9edb0f46b907c34c4718edabde6c791c/error_prone_annotations-2.0.18.jar
7fc69b0bb000-7fc69b0be000 r--s 00006000 08:01 1727982                    /home/cynh/.gradle/caches/jars-3/b58a9bc3bbba42132e4abc0bacae8da1/jsr305-1.3.9.jar
7fc69b0be000-7fc69b0bf000 r--s 0000a000 08:01 1727980                    /home/cynh/.gradle/caches/jars-3/5b8b36ed61fe92731031cca3c9b3a0b3/kxml2-2.3.0.jar
7fc69b0bf000-7fc69b0c1000 r--s 00005000 08:01 1727978                    /home/cynh/.gradle/caches/jars-3/f10e1e1978816198f2eb1189c974b440/httpmime-4.1.jar
7fc69b0c1000-7fc69b0cb000 r--s 00061000 08:01 1727976                    /home/cynh/.gradle/caches/jars-3/bc4b2527f35dc983f759e8f85f3f8d52/httpclient-4.2.6.jar
7fc69b0cb000-7fc69b0d4000 r--s 00064000 08:01 1727974                    /home/cynh/.gradle/caches/jars-3/fc37c717528c2a0d27f3e3621835f781/commons-compress-1.12.jar
7fc69b0d4000-7fc69b0d9000 r--s 0002e000 08:01 1727972                    /home/cynh/.gradle/caches/jars-3/c5bcda7f6f4809e9c92270f99e51f154/gson-2.3.jar
7fc69b0d9000-7fc69b0e9000 r--s 000d6000 08:01 1727970                    /home/cynh/.gradle/caches/jars-3/dbdb8caed2514263a34702cc763c6785/proguard-base-5.3.3.jar
7fc69b0e9000-7fc69b0eb000 r--s 00003000 08:01 1727968                    /home/cynh/.gradle/caches/jars-3/01ab8600ebbfdcaf9b89b45c2b992e82/annotations-13.0.jar
7fc69b0eb000-7fc69b0ec000 r--s 00001000 08:01 1727966                    /home/cynh/.gradle/caches/jars-3/22d054403841f76f651e28ff81d7e543/annotations-26.0.0.jar
7fc69b0ec000-7fc69b0ef000 r--s 00033000 08:01 1727964                    /home/cynh/.gradle/caches/jars-3/0ce03714647bf7bd3c78634c20ddbf38/juniversalchardet-1.0.3.jar
7fc69b0ef000-7fc69b0f3000 r--s 0002a000 08:01 1727962                    /home/cynh/.gradle/caches/jars-3/9849af6d4b0409ba64061601342f385d/commons-io-2.4.jar
7fc69b0f3000-7fc69b10a000 r--s 00154000 08:01 1727960                    /home/cynh/.gradle/caches/jars-3/57adf9abd30c921d4ea1dfdcfe7b9efd/antlr4-4.5.3.jar
7fc69b10a000-7fc69b10b000 r--s 00003000 08:01 1727958                    /home/cynh/.gradle/caches/jars-3/f29c2da6b031c4830fe215ea32cbd1d6/baseLibrary-3.0.0.jar
7fc69b10b000-7fc69b13b000 r--s 00245000 08:01 1727956                    /home/cynh/.gradle/caches/jars-3/8e27cdebb49ba2f804f9403d90aaaac5/guava-22.0.jar
7fc69b13b000-7fc69b143000 r--s 000a8000 08:01 1727954                    /home/cynh/.gradle/caches/jars-3/6cc57ce9ec0d90186f781694264d61bc/lombok-ast-0.2.3.jar
7fc69b143000-7fc69b147000 r--s 0002f000 08:01 1727952                    /home/cynh/.gradle/caches/jars-3/505fcc8c47da308b2f1262f0ff3c65f1/jimfs-1.1.jar
7fc69b147000-7fc69b15a000 r--s 00241000 08:01 1727950                    /home/cynh/.gradle/caches/jars-3/d8dc71eb6d91c966c45f7b594129e14a/ecj-4.6.1.jar
7fc69b15a000-7fc69b15b000 r--s 00003000 08:01 1727948                    /home/cynh/.gradle/caches/jars-3/fdb8f5ebd6a086c4818336712b830716/json-simple-1.1.jar
7fc69b15b000-7fc69b280000 r--s 00f5d000 08:01 1727946                    /home/cynh/.gradle/caches/jars-3/dfd566a90e18a0aa75879c33e0731ab8/fastutil-7.2.0.jar
7fc69b280000-7fc69b2cb000 r--s 002ff000 08:01 1727944                    /home/cynh/.gradle/caches/jars-3/d3d44e9a7fcb4a86fb40775c385dd3d0/bcprov-jdk15on-1.56.jar
7fc69b2cb000-7fc69b2dc000 r--s 00097000 08:01 1727942                    /home/cynh/.gradle/caches/jars-3/59ebb77d99c5ca0e24bb23272e0329dd/bcpkix-jdk15on-1.56.jar
7fc69b2dc000-7fc69b2de000 r--s 00002000 08:01 1727940                    /home/cynh/.gradle/caches/jars-3/f268e5e8fc83bb846ac355d6a16b1f30/javawriter-2.5.0.jar
7fc69b2de000-7fc69b2e3000 r--s 0003b000 08:01 1727938                    /home/cynh/.gradle/caches/jars-3/e05f9976b96d28fde211735fa5e94d9a/apksig-3.0.0.jar
7fc69b2e3000-7fc69b2e6000 r--s 00024000 08:01 1727936                    /home/cynh/.gradle/caches/jars-3/664e7b307d7ea6fbd268ae5e965af33f/common-26.0.0.jar
7fc69b2e6000-7fc69b2e8000 r--s 00006000 08:01 1727934                    /home/cynh/.gradle/caches/jars-3/0406b1b4dc723dfbfe2d3f0701ad05b0/dvlib-26.0.0.jar
7fc69b2e8000-7fc69b2eb000 r--s 00014000 08:01 1727932                    /home/cynh/.gradle/caches/jars-3/3ce077ae1920336ec43b829a7f72ce49/layoutlib-api-26.0.0.jar
7fc69b2eb000-7fc69b2f0000 r--s 0004d000 08:01 1727930                    /home/cynh/.gradle/caches/jars-3/65eb04ad4074b88473a4bd0790ceb5fa/ddmlib-26.0.0.jar
7fc69b2f0000-7fc69b2f1000 r--s 00003000 08:01 1727928                    /home/cynh/.gradle/caches/jars-3/be01663fe004b181af941ac54e7bc4f0/builder-test-api-3.0.0.jar
7fc69b2f1000-7fc69b2f4000 r--s 00007000 08:01 1727926                    /home/cynh/.gradle/caches/jars-3/38f9351bf06ef722e62746fe5560ea34/builder-model-3.0.0.jar
7fc69b2f4000-7fc69b303000 r--s 00130000 08:01 1727924                    /home/cynh/.gradle/caches/jars-3/72ba1443c6adcea1f6ba21e12f0bb0fc/protobuf-java-3.0.0.jar
7fc69b303000-7fc69b316000 r--s 001a8000 08:01 1727922                    /home/cynh/.gradle/caches/jars-3/2265108d6f8c35991db49bb36a4f9855/protos-26.0.0.jar
7fc69b316000-7fc69b317000 r--s 00005000 08:01 1727920                    /home/cynh/.gradle/caches/jars-3/d41f18504bb9fe2aad8342cc4d177c72/shared-26.0.0.jar
7fc69b317000-7fc69b319000 r--s 00004000 08:01 1727918                    /home/cynh/.gradle/caches/jars-3/6d32eb0515d6f097cfbdc2a4d0a68216/tracker-26.0.0.jar
7fc69b319000-7fc69b31b000 r--s 00002000 08:01 1727916                    /home/cynh/.gradle/caches/jars-3/e91624d2ed1c3b55eec9fd768ed13c1d/proguard-gradle-5.3.3.jar
7fc69b31b000-7fc69b31d000 r--s 0000f000 08:01 1727914                    /home/cynh/.gradle/caches/jars-3/96760c32d36a5d7066e3ccf088bfd362/jopt-simple-4.9.jar
7fc69b31d000-7fc69b321000 r--s 0001e000 08:01 1727912                    /home/cynh/.gradle/caches/jars-3/0d3e95aba631209a078aeec58a76633d/org.jacoco.core-0.7.4.201502262128.jar
7fc69b321000-7fc69b324000 r--s 00020000 08:01 1727910                    /home/cynh/.gradle/caches/jars-3/c72fc284d34f39eab57a4e3ba83405e9/org.jacoco.report-0.7.4.201502262128.jar
7fc69b324000-7fc69b326000 r--s 0000c000 08:01 1727908                    /home/cynh/.gradle/caches/jars-3/9b0a36633c92c6e87e62c81734593183/asm-5.1.jar
7fc69b326000-7fc69b328000 r--s 00006000 08:01 1727906                    /home/cynh/.gradle/caches/jars-3/50c8a7da333c41693b2b7ce95b6d9d89/asm-tree-5.1.jar
7fc69b328000-7fc69b329000 r--s 0000a000 08:01 1727904                    /home/cynh/.gradle/caches/jars-3/c4f1f1d5a624f981d35a78d181e2c418/asm-util-5.1.jar
7fc69b329000-7fc69b32b000 r--s 0000a000 08:01 1727902                    /home/cynh/.gradle/caches/jars-3/d37aa405961c464c627b1efe5def81b8/asm-commons-5.1.jar
7fc69b32b000-7fc69b32c000 r--s 00004000 08:01 1727900                    /home/cynh/.gradle/caches/jars-3/2b2689d10a4425b1cb2d0654db2ea088/asm-analysis-5.1.jar
7fc69b32c000-7fc69b33b000 r--s 000c8000 08:01 1727896                    /home/cynh/.gradle/caches/jars-3/af931fae44e009148423077fa09abbd1/kotlin-stdlib-1.1.3-2.jar
7fc69b33b000-7fc69b36d000 r--s 0021b000 08:01 1727894                    /home/cynh/.gradle/caches/jars-3/24b2127528a18b338af82ff7ea236d45/kotlin-reflect-1.1.3-2.jar
7fc69b36d000-7fc69b373000 r--s 00030000 08:01 1727892                    /home/cynh/.gradle/caches/jars-3/ed1566eb5e13985bd2441d4d9fb001bc/repository-26.0.0.jar
7fc69b373000-7fc69b37e000 r--s 0009b000 08:01 1727890                    /home/cynh/.gradle/caches/jars-3/010a8562e37fa93874e94473b7b1b739/sdklib-26.0.0.jar
7fc69b37e000-7fc69b38d000 r--s 000da000 08:01 1727888                    /home/cynh/.gradle/caches/jars-3/855bd024c9103048d08cf3d6b4ccafaf/sdk-common-26.0.0.jar
7fc69b38d000-7fc69b391000 r--s 00023000 08:01 1727886                    /home/cynh/.gradle/caches/jars-3/901a1ffe8b1c867d10bb96d1ffa22bf8/manifest-merger-26.0.0.jar
7fc69b391000-7fc69b395000 r--s 0002e000 08:01 1727884                    /home/cynh/.gradle/caches/jars-3/7844948b119640730aae7d1024fe376e/compilerCommon-3.0.0.jar
7fc69b395000-7fc69b397000 r--s 00003000 08:01 1727882                    /home/cynh/.gradle/caches/jars-3/93282345f8a1cdba41f206997292df6a/gradle-api-3.0.0.jar
7fc69b397000-7fc69b3a6000 r--s 000cb000 08:01 1727880                    /home/cynh/.gradle/caches/jars-3/f5905f482fd3ae4156449764362d5347/uast-26.0.0.jar
7fc69b3a6000-7fc69b3ad000 r--s 0007f000 08:01 1727878                    /home/cynh/.gradle/caches/jars-3/96f25077deeaace8d84ee1787aad54fd/lint-api-26.0.0.jar
7fc69b3ad000-7fc69b3dd000 r--s 01983000 08:01 1727872                    /home/cynh/.gradle/caches/jars-3/9d8abc21f07cf6634ed8d5a72c47a95f/builder-3.0.0.jar
7fc69b3dd000-7fc69b400000 r--s 0020b000 08:01 1727870                    /home/cynh/.gradle/caches/jars-3/6580be06fa7f5eae6309ca3ad3a20624/gradle-core-3.0.0.jar
7fc69b400000-7fc69b600000 rw-p 00000000 00:00 0 
7fc69b600000-7fc69b800000 rw-p 00000000 00:00 0 
7fc69b800000-7fc69ba00000 rw-p 00000000 00:00 0 
7fc69ba00000-7fc69bc00000 rw-p 00000000 00:00 0 
7fc69bc00000-7fc69be00000 rw-p 00000000 00:00 0 
7fc69be00000-7fc69c000000 rw-p 00000000 00:00 0 
7fc69c000000-7fc69cd7e000 rw-p 00000000 00:00 0 
7fc69cd7e000-7fc6a0000000 ---p 00000000 00:00 0 
7fc6a0000000-7fc6a006a000 rw-p 00000000 00:00 0 
7fc6a006a000-7fc6a4000000 ---p 00000000 00:00 0 
7fc6a4000000-7fc6a4063000 rw-p 00000000 00:00 0 
7fc6a4063000-7fc6a8000000 ---p 00000000 00:00 0 
7fc6a8000000-7fc6aa130000 rw-p 00000000 00:00 0 
7fc6aa130000-7fc6ac000000 ---p 00000000 00:00 0 
7fc6ac000000-7fc6ad19e000 rw-p 00000000 00:00 0 
7fc6ad19e000-7fc6b0000000 ---p 00000000 00:00 0 
7fc6b0000000-7fc6b0021000 rw-p 00000000 00:00 0 
7fc6b0021000-7fc6b4000000 ---p 00000000 00:00 0 
7fc6b4000000-7fc6b441e000 rw-p 00000000 00:00 0 
7fc6b441e000-7fc6b8000000 ---p 00000000 00:00 0 
7fc6b8000000-7fc6b8001000 r--s 00000000 08:01 1727898                    /home/cynh/.gradle/caches/jars-3/5206138fb8a6b2ffbd31e140916c2100/transform-api-2.0.0-deprecated-use-gradle-api.jar
7fc6b8001000-7fc6b800a000 r--s 000ff000 08:01 1727876                    /home/cynh/.gradle/caches/jars-3/f0348591fd8e5cf1f09289c2cddb6498/lint-checks-26.0.0.jar
7fc6b800a000-7fc6b800d000 r--s 00039000 08:01 1727874                    /home/cynh/.gradle/caches/jars-3/6acf45ba7bd0fd34186c06e50fa1a773/lint-26.0.0.jar
7fc6b800d000-7fc6b800f000 r--s 00007000 08:01 2107274                    /home/cynh/.gradle/caches/modules-2/files-2.1/com.google.gms/google-services/3.1.1/aca432c928821bad3626ddd1b9164cd85a73641/google-services-3.1.1.jar
7fc6b800f000-7fc6b8012000 ---p 00000000 00:00 0 
7fc6b8012000-7fc6b8310000 rw-p 00000000 00:00 0 
7fc6b8310000-7fc6b8312000 r--s 0000f000 08:01 1727868                    /home/cynh/.gradle/caches/jars-3/119369196b5bc94e9595652e20112cf5/gradle-3.0.0.jar
7fc6b8312000-7fc6b8315000 ---p 00000000 00:00 0 
7fc6b8315000-7fc6b8413000 rw-p 00000000 00:00 0 
7fc6b8413000-7fc6b852e000 r--s 02003000 08:01 4339270                    /home/cynh/.gradle/caches/jars-3/c3a861bd52df0d090198c58877bf8e11/android.jar
7fc6b852e000-7fc6b8535000 r--s 0002a000 08:01 1588037                    /home/cynh/.gradle/caches/jars-3/fff47aec37b967e571b648d1fc9c6db6/gradle-messaging-3.5.jar
7fc6b8535000-7fc6b853a000 r--s 00041000 08:01 1588035                    /home/cynh/.gradle/caches/jars-3/c0502f5c2cf6dfd52d250e1b7d027d24/commons-lang-2.6.jar
7fc6b853a000-7fc6b857c000 r--s 00220000 08:01 1588033                    /home/cynh/.gradle/caches/jars-3/929747bc6b973b44297e9c57df71598d/gradle-core-3.5.jar
7fc6b857c000-7fc6b8585000 r--s 00047000 08:01 1588031                    /home/cynh/.gradle/caches/jars-3/11d06a5dce89fe5632250b7df00a3d57/gradle-base-services-3.5.jar
7fc6b8585000-7fc6b85ad000 r--s 001cf000 08:01 1588029                    /home/cynh/.gradle/caches/jars-3/566e7e0f530f75a42eba4833ef84d88c/guava-jdk5-17.0.jar
7fc6b85ad000-7fc6b85bb000 r--s 00043000 08:01 1588027                    /home/cynh/.gradle/caches/jars-3/c0d1da18a547ef3a2ba66d3068ae6e09/gradle-tooling-api-3.5.jar
7fc6b85bb000-7fc6b8634000 r--s 010fd000 08:01 1977668                    /opt/android-studio/jre/lib/tools.jar
7fc6b8634000-7fc6b8637000 ---p 00000000 00:00 0 
7fc6b8637000-7fc6b8935000 rw-p 00000000 00:00 0 
7fc6b8935000-7fc6b8938000 ---p 00000000 00:00 0 
7fc6b8938000-7fc6b8a36000 rw-p 00000000 00:00 0 
7fc6b8a36000-7fc6b8a39000 ---p 00000000 00:00 0 
7fc6b8a39000-7fc6b8d37000 rw-p 00000000 00:00 0 
7fc6b8d37000-7fc6b8d3a000 ---p 00000000 00:00 0 
7fc6b8d3a000-7fc6b8e38000 rw-p 00000000 00:00 0 
7fc6b8e38000-7fc6b8e3b000 ---p 00000000 00:00 0 
7fc6b8e3b000-7fc6b8f39000 rw-p 00000000 00:00 0 
7fc6b8f39000-7fc6b8f3c000 ---p 00000000 00:00 0 
7fc6b8f3c000-7fc6b903a000 rw-p 00000000 00:00 0 
7fc6b903a000-7fc6b903d000 ---p 00000000 00:00 0 
7fc6b903d000-7fc6b913b000 rw-p 00000000 00:00 0 
7fc6b913b000-7fc6b913e000 ---p 00000000 00:00 0 
7fc6b913e000-7fc6b923c000 rw-p 00000000 00:00 0 
7fc6b923c000-7fc6b923f000 ---p 00000000 00:00 0 
7fc6b923f000-7fc6b933d000 rw-p 00000000 00:00 0 
7fc6b933d000-7fc6b9340000 ---p 00000000 00:00 0 
7fc6b9340000-7fc6b943e000 rw-p 00000000 00:00 0 
7fc6b943e000-7fc6b9445000 r--s 00000000 08:01 135975                     /usr/lib/x86_64-linux-gnu/gconv/gconv-modules.cache
7fc6b9445000-7fc6b9448000 ---p 00000000 00:00 0 
7fc6b9448000-7fc6b9546000 rw-p 00000000 00:00 0 
7fc6b9546000-7fc6b954b000 r--s 0009a000 08:01 1977705                    /opt/android-studio/jre/jre/lib/jsse.jar
7fc6b954b000-7fc6b974b000 rw-p 00000000 00:00 0 
7fc6b974b000-7fc6b9754000 r-xp 00000000 08:01 1977760                    /opt/android-studio/jre/jre/lib/amd64/libmanagement.so
7fc6b9754000-7fc6b9953000 ---p 00009000 08:01 1977760                    /opt/android-studio/jre/jre/lib/amd64/libmanagement.so
7fc6b9953000-7fc6b9954000 r--p 00008000 08:01 1977760                    /opt/android-studio/jre/jre/lib/amd64/libmanagement.so
7fc6b9954000-7fc6b9955000 rw-p 00009000 08:01 1977760                    /opt/android-studio/jre/jre/lib/amd64/libmanagement.so
7fc6b9955000-7fc6b9957000 r--s 00007000 08:01 1852499                    /home/cynh/.gradle/wrapper/dists/gradle-4.1-all/bzyivzo6n839fup2jbap0tjew/gradle-4.1/lib/plugins/gradle-tooling-api-builders-4.1.jar
7fc6b9957000-7fc6b995a000 r--s 00009000 08:01 1852519                    /home/cynh/.gradle/wrapper/dists/gradle-4.1-all/bzyivzo6n839fup2jbap0tjew/gradle-4.1/lib/plugins/gradle-testing-native-4.1.jar
7fc6b995a000-7fc6b995c000 r--s 00009000 08:01 1852637                    /home/cynh/.gradle/wrapper/dists/gradle-4.1-all/bzyivzo6n839fup2jbap0tjew/gradle-4.1/lib/plugins/hamcrest-core-1.3.jar
7fc6b995c000-7fc6b9961000 r--s 00040000 08:01 1852632                    /home/cynh/.gradle/wrapper/dists/gradle-4.1-all/bzyivzo6n839fup2jbap0tjew/gradle-4.1/lib/plugins/bsh-2.0b4.jar
7fc6b9961000-7fc6b9963000 r--s 00006000 08:01 1852633                    /home/cynh/.gradle/wrapper/dists/gradle-4.1-all/bzyivzo6n839fup2jbap0tjew/gradle-4.1/lib/plugins/jcommander-1.12.jar
7fc6b9963000-7fc6b9969000 r--s 00033000 08:01 1852634                    /home/cynh/.gradle/wrapper/dists/gradle-4.1-all/bzyivzo6n839fup2jbap0tjew/gradle-4.1/lib/plugins/snakeyaml-1.6.jar
7fc6b9969000-7fc6b9972000 r--s 00089000 08:01 1852575                    /home/cynh/.gradle/wrapper/dists/gradle-4.1-all/bzyivzo6n839fup2jbap0tjew/gradle-4.1/lib/plugins/testng-6.3.1.jar
7fc6b9972000-7fc6b997a000 r--s 00045000 08:01 1852577                    /home/cynh/.gradle/wrapper/dists/gradle-4.1-all/bzyivzo6n839fup2jbap0tjew/gradle-4.1/lib/plugins/junit-4.12.jar
7fc6b997a000-7fc6b9980000 r--s 0002e000 08:01 1852511                    /home/cynh/.gradle/wrapper/dists/gradle-4.1-all/bzyivzo6n839fup2jbap0tjew/gradle-4.1/lib/plugins/gradle-testing-jvm-4.1.jar
7fc6b9980000-7fc6b9984000 r--s 00017000 08:01 1852527                    /home/cynh/.gradle/wrapper/dists/gradle-4.1-all/bzyivzo6n839fup2jbap0tjew/gradle-4.1/lib/plugins/gradle-testing-base-4.1.jar
7fc6b9984000-7fc6b998b000 r--s 00038000 08:01 1852567                    /home/cynh/.gradle/wrapper/dists/gradle-4.1-all/bzyivzo6n839fup2jbap0tjew/gradle-4.1/lib/plugins/bcpg-jdk15on-1.51.jar
7fc6b998b000-7fc6b998d000 r--s 0000c000 08:01 1852469                    /home/cynh/.gradle/wrapper/dists/gradle-4.1-all/bzyivzo6n839fup2jbap0tjew/gradle-4.1/lib/plugins/gradle-signing-4.1.jar
7fc6b998d000-7fc6b998f000 r--s 00007000 08:01 1852481                    /home/cynh/.gradle/wrapper/dists/gradle-4.1-all/bzyivzo6n839fup2jbap0tjew/gradle-4.1/lib/plugins/gradle-scala-4.1.jar
7fc6b998f000-7fc6b9990000 r--s 00004000 08:01 1852543                    /home/cynh/.gradle/wrapper/dists/gradle-4.1-all/bzyivzo6n839fup2jbap0tjew/gradle-4.1/lib/plugins/gradle-resources-sftp-4.1.jar
7fc6b9990000-7fc6b99a0000 r--s 00088000 08:01 1852601                    /home/cynh/.gradle/wrapper/dists/gradle-4.1-all/bzyivzo6n839fup2jbap0tjew/gradle-4.1/lib/plugins/joda-time-2.8.2.jar
7fc6b99a0000-7fc6b99b1000 r--s 0010d000 08:01 1852599                    /home/cynh/.gradle/wrapper/dists/gradle-4.1-all/bzyivzo6n839fup2jbap0tjew/gradle-4.1/lib/plugins/jackson-databind-2.6.6.jar
7fc6b99b1000-7fc6b99b4000 r--s 00009000 08:01 1852597                    /home/cynh/.gradle/wrapper/dists/gradle-4.1-all/bzyivzo6n839fup2jbap0tjew/gradle-4.1/lib/plugins/jackson-annotations-2.6.6.jar
7fc6b99b4000-7fc6b99b8000 r--s 0003c000 08:01 1852595                    /home/cynh/.gradle/wrapper/dists/gradle-4.1-all/bzyivzo6n839fup2jbap0tjew/gradle-4.1/lib/plugins/jackson-core-2.6.6.jar
7fc6b99b8000-7fc6b99c6000 r--s 00087000 08:01 1852593                    /home/cynh/.gradle/wrapper/dists/gradle-4.1-all/bzyivzo6n839fup2jbap0tjew/gradle-4.1/lib/plugins/aws-java-sdk-core-1.11.6.jar
7fc6b99c6000-7fc6b99cd000 r--s 00057000 08:01 1852591                    /home/cynh/.gradle/wrapper/dists/gradle-4.1-all/bzyivzo6n839fup2jbap0tjew/gradle-4.1/lib/plugins/aws-java-sdk-kms-1.11.6.jar
7fc6b99cd000-7fc6b99da000 r--s 0008e000 08:01 1852589                    /home/cynh/.gradle/wrapper/dists/gradle-4.1-all/bzyivzo6n839fup2jbap0tjew/gradle-4.1/lib/plugins/aws-java-sdk-s3-1.11.6.jar
7fc6b99da000-7fc6b99dc000 r--s 00004000 08:01 1852537                    /home/cynh/.gradle/wrapper/dists/gradle-4.1-all/bzyivzo6n839fup2jbap0tjew/gradle-4.1/lib/plugins/gradle-resources-s3-4.1.jar
7fc6b99dc000-7fc6b99de000 r--s 00010000 08:01 1852529                    /home/cynh/.gradle/wrapper/dists/gradle-4.1-all/bzyivzo6n839fup2jbap0tjew/gradle-4.1/lib/plugins/gradle-reporting-4.1.jar
7fc6b99de000-7fc6b99e0000 r--s 00002000 08:01 1852531                    /home/cynh/.gradle/wrapper/dists/gradle-4.1-all/bzyivzo6n839fup2jbap0tjew/gradle-4.1/lib/plugins/gradle-publish-4.1.jar
7fc6b99e0000-7fc6b99e2000 r--s 00009000 08:01 1852553                    /home/cynh/.gradle/wrapper/dists/gradle-4.1-all/bzyivzo6n839fup2jbap0tjew/gradle-4.1/lib/plugins/commons-cli-1.2.jar
7fc6b99e2000-7fc6b99e8000 r--s 00036000 08:01 1852497                    /home/cynh/.gradle/wrapper/dists/gradle-4.1-all/bzyivzo6n839fup2jbap0tjew/gradle-4.1/lib/plugins/gradle-plugins-4.1.jar
7fc6b99e8000-7fc6b99ea000 r--s 00009000 08:01 1852471                    /home/cynh/.gradle/wrapper/dists/gradle-4.1-all/bzyivzo6n839fup2jbap0tjew/gradle-4.1/lib/plugins/gradle-plugin-development-4.1.jar
7fc6b99ea000-7fc6b99f0000 r--s 0002b000 08:01 1852487                    /home/cynh/.gradle/wrapper/dists/gradle-4.1-all/bzyivzo6n839fup2jbap0tjew/gradle-4.1/lib/plugins/gradle-platform-play-4.1.jar
7fc6b99f0000-7fc6b99ff000 r--s 0005b000 08:01 1852523                    /home/cynh/.gradle/wrapper/dists/gradle-4.1-all/bzyivzo6n839fup2jbap0tjew/gradle-4.1/lib/plugins/gradle-platform-native-4.1.jar
7fc6b99ff000-7fc6b9a03000 r--s 0001b000 08:01 1852517                    /home/cynh/.gradle/wrapper/dists/gradle-4.1-all/bzyivzo6n839fup2jbap0tjew/gradle-4.1/lib/plugins/gradle-platform-jvm-4.1.jar
7fc6b9a03000-7fc6b9a0b000 r--s 00027000 08:01 1852533                    /home/cynh/.gradle/wrapper/dists/gradle-4.1-all/bzyivzo6n839fup2jbap0tjew/gradle-4.1/lib/plugins/gradle-platform-base-4.1.jar
7fc6b9a0b000-7fc6b9a33000 r--s 0021c000 08:01 1852555                    /home/cynh/.gradle/wrapper/dists/gradle-4.1-all/bzyivzo6n839fup2jbap0tjew/gradle-4.1/lib/plugins/biz.aQute.bndlib-3.2.0.jar
7fc6b9a33000-7fc6b9a34000 r--s 00004000 08:01 1852467                    /home/cynh/.gradle/wrapper/dists/gradle-4.1-all/bzyivzo6n839fup2jbap0tjew/gradle-4.1/lib/plugins/gradle-osgi-4.1.jar
7fc6b9a34000-7fc6b9a37000 r--s 0000c000 08:01 1852561                    /home/cynh/.gradle/wrapper/dists/gradle-4.1-all/bzyivzo6n839fup2jbap0tjew/gradle-4.1/lib/plugins/pmaven-groovy-0.8-20100325.jar
7fc6b9a37000-7fc6b9a38000 r--s 00004000 08:01 1852559                    /home/cynh/.gradle/wrapper/dists/gradle-4.1-all/bzyivzo6n839fup2jbap0tjew/gradle-4.1/lib/plugins/pmaven-common-0.8-20100325.jar
7fc6b9a38000-7fc6b9a3e000 r--s 00023000 08:01 1852473                    /home/cynh/.gradle/wrapper/dists/gradle-4.1-all/bzyivzo6n839fup2jbap0tjew/gradle-4.1/lib/plugins/gradle-maven-4.1.jar
7fc6b9a3e000-7fc6b9a41000 r--s 0000b000 08:01 1852509                    /home/cynh/.gradle/wrapper/dists/gradle-4.1-all/bzyivzo6n839fup2jbap0tjew/gradle-4.1/lib/plugins/gradle-language-scala-4.1.jar
7fc6b9a41000-7fc6b9a48000 r--s 00020000 08:01 1852521                    /home/cynh/.gradle/wrapper/dists/gradle-4.1-all/bzyivzo6n839fup2jbap0tjew/gradle-4.1/lib/plugins/gradle-language-native-4.1.jar
7fc6b9a48000-7fc6b9a4a000 r--s 00005000 08:01 1852515                    /home/cynh/.gradle/wrapper/dists/gradle-4.1-all/bzyivzo6n839fup2jbap0tjew/gradle-4.1/lib/plugins/gradle-language-jvm-4.1.jar
7fc6b9a4a000-7fc6b9a51000 r--s 0002f000 08:01 1852513                    /home/cynh/.gradle/wrapper/dists/gradle-4.1-all/bzyivzo6n839fup2jbap0tjew/gradle-4.1/lib/plugins/gradle-language-java-4.1.jar
7fc6b9a51000-7fc6b9a54000 r--s 0000a000 08:01 1852507                    /home/cynh/.gradle/wrapper/dists/gradle-4.1-all/bzyivzo6n839fup2jbap0tjew/gradle-4.1/lib/plugins/gradle-language-groovy-4.1.jar
7fc6b9a54000-7fc6b9a5b000 r--s 00035000 08:01 1852573                    /home/cynh/.gradle/wrapper/dists/gradle-4.1-all/bzyivzo6n839fup2jbap0tjew/gradle-4.1/lib/plugins/simple-4.1.21.jar
7fc6b9a5b000-7fc6b9a67000 r--s 00100000 08:01 1852569                    /home/cynh/.gradle/wrapper/dists/gradle-4.1-all/bzyivzo6n839fup2jbap0tjew/gradle-4.1/lib/plugins/rhino-1.7R3.jar
7fc6b9a67000-7fc6b9a6b000 r--s 00012000 08:01 1852489                    /home/cynh/.gradle/wrapper/dists/gradle-4.1-all/bzyivzo6n839fup2jbap0tjew/gradle-4.1/lib/plugins/gradle-javascript-4.1.jar
7fc6b9a6b000-7fc6b9a6e000 r--s 00011000 08:01 1852493                    /home/cynh/.gradle/wrapper/dists/gradle-4.1-all/bzyivzo6n839fup2jbap0tjew/gradle-4.1/lib/plugins/gradle-jacoco-4.1.jar
7fc6b9a6e000-7fc6b9a71000 r--s 0000e000 08:01 1852491                    /home/cynh/.gradle/wrapper/dists/gradle-4.1-all/bzyivzo6n839fup2jbap0tjew/gradle-4.1/lib/plugins/gradle-ivy-4.1.jar
7fc6b9a71000-7fc6b9a72000 r--s 00002000 08:01 1852475                    /home/cynh/.gradle/wrapper/dists/gradle-4.1-all/bzyivzo6n839fup2jbap0tjew/gradle-4.1/lib/plugins/gradle-ide-play-4.1.jar
7fc6b9a72000-7fc6b9a75000 r--s 00013000 08:01 1852477                    /home/cynh/.gradle/wrapper/dists/gradle-4.1-all/bzyivzo6n839fup2jbap0tjew/gradle-4.1/lib/plugins/gradle-ide-native-4.1.jar
7fc6b9a75000-7fc6b9a7f000 r--s 00054000 08:01 1852479                    /home/cynh/.gradle/wrapper/dists/gradle-4.1-all/bzyivzo6n839fup2jbap0tjew/gradle-4.1/lib/plugins/gradle-ide-4.1.jar
7fc6b9a7f000-7fc6b9a81000 r--s 00007000 08:01 1852485                    /home/cynh/.gradle/wrapper/dists/gradle-4.1-all/bzyivzo6n839fup2jbap0tjew/gradle-4.1/lib/plugins/gradle-ear-4.1.jar
7fc6b9a81000-7fc6b9a83000 r--s 00005000 08:01 1852549                    /home/cynh/.gradle/wrapper/dists/gradle-4.1-all/bzyivzo6n839fup2jbap0tjew/gradle-4.1/lib/plugins/jatl-0.2.2.jar
7fc6b9a83000-7fc6b9a8a000 r--s 00038000 08:01 1852525                    /home/cynh/.gradle/wrapper/dists/gradle-4.1-all/bzyivzo6n839fup2jbap0tjew/gradle-4.1/lib/plugins/gradle-diagnostics-4.1.jar
7fc6b9a8a000-7fc6b9a8c000 r--s 0000b000 08:01 1852503                    /home/cynh/.gradle/wrapper/dists/gradle-4.1-all/bzyivzo6n839fup2jbap0tjew/gradle-4.1/lib/plugins/gradle-composite-builds-4.1.jar
7fc6b9a8c000-7fc6b9a91000 r--s 00025000 08:01 1852463                    /home/cynh/.gradle/wrapper/dists/gradle-4.1-all/bzyivzo6n839fup2jbap0tjew/gradle-4.1/lib/plugins/gradle-code-quality-4.1.jar
7fc6b9a91000-7fc6b9a96000 r--s 00022000 08:01 1852495                    /home/cynh/.gradle/wrapper/dists/gradle-4.1-all/bzyivzo6n839fup2jbap0tjew/gradle-4.1/lib/plugins/gradle-build-init-4.1.jar
7fc6b9a96000-7fc6b9a9c000 r--s 0008e000 08:01 1852483                    /home/cynh/.gradle/wrapper/dists/gradle-4.1-all/bzyivzo6n839fup2jbap0tjew/gradle-4.1/lib/plugins/gradle-build-comparison-4.1.jar
7fc6b9a9c000-7fc6b9a9d000 r--s 00002000 08:01 1852539                    /home/cynh/.gradle/wrapper/dists/gradle-4.1-all/bzyivzo6n839fup2jbap0tjew/gradle-4.1/lib/plugins/gradle-build-cache-http-4.1.jar
7fc6b9a9d000-7fc6b9a9f000 r--s 00008000 08:01 1852465                    /home/cynh/.gradle/wrapper/dists/gradle-4.1-all/bzyivzo6n839fup2jbap0tjew/gradle-4.1/lib/plugins/gradle-antlr-4.1.jar
7fc6b9a9f000-7fc6b9aa1000 r--s 00004000 08:01 1852505                    /home/cynh/.gradle/wrapper/dists/gradle-4.1-all/bzyivzo6n839fup2jbap0tjew/gradle-4.1/lib/plugins/gradle-announce-4.1.jar
7fc6b9aa1000-7fc6b9aa3000 r--s 00008000 08:01 1852345                    /home/cynh/.gradle/wrapper/dists/gradle-4.1-all/bzyivzo6n839fup2jbap0tjew/gradle-4.1/lib/gradle-kotlin-dsl-tooling-builders-0.10.3.jar
7fc6b9aa3000-7fc6b9aa6000 r--s 0001c000 08:01 1852581                    /home/cynh/.gradle/wrapper/dists/gradle-4.1-all/bzyivzo6n839fup2jbap0tjew/gradle-4.1/lib/plugins/nekohtml-1.9.14.jar
7fc6b9aa6000-7fc6b9aae000 r--s 00028000 08:01 1852636                    /home/cynh/.gradle/wrapper/dists/gradle-4.1-all/bzyivzo6n839fup2jbap0tjew/gradle-4.1/lib/plugins/xml-apis-1.3.04.jar
7fc6b9aae000-7fc6b9ac6000 r--s 00115000 08:01 1852583                    /home/cynh/.gradle/wrapper/dists/gradle-4.1-all/bzyivzo6n839fup2jbap0tjew/gradle-4.1/lib/plugins/xercesImpl-2.9.1.jar
7fc6b9ac6000-7fc6b9acc000 r--s 0005b000 08:01 1852579                    /home/cynh/.gradle/wrapper/dists/gradle-4.1-all/bzyivzo6n839fup2jbap0tjew/gradle-4.1/lib/plugins/jcifs-1.3.17.jar
7fc6b9acc000-7fc6b9ad3000 r--s 00049000 08:01 1852635                    /home/cynh/.gradle/wrapper/dists/gradle-4.1-all/bzyivzo6n839fup2jbap0tjew/gradle-4.1/lib/plugins/httpcore-4.4.4.jar
7fc6b9ad3000-7fc6b9ad9000 r--s 00033000 08:01 1852565                    /home/cynh/.gradle/wrapper/dists/gradle-4.1-all/bzyivzo6n839fup2jbap0tjew/gradle-4.1/lib/plugins/commons-codec-1.6.jar
7fc6b9ad9000-7fc6b9ae6000 r--s 000a4000 08:01 1852551                    /home/cynh/.gradle/wrapper/dists/gradle-4.1-all/bzyivzo6n839fup2jbap0tjew/gradle-4.1/lib/plugins/httpclient-4.4.1.jar
7fc6b9ae6000-7fc6b9ae8000 r--s 0000b000 08:01 1852541                    /home/cynh/.gradle/wrapper/dists/gradle-4.1-all/bzyivzo6n839fup2jbap0tjew/gradle-4.1/lib/plugins/gradle-resources-http-4.1.jar
7fc6b9ae8000-7fc6b9aec000 r--s 00017000 08:01 1852535                    /home/cynh/.gradle/wrapper/dists/gradle-4.1-all/bzyivzo6n839fup2jbap0tjew/gradle-4.1/lib/plugins/gradle-plugin-use-4.1.jar
7fc6b9aec000-7fc6b9aed000 r--s 00000000 08:01 1852357                    /home/cynh/.gradle/wrapper/dists/gradle-4.1-all/bzyivzo6n839fup2jbap0tjew/gradle-4.1/lib/gradle-runtime-api-info-4.1.jar
7fc6b9aed000-7fc6b9aee000 r--s 00000000 08:01 1852363                    /home/cynh/.gradle/wrapper/dists/gradle-4.1-all/bzyivzo6n839fup2jbap0tjew/gradle-4.1/lib/gradle-installation-beacon-4.1.jar
7fc6b9aee000-7fc6b9b2e000 r--s 00277000 08:01 1852605                    /home/cynh/.gradle/wrapper/dists/gradle-4.1-all/bzyivzo6n839fup2jbap0tjew/gradle-4.1/lib/plugins/bcprov-jdk15on-1.51.jar
7fc6b9b2e000-7fc6b9b32000 r--s 0001d000 08:01 1852603                    /home/cynh/.gradle/wrapper/dists/gradle-4.1-all/bzyivzo6n839fup2jbap0tjew/gradle-4.1/lib/plugins/xbean-reflect-3.4.jar
7fc6b9b32000-7fc6b9b34000 r--s 0000a000 08:01 1852607                    /home/cynh/.gradle/wrapper/dists/gradle-4.1-all/bzyivzo6n839fup2jbap0tjew/gradle-4.1/lib/plugins/maven-settings-3.0.4.jar
7fc6b9b34000-7fc6b9b37000 r--s 00008000 08:01 1852609                    /home/cynh/.gradle/wrapper/dists/gradle-4.1-all/bzyivzo6n839fup2jbap0tjew/gradle-4.1/lib/plugins/maven-settings-builder-3.0.4.jar
7fc6b9b37000-7fc6b9b3b000 r--s 00033000 08:01 1852610                    /home/cynh/.gradle/wrapper/dists/gradle-4.1-all/bzyivzo6n839fup2jbap0tjew/gradle-4.1/lib/plugins/plexus-utils-2.0.6.jar
7fc6b9b3b000-7fc6b9b3d000 r--s 0000d000 08:01 1852611                    /home/cynh/.gradle/wrapper/dists/gradle-4.1-all/bzyivzo6n839fup2jbap0tjew/gradle-4.1/lib/plugins/plexus-interpolation-1.14.jar
7fc6b9b3d000-7fc6b9b3f000 r--s 00000000 08:01 1852563                    /home/cynh/.gradle/wrapper/dists/gradle-4.1-all/bzyivzo6n839fup2jbap0tjew/gradle-4.1/lib/plugins/plexus-component-annotations-1.5.5.jar
7fc6b9b3f000-7fc6b9b46000 r--s 0002e000 08:01 1852612                    /home/cynh/.gradle/wrapper/dists/gradle-4.1-all/bzyivzo6n839fup2jbap0tjew/gradle-4.1/lib/plugins/plexus-container-default-1.5.5.jar
7fc6b9b46000-7fc6b9b48000 r--s 0000a000 08:01 1852613                    /home/cynh/.gradle/wrapper/dists/gradle-4.1-all/bzyivzo6n839fup2jbap0tjew/gradle-4.1/lib/plugins/plexus-classworlds-2.4.jar
7fc6b9b48000-7fc6b9b4a000 r--s 00002000 08:01 1852614                    /home/cynh/.gradle/wrapper/dists/gradle-4.1-all/bzyivzo6n839fup2jbap0tjew/gradle-4.1/lib/plugins/plexus-cipher-1.7.jar
7fc6b9b4a000-7fc6b9b4b000 r--s 00006000 08:01 1852615                    /home/cynh/.gradle/wrapper/dists/gradle-4.1-all/bzyivzo6n839fup2jbap0tjew/gradle-4.1/lib/plugins/plexus-sec-dispatcher-1.3.jar
7fc6b9b4b000-7fc6b9b51000 r--s 0003f000 08:01 1852616                    /home/cynh/.gradle/wrapper/dists/gradle-4.1-all/bzyivzo6n839fup2jbap0tjew/gradle-4.1/lib/plugins/maven-compat-3.0.4.jar
7fc6b9b51000-7fc6b9b55000 r--s 00021000 08:01 1852617                    /home/cynh/.gradle/wrapper/dists/gradle-4.1-all/bzyivzo6n839fup2jbap0tjew/gradle-4.1/lib/plugins/maven-model-builder-3.0.4.jar
7fc6b9b55000-7fc6b9b57000 r--s 00026000 08:01 1852618                    /home/cynh/.gradle/wrapper/dists/gradle-4.1-all/bzyivzo6n839fup2jbap0tjew/gradle-4.1/lib/plugins/maven-model-3.0.4.jar
7fc6b9b57000-7fc6b9b59000 r--s 0000b000 08:01 1852619                    /home/cynh/.gradle/wrapper/dists/gradle-4.1-all/bzyivzo6n839fup2jbap0tjew/gradle-4.1/lib/plugins/maven-artifact-3.0.4.jar
7fc6b9b59000-7fc6b9b5b000 r--s 00006000 08:01 1852620                    /home/cynh/.gradle/wrapper/dists/gradle-4.1-all/bzyivzo6n839fup2jbap0tjew/gradle-4.1/lib/plugins/maven-repository-metadata-3.0.4.jar
7fc6b9b5b000-7fc6b9b5d000 r--s 0000b000 08:01 1852621                    /home/cynh/.gradle/wrapper/dists/gradle-4.1-all/bzyivzo6n839fup2jbap0tjew/gradle-4.1/lib/plugins/maven-plugin-api-3.0.4.jar
7fc6b9b5d000-7fc6b9b5f000 r--s 0000c000 08:01 1852622                    /home/cynh/.gradle/wrapper/dists/gradle-4.1-all/bzyivzo6n839fup2jbap0tjew/gradle-4.1/lib/plugins/maven-aether-provider-3.0.4.jar
7fc6b9b5f000-7fc6b9b60000 r--s 00002000 08:01 1852623                    /home/cynh/.gradle/wrapper/dists/gradle-4.1-all/bzyivzo6n839fup2jbap0tjew/gradle-4.1/lib/plugins/wagon-file-2.4.jar
7fc6b9b60000-7fc6b9b61000 r--s 00002000 08:01 1852624                    /home/cynh/.gradle/wrapper/dists/gradle-4.1-all/bzyivzo6n839fup2jbap0tjew/gradle-4.1/lib/plugins/wagon-http-2.4.jar
7fc6b9b61000-7fc6b9b63000 r--s 0000b000 08:01 1852625                    /home/cynh/.gradle/wrapper/dists/gradle-4.1-all/bzyivzo6n839fup2jbap0tjew/gradle-4.1/lib/plugins/wagon-provider-api-2.4.jar
7fc6b9b63000-7fc6b9b64000 r--s 00007000 08:01 1852626                    /home/cynh/.gradle/wrapper/dists/gradle-4.1-all/bzyivzo6n839fup2jbap0tjew/gradle-4.1/lib/plugins/wagon-http-shared4-2.4.jar
7fc6b9b64000-7fc6b9b67000 r--s 00013000 08:01 1852627                    /home/cynh/.gradle/wrapper/dists/gradle-4.1-all/bzyivzo6n839fup2jbap0tjew/gradle-4.1/lib/plugins/aether-api-1.13.1.jar
7fc6b9b67000-7fc6b9b6a000 r--s 0001d000 08:01 1852628                    /home/cynh/.gradle/wrapper/dists/gradle-4.1-all/bzyivzo6n839fup2jbap0tjew/gradle-4.1/lib/plugins/aether-impl-1.13.1.jar
7fc6b9b6a000-7fc6b9b6e000 r--s 0001c000 08:01 1852630                    /home/cynh/.gradle/wrapper/dists/gradle-4.1-all/bzyivzo6n839fup2jbap0tjew/gradle-4.1/lib/plugins/aether-util-1.13.1.jar
7fc6b9b6e000-7fc6b9b7a000 r--s 0007d000 08:01 1852557                    /home/cynh/.gradle/wrapper/dists/gradle-4.1-all/bzyivzo6n839fup2jbap0tjew/gradle-4.1/lib/plugins/maven-core-3.0.4.jar
7fc6b9b7a000-7fc6b9b7f000 r--s 00034000 08:01 1852571                    /home/cynh/.gradle/wrapper/dists/gradle-4.1-all/bzyivzo6n839fup2jbap0tjew/gradle-4.1/lib/plugins/gson-2.7.jar
7fc6b9b7f000-7fc6b9ba3000 r--s 0011a000 08:01 1852547                    /home/cynh/.gradle/wrapper/dists/gradle-4.1-all/bzyivzo6n839fup2jbap0tjew/gradle-4.1/lib/plugins/gradle-dependency-management-4.1.jar
7fc6b9ba3000-7fc6b9bb9000 r-xp 00000000 08:01 1446812                    /lib/x86_64-linux-gnu/libgcc_s.so.1
7fc6b9bb9000-7fc6b9db8000 ---p 00016000 08:01 1446812                    /lib/x86_64-linux-gnu/libgcc_s.so.1
7fc6b9db8000-7fc6b9db9000 r--p 00015000 08:01 1446812                    /lib/x86_64-linux-gnu/libgcc_s.so.1
7fc6b9db9000-7fc6b9dba000 rw-p 00016000 08:01 1446812                    /lib/x86_64-linux-gnu/libgcc_s.so.1
7fc6b9dba000-7fc6b9f33000 r-xp 00000000 08:01 4991406                    /usr/lib/x86_64-linux-gnu/libstdc++.so.6.0.22
7fc6b9f33000-7fc6ba132000 ---p 00179000 08:01 4991406                    /usr/lib/x86_64-linux-gnu/libstdc++.so.6.0.22
7fc6ba132000-7fc6ba13c000 r--p 00178000 08:01 4991406                    /usr/lib/x86_64-linux-gnu/libstdc++.so.6.0.22
7fc6ba13c000-7fc6ba13e000 rw-p 00182000 08:01 4991406                    /usr/lib/x86_64-linux-gnu/libstdc++.so.6.0.22
7fc6ba13e000-7fc6ba142000 rw-p 00000000 00:00 0 
7fc6ba142000-7fc6ba143000 r--s 00003000 08:01 1852629                    /home/cynh/.gradle/wrapper/dists/gradle-4.1-all/bzyivzo6n839fup2jbap0tjew/gradle-4.1/lib/plugins/aether-spi-1.13.1.jar
7fc6ba143000-7fc6ba145000 r--s 00006000 08:01 1852631                    /home/cynh/.gradle/wrapper/dists/gradle-4.1-all/bzyivzo6n839fup2jbap0tjew/gradle-4.1/lib/plugins/aether-connector-wagon-1.13.1.jar
7fc6ba145000-7fc6ba14a000 r--s 00040000 08:01 1852587                    /home/cynh/.gradle/wrapper/dists/gradle-4.1-all/bzyivzo6n839fup2jbap0tjew/gradle-4.1/lib/plugins/jsch-0.1.54.jar
7fc6ba14a000-7fc6ba159000 r--s 000d9000 08:01 1852585                    /home/cynh/.gradle/wrapper/dists/gradle-4.1-all/bzyivzo6n839fup2jbap0tjew/gradle-4.1/lib/plugins/ivy-2.2.0.jar
7fc6ba159000-7fc6ba15c000 r--s 0000d000 08:01 1852545                    /home/cynh/.gradle/wrapper/dists/gradle-4.1-all/bzyivzo6n839fup2jbap0tjew/gradle-4.1/lib/plugins/gradle-workers-4.1.jar
7fc6ba15c000-7fc6ba161000 r-xp 00000000 08:01 1588013                    /home/cynh/.gradle/native/25/linux-amd64/libnative-platform.so
7fc6ba161000-7fc6ba360000 ---p 00005000 08:01 1588013                    /home/cynh/.gradle/native/25/linux-amd64/libnative-platform.so
7fc6ba360000-7fc6ba361000 rw-p 00004000 08:01 1588013                    /home/cynh/.gradle/native/25/linux-amd64/libnative-platform.so
7fc6ba361000-7fc6ba372000 r-xp 00000000 08:01 1977767                    /opt/android-studio/jre/jre/lib/amd64/libnio.so
7fc6ba372000-7fc6ba571000 ---p 00011000 08:01 1977767                    /opt/android-studio/jre/jre/lib/amd64/libnio.so
7fc6ba571000-7fc6ba572000 r--p 00010000 08:01 1977767                    /opt/android-studio/jre/jre/lib/amd64/libnio.so
7fc6ba572000-7fc6ba573000 rw-p 00011000 08:01 1977767                    /opt/android-studio/jre/jre/lib/amd64/libnio.so
7fc6ba573000-7fc6ba589000 r-xp 00000000 08:01 1977765                    /opt/android-studio/jre/jre/lib/amd64/libnet.so
7fc6ba589000-7fc6ba789000 ---p 00016000 08:01 1977765                    /opt/android-studio/jre/jre/lib/amd64/libnet.so
7fc6ba789000-7fc6ba78a000 r--p 00016000 08:01 1977765                    /opt/android-studio/jre/jre/lib/amd64/libnet.so
7fc6ba78a000-7fc6ba78b000 rw-p 00017000 08:01 1977765                    /opt/android-studio/jre/jre/lib/amd64/libnet.so
7fc6ba78b000-7fc6ba78c000 r--s 00006000 08:01 1852361                    /home/cynh/.gradle/wrapper/dists/gradle-4.1-all/bzyivzo6n839fup2jbap0tjew/gradle-4.1/lib/gradle-wrapper-4.1.jar
7fc6ba78c000-7fc6ba799000 r--s 00043000 08:01 1852359                    /home/cynh/.gradle/wrapper/dists/gradle-4.1-all/bzyivzo6n839fup2jbap0tjew/gradle-4.1/lib/gradle-tooling-api-4.1.jar
7fc6ba799000-7fc6ba7a8000 r--s 000c8000 08:01 1852353                    /home/cynh/.gradle/wrapper/dists/gradle-4.1-all/bzyivzo6n839fup2jbap0tjew/gradle-4.1/lib/kotlin-stdlib-1.1.3-2.jar
7fc6ba7a8000-7fc6ba7da000 r--s 0021b000 08:01 1852351                    /home/cynh/.gradle/wrapper/dists/gradle-4.1-all/bzyivzo6n839fup2jbap0tjew/gradle-4.1/lib/kotlin-reflect-1.1.3-2.jar
7fc6ba7da000-7fc6ba991000 r--s 01786000 08:01 1852349                    /home/cynh/.gradle/wrapper/dists/gradle-4.1-all/bzyivzo6n839fup2jbap0tjew/gradle-4.1/lib/kotlin-compiler-embeddable-1.1.3-2.jar
7fc6ba991000-7fc6ba992000 r--s 00000000 08:01 1852347                    /home/cynh/.gradle/wrapper/dists/gradle-4.1-all/bzyivzo6n839fup2jbap0tjew/gradle-4.1/lib/gradle-kotlin-dsl-tooling-models-0.10.3.jar
7fc6ba992000-7fc6ba993000 r--s 00001000 08:01 1852343                    /home/cynh/.gradle/wrapper/dists/gradle-4.1-all/bzyivzo6n839fup2jbap0tjew/gradle-4.1/lib/gradle-kotlin-dsl-compiler-plugin-0.10.3.jar
7fc6ba993000-7fc6ba995000 r--s 00003000 08:01 1852339                    /home/cynh/.gradle/wrapper/dists/gradle-4.1-all/bzyivzo6n839fup2jbap0tjew/gradle-4.1/lib/annotations-13.0.jar
7fc6ba995000-7fc6ba99f000 r--s 00073000 08:01 1852341                    /home/cynh/.gradle/wrapper/dists/gradle-4.1-all/bzyivzo6n839fup2jbap0tjew/gradle-4.1/lib/gradle-kotlin-dsl-0.10.3.jar
7fc6ba99f000-7fc6ba9a4000 r--s 00013000 08:01 1852373                    /home/cynh/.gradle/wrapper/dists/gradle-4.1-all/bzyivzo6n839fup2jbap0tjew/gradle-4.1/lib/gradle-resources-4.1.jar
7fc6ba9a4000-7fc6ba9a6000 r--s 00005000 08:01 1852387                    /home/cynh/.gradle/wrapper/dists/gradle-4.1-all/bzyivzo6n839fup2jbap0tjew/gradle-4.1/lib/gradle-cli-4.1.jar
7fc6ba9a6000-7fc6ba9a8000 r--s 00003000 08:01 1852401                    /home/cynh/.gradle/wrapper/dists/gradle-4.1-all/bzyivzo6n839fup2jbap0tjew/gradle-4.1/lib/jcl-over-slf4j-1.7.10.jar
7fc6ba9a8000-7fc6ba9a9000 r--s 00005000 08:01 1852399                    /home/cynh/.gradle/wrapper/dists/gradle-4.1-all/bzyivzo6n839fup2jbap0tjew/gradle-4.1/lib/log4j-over-slf4j-1.7.10.jar
7fc6ba9a9000-7fc6ba9ab000 r--s 00000000 08:01 1852397                    /home/cynh/.gradle/wrapper/dists/gradle-4.1-all/bzyivzo6n839fup2jbap0tjew/gradle-4.1/lib/jul-to-slf4j-1.7.10.jar
7fc6ba9ab000-7fc6ba9bb000 r--s 00082000 08:01 1852379                    /home/cynh/.gradle/wrapper/dists/gradle-4.1-all/bzyivzo6n839fup2jbap0tjew/gradle-4.1/lib/gradle-model-core-4.1.jar
7fc6ba9bb000-7fc6ba9c8000 r--s 00083000 08:01 1852419                    /home/cynh/.gradle/wrapper/dists/gradle-4.1-all/bzyivzo6n839fup2jbap0tjew/gradle-4.1/lib/commons-collections-3.2.2.jar
7fc6ba9c8000-7fc6baa38000 r--s 00645000 08:01 1852413                    /home/cynh/.gradle/wrapper/dists/gradle-4.1-all/bzyivzo6n839fup2jbap0tjew/gradle-4.1/lib/groovy-all-2.4.11.jar
7fc6baa38000-7fc6baa39000 ---p 00000000 00:00 0 
7fc6baa39000-7fc6bab39000 rw-p 00000000 00:00 0 
7fc6bab39000-7fc6bab3c000 ---p 00000000 00:00 0 
7fc6bab3c000-7fc6bac3a000 rw-p 00000000 00:00 0 
7fc6bac3a000-7fc6bac3d000 ---p 00000000 00:00 0 
7fc6bac3d000-7fc6bad3b000 rw-p 00000000 00:00 0 
7fc6bad3b000-7fc6bad3e000 ---p 00000000 00:00 0 
7fc6bad3e000-7fc6bae3c000 rw-p 00000000 00:00 0 
7fc6bae3c000-7fc6bae3f000 ---p 00000000 00:00 0 
7fc6bae3f000-7fc6baf3d000 rw-p 00000000 00:00 0 
7fc6baf3d000-7fc6bb218000 r--p 00000000 08:01 4990966                    /usr/lib/locale/locale-archive
7fc6bb218000-7fc6bb21b000 ---p 00000000 00:00 0 
7fc6bb21b000-7fc6bb319000 rw-p 00000000 00:00 0 
7fc6bb319000-7fc6bb31c000 ---p 00000000 00:00 0 
7fc6bb31c000-7fc6bb41a000 rw-p 00000000 00:00 0 
7fc6bb41a000-7fc6bb41b000 ---p 00000000 00:00 0 
7fc6bb41b000-7fc6bb51b000 rw-p 00000000 00:00 0 
7fc6bb51b000-7fc6bb6eb000 r--s 03c46000 08:01 1977713                    /opt/android-studio/jre/jre/lib/rt.jar
7fc6bb6eb000-7fc6bbeeb000 rw-p 00000000 00:00 0 
7fc6bbeeb000-7fc6bbf11000 rw-p 00000000 00:00 0 
7fc6bbf11000-7fc6bc0ec000 ---p 00000000 00:00 0 
7fc6bc0ec000-7fc6bc0fd000 rw-p 00000000 00:00 0 
7fc6bc0fd000-7fc6bc1ec000 ---p 00000000 00:00 0 
7fc6bc1ec000-7fc6bc212000 rw-p 00000000 00:00 0 
7fc6bc212000-7fc6bc3ec000 ---p 00000000 00:00 0 
7fc6bc3ec000-7fc6bc43a000 rw-p 00000000 00:00 0 
7fc6bc43a000-7fc6bc7ad000 ---p 00000000 00:00 0 
7fc6bc7ad000-7fc6bdadd000 rwxp 00000000 00:00 0 
7fc6bdadd000-7fc6cb7ad000 ---p 00000000 00:00 0 
7fc6cb7ad000-7fc6cb7c7000 r-xp 00000000 08:01 1977752                    /opt/android-studio/jre/jre/lib/amd64/libzip.so
7fc6cb7c7000-7fc6cb9c7000 ---p 0001a000 08:01 1977752                    /opt/android-studio/jre/jre/lib/amd64/libzip.so
7fc6cb9c7000-7fc6cb9c8000 r--p 0001a000 08:01 1977752                    /opt/android-studio/jre/jre/lib/amd64/libzip.so
7fc6cb9c8000-7fc6cb9c9000 rw-p 0001b000 08:01 1977752                    /opt/android-studio/jre/jre/lib/amd64/libzip.so
7fc6cb9c9000-7fc6cb9d4000 r-xp 00000000 08:01 1452947                    /lib/x86_64-linux-gnu/libnss_files-2.24.so
7fc6cb9d4000-7fc6cbbd3000 ---p 0000b000 08:01 1452947                    /lib/x86_64-linux-gnu/libnss_files-2.24.so
7fc6cbbd3000-7fc6cbbd4000 r--p 0000a000 08:01 1452947                    /lib/x86_64-linux-gnu/libnss_files-2.24.so
7fc6cbbd4000-7fc6cbbd5000 rw-p 0000b000 08:01 1452947                    /lib/x86_64-linux-gnu/libnss_files-2.24.so
7fc6cbbd5000-7fc6cbbdb000 rw-p 00000000 00:00 0 
7fc6cbbdb000-7fc6cbbe6000 r-xp 00000000 08:01 1452949                    /lib/x86_64-linux-gnu/libnss_nis-2.24.so
7fc6cbbe6000-7fc6cbde5000 ---p 0000b000 08:01 1452949                    /lib/x86_64-linux-gnu/libnss_nis-2.24.so
7fc6cbde5000-7fc6cbde6000 r--p 0000a000 08:01 1452949                    /lib/x86_64-linux-gnu/libnss_nis-2.24.so
7fc6cbde6000-7fc6cbde7000 rw-p 0000b000 08:01 1452949                    /lib/x86_64-linux-gnu/libnss_nis-2.24.so
7fc6cbde7000-7fc6cbdfd000 r-xp 00000000 08:01 1452599                    /lib/x86_64-linux-gnu/libnsl-2.24.so
7fc6cbdfd000-7fc6cbffc000 ---p 00016000 08:01 1452599                    /lib/x86_64-linux-gnu/libnsl-2.24.so
7fc6cbffc000-7fc6cbffd000 r--p 00015000 08:01 1452599                    /lib/x86_64-linux-gnu/libnsl-2.24.so
7fc6cbffd000-7fc6cbffe000 rw-p 00016000 08:01 1452599                    /lib/x86_64-linux-gnu/libnsl-2.24.so
7fc6cbffe000-7fc6cc000000 rw-p 00000000 00:00 0 
7fc6cc000000-7fc6ccc92000 rw-p 00000000 00:00 0 
7fc6ccc92000-7fc6d0000000 ---p 00000000 00:00 0 
7fc6d0000000-7fc6d0007000 r--s 0002c000 08:01 1852369                    /home/cynh/.gradle/wrapper/dists/gradle-4.1-all/bzyivzo6n839fup2jbap0tjew/gradle-4.1/lib/gradle-logging-4.1.jar
7fc6d0007000-7fc6d0009000 r--s 00006000 08:01 1852381                    /home/cynh/.gradle/wrapper/dists/gradle-4.1-all/bzyivzo6n839fup2jbap0tjew/gradle-4.1/lib/gradle-base-services-groovy-4.1.jar
7fc6d0009000-7fc6d000b000 r--s 00007000 08:01 1852377                    /home/cynh/.gradle/wrapper/dists/gradle-4.1-all/bzyivzo6n839fup2jbap0tjew/gradle-4.1/lib/gradle-model-groovy-4.1.jar
7fc6d000b000-7fc6d000c000 r--s 00002000 08:01 1852423                    /home/cynh/.gradle/wrapper/dists/gradle-4.1-all/bzyivzo6n839fup2jbap0tjew/gradle-4.1/lib/gradle-docs-4.1.jar
7fc6d000c000-7fc6d000d000 r--s 00000000 08:01 1852417                    /home/cynh/.gradle/wrapper/dists/gradle-4.1-all/bzyivzo6n839fup2jbap0tjew/gradle-4.1/lib/javax.inject-1.jar
7fc6d000d000-7fc6d0010000 r--s 00023000 08:01 1852425                    /home/cynh/.gradle/wrapper/dists/gradle-4.1-all/bzyivzo6n839fup2jbap0tjew/gradle-4.1/lib/jansi-1.14.jar
7fc6d0010000-7fc6d0011000 r--s 00004000 08:01 1852429                    /home/cynh/.gradle/wrapper/dists/gradle-4.1-all/bzyivzo6n839fup2jbap0tjew/gradle-4.1/lib/native-platform-freebsd-amd64-libcpp-0.14.jar
7fc6d0011000-7fc6d0012000 r--s 00004000 08:01 1852431                    /home/cynh/.gradle/wrapper/dists/gradle-4.1-all/bzyivzo6n839fup2jbap0tjew/gradle-4.1/lib/native-platform-freebsd-amd64-libstdcpp-0.14.jar
7fc6d0012000-7fc6d0013000 r--s 00004000 08:01 1852433                    /home/cynh/.gradle/wrapper/dists/gradle-4.1-all/bzyivzo6n839fup2jbap0tjew/gradle-4.1/lib/native-platform-freebsd-i386-libcpp-0.14.jar
7fc6d0013000-7fc6d0014000 r--s 00003000 08:01 1852435                    /home/cynh/.gradle/wrapper/dists/gradle-4.1-all/bzyivzo6n839fup2jbap0tjew/gradle-4.1/lib/native-platform-freebsd-i386-libstdcpp-0.14.jar
7fc6d0014000-7fc6d0015000 r--s 00002000 08:01 1852437                    /home/cynh/.gradle/wrapper/dists/gradle-4.1-all/bzyivzo6n839fup2jbap0tjew/gradle-4.1/lib/native-platform-linux-amd64-0.14.jar
7fc6d0015000-7fc6d0016000 r--s 00002000 08:01 1852439                    /home/cynh/.gradle/wrapper/dists/gradle-4.1-all/bzyivzo6n839fup2jbap0tjew/gradle-4.1/lib/native-platform-linux-i386-0.14.jar
7fc6d0016000-7fc6d0018000 r--s 00002000 08:01 1852441                    /home/cynh/.gradle/wrapper/dists/gradle-4.1-all/bzyivzo6n839fup2jbap0tjew/gradle-4.1/lib/native-platform-osx-amd64-0.14.jar
7fc6d0018000-7fc6d0019000 r--s 00003000 08:01 1852443                    /home/cynh/.gradle/wrapper/dists/gradle-4.1-all/bzyivzo6n839fup2jbap0tjew/gradle-4.1/lib/native-platform-osx-i386-0.14.jar
7fc6d0019000-7fc6d001b000 r--s 0000b000 08:01 1852445                    /home/cynh/.gradle/wrapper/dists/gradle-4.1-all/bzyivzo6n839fup2jbap0tjew/gradle-4.1/lib/native-platform-windows-amd64-0.14.jar
7fc6d001b000-7fc6d001c000 r--s 0000b000 08:01 1852447                    /home/cynh/.gradle/wrapper/dists/gradle-4.1-all/bzyivzo6n839fup2jbap0tjew/gradle-4.1/lib/native-platform-windows-i386-0.14.jar
7fc6d001c000-7fc6d001d000 r--s 00001000 08:01 1852449                    /home/cynh/.gradle/wrapper/dists/gradle-4.1-all/bzyivzo6n839fup2jbap0tjew/gradle-4.1/lib/native-platform-linux-amd64-ncurses5-0.14.jar
7fc6d001d000-7fc6d001e000 r--s 00001000 08:01 1852451                    /home/cynh/.gradle/wrapper/dists/gradle-4.1-all/bzyivzo6n839fup2jbap0tjew/gradle-4.1/lib/native-platform-linux-amd64-ncurses6-0.14.jar
7fc6d001e000-7fc6d001f000 r--s 00001000 08:01 1852453                    /home/cynh/.gradle/wrapper/dists/gradle-4.1-all/bzyivzo6n839fup2jbap0tjew/gradle-4.1/lib/native-platform-linux-i386-ncurses5-0.14.jar
7fc6d001f000-7fc6d0023000 r--s 00012000 08:01 1852421                    /home/cynh/.gradle/wrapper/dists/gradle-4.1-all/bzyivzo6n839fup2jbap0tjew/gradle-4.1/lib/native-platform-0.14.jar
7fc6d0023000-7fc6d0026000 r--s 0000c000 08:01 1852375                    /home/cynh/.gradle/wrapper/dists/gradle-4.1-all/bzyivzo6n839fup2jbap0tjew/gradle-4.1/lib/gradle-native-4.1.jar
7fc6d0026000-7fc6d0028000 r--s 0000f000 08:01 1852391                    /home/cynh/.gradle/wrapper/dists/gradle-4.1-all/bzyivzo6n839fup2jbap0tjew/gradle-4.1/lib/reflectasm-1.07-shaded.jar
7fc6d0028000-7fc6d002a000 r--s 00000000 08:01 1852457                    /home/cynh/.gradle/wrapper/dists/gradle-4.1-all/bzyivzo6n839fup2jbap0tjew/gradle-4.1/lib/minlog-1.2.jar
7fc6d002a000-7fc6d002c000 r--s 00007000 08:01 1852459                    /home/cynh/.gradle/wrapper/dists/gradle-4.1-all/bzyivzo6n839fup2jbap0tjew/gradle-4.1/lib/objenesis-1.2.jar
7fc6d002c000-7fc6d0030000 r--s 00026000 08:01 1852389                    /home/cynh/.gradle/wrapper/dists/gradle-4.1-all/bzyivzo6n839fup2jbap0tjew/gradle-4.1/lib/kryo-2.20.jar
7fc6d0030000-7fc6d0036000 r--s 0002b000 08:01 1852383                    /home/cynh/.gradle/wrapper/dists/gradle-4.1-all/bzyivzo6n839fup2jbap0tjew/gradle-4.1/lib/gradle-messaging-4.1.jar
7fc6d0036000-7fc6d0038000 r--s 00006000 08:01 1852371                    /home/cynh/.gradle/wrapper/dists/gradle-4.1-all/bzyivzo6n839fup2jbap0tjew/gradle-4.1/lib/gradle-process-services-4.1.jar
7fc6d0038000-7fc6d003d000 r--s 00041000 08:01 1852409                    /home/cynh/.gradle/wrapper/dists/gradle-4.1-all/bzyivzo6n839fup2jbap0tjew/gradle-4.1/lib/commons-lang-2.6.jar
7fc6d003d000-7fc6d0040000 r--s 00006000 08:01 1852407                    /home/cynh/.gradle/wrapper/dists/gradle-4.1-all/bzyivzo6n839fup2jbap0tjew/gradle-4.1/lib/jsr305-1.3.9.jar
7fc6d0040000-7fc6d0068000 r--s 001cf000 08:01 1852405                    /home/cynh/.gradle/wrapper/dists/gradle-4.1-all/bzyivzo6n839fup2jbap0tjew/gradle-4.1/lib/guava-jdk5-17.0.jar
7fc6d0068000-7fc6d006c000 r--s 00027000 08:01 1852395                    /home/cynh/.gradle/wrapper/dists/gradle-4.1-all/bzyivzo6n839fup2jbap0tjew/gradle-4.1/lib/commons-io-2.2.jar
7fc6d006c000-7fc6d0074000 r--s 000bd000 08:01 1852393                    /home/cynh/.gradle/wrapper/dists/gradle-4.1-all/bzyivzo6n839fup2jbap0tjew/gradle-4.1/lib/asm-debug-all-6.0_ALPHA.jar
7fc6d0074000-7fc6d0093000 r--s 001d1000 08:01 1852415                    /home/cynh/.gradle/wrapper/dists/gradle-4.1-all/bzyivzo6n839fup2jbap0tjew/gradle-4.1/lib/ant-1.9.6.jar
7fc6d0093000-7fc6d00dd000 r--s 00253000 08:01 1852365                    /home/cynh/.gradle/wrapper/dists/gradle-4.1-all/bzyivzo6n839fup2jbap0tjew/gradle-4.1/lib/gradle-core-4.1.jar
7fc6d00dd000-7fc6d0153000 rw-p 00000000 00:00 0 
7fc6d0153000-7fc6d015b000 r-xp 00000000 08:01 1452600                    /lib/x86_64-linux-gnu/libnss_compat-2.24.so
7fc6d015b000-7fc6d035a000 ---p 00008000 08:01 1452600                    /lib/x86_64-linux-gnu/libnss_compat-2.24.so
7fc6d035a000-7fc6d035b000 r--p 00007000 08:01 1452600                    /lib/x86_64-linux-gnu/libnss_compat-2.24.so
7fc6d035b000-7fc6d035c000 rw-p 00008000 08:01 1452600                    /lib/x86_64-linux-gnu/libnss_compat-2.24.so
7fc6d035c000-7fc6d0389000 r-xp 00000000 08:01 1977738                    /opt/android-studio/jre/jre/lib/amd64/libjava.so
7fc6d0389000-7fc6d0588000 ---p 0002d000 08:01 1977738                    /opt/android-studio/jre/jre/lib/amd64/libjava.so
7fc6d0588000-7fc6d0589000 r--p 0002c000 08:01 1977738                    /opt/android-studio/jre/jre/lib/amd64/libjava.so
7fc6d0589000-7fc6d058b000 rw-p 0002d000 08:01 1977738                    /opt/android-studio/jre/jre/lib/amd64/libjava.so
7fc6d058b000-7fc6d059b000 r-xp 00000000 08:01 1977764                    /opt/android-studio/jre/jre/lib/amd64/libverify.so
7fc6d059b000-7fc6d079a000 ---p 00010000 08:01 1977764                    /opt/android-studio/jre/jre/lib/amd64/libverify.so
7fc6d079a000-7fc6d079c000 r--p 0000f000 08:01 1977764                    /opt/android-studio/jre/jre/lib/amd64/libverify.so
7fc6d079c000-7fc6d079d000 rw-p 00011000 08:01 1977764                    /opt/android-studio/jre/jre/lib/amd64/libverify.so
7fc6d079d000-7fc6d07a4000 r-xp 00000000 08:01 1452954                    /lib/x86_64-linux-gnu/librt-2.24.so
7fc6d07a4000-7fc6d09a3000 ---p 00007000 08:01 1452954                    /lib/x86_64-linux-gnu/librt-2.24.so
7fc6d09a3000-7fc6d09a4000 r--p 00006000 08:01 1452954                    /lib/x86_64-linux-gnu/librt-2.24.so
7fc6d09a4000-7fc6d09a5000 rw-p 00007000 08:01 1452954                    /lib/x86_64-linux-gnu/librt-2.24.so
7fc6d09a5000-7fc6d0aad000 r-xp 00000000 08:01 1447033                    /lib/x86_64-linux-gnu/libm-2.24.so
7fc6d0aad000-7fc6d0cac000 ---p 00108000 08:01 1447033                    /lib/x86_64-linux-gnu/libm-2.24.so
7fc6d0cac000-7fc6d0cad000 r--p 00107000 08:01 1447033                    /lib/x86_64-linux-gnu/libm-2.24.so
7fc6d0cad000-7fc6d0cae000 rw-p 00108000 08:01 1447033                    /lib/x86_64-linux-gnu/libm-2.24.so
7fc6d0cae000-7fc6d18a6000 r-xp 00000000 08:01 2109368                    /opt/android-studio/jre/jre/lib/amd64/server/libjvm.so
7fc6d18a6000-7fc6d1aa6000 ---p 00bf8000 08:01 2109368                    /opt/android-studio/jre/jre/lib/amd64/server/libjvm.so
7fc6d1aa6000-7fc6d1b45000 r--p 00bf8000 08:01 2109368                    /opt/android-studio/jre/jre/lib/amd64/server/libjvm.so
7fc6d1b45000-7fc6d1b6e000 rw-p 00c97000 08:01 2109368                    /opt/android-studio/jre/jre/lib/amd64/server/libjvm.so
7fc6d1b6e000-7fc6d1bb2000 rw-p 00000000 00:00 0 
7fc6d1bb2000-7fc6d1bca000 r-xp 00000000 08:01 1452952                    /lib/x86_64-linux-gnu/libpthread-2.24.so
7fc6d1bca000-7fc6d1dca000 ---p 00018000 08:01 1452952                    /lib/x86_64-linux-gnu/libpthread-2.24.so
7fc6d1dca000-7fc6d1dcb000 r--p 00018000 08:01 1452952                    /lib/x86_64-linux-gnu/libpthread-2.24.so
7fc6d1dcb000-7fc6d1dcc000 rw-p 00019000 08:01 1452952                    /lib/x86_64-linux-gnu/libpthread-2.24.so
7fc6d1dcc000-7fc6d1dd0000 rw-p 00000000 00:00 0 
7fc6d1dd0000-7fc6d1dd3000 r-xp 00000000 08:01 1447032                    /lib/x86_64-linux-gnu/libdl-2.24.so
7fc6d1dd3000-7fc6d1fd2000 ---p 00003000 08:01 1447032                    /lib/x86_64-linux-gnu/libdl-2.24.so
7fc6d1fd2000-7fc6d1fd3000 r--p 00002000 08:01 1447032                    /lib/x86_64-linux-gnu/libdl-2.24.so
7fc6d1fd3000-7fc6d1fd4000 rw-p 00003000 08:01 1447032                    /lib/x86_64-linux-gnu/libdl-2.24.so
7fc6d1fd4000-7fc6d2192000 r-xp 00000000 08:01 1447029                    /lib/x86_64-linux-gnu/libc-2.24.so
7fc6d2192000-7fc6d2391000 ---p 001be000 08:01 1447029                    /lib/x86_64-linux-gnu/libc-2.24.so
7fc6d2391000-7fc6d2395000 r--p 001bd000 08:01 1447029                    /lib/x86_64-linux-gnu/libc-2.24.so
7fc6d2395000-7fc6d2397000 rw-p 001c1000 08:01 1447029                    /lib/x86_64-linux-gnu/libc-2.24.so
7fc6d2397000-7fc6d239b000 rw-p 00000000 00:00 0 
7fc6d239b000-7fc6d23b1000 r-xp 00000000 08:01 1977677                    /opt/android-studio/jre/lib/amd64/jli/libjli.so
7fc6d23b1000-7fc6d25b0000 ---p 00016000 08:01 1977677                    /opt/android-studio/jre/lib/amd64/jli/libjli.so
7fc6d25b0000-7fc6d25b1000 r--p 00015000 08:01 1977677                    /opt/android-studio/jre/lib/amd64/jli/libjli.so
7fc6d25b1000-7fc6d25b2000 rw-p 00016000 08:01 1977677                    /opt/android-studio/jre/lib/amd64/jli/libjli.so
7fc6d25b2000-7fc6d25d8000 r-xp 00000000 08:01 1447025                    /lib/x86_64-linux-gnu/ld-2.24.so
7fc6d25d8000-7fc6d25da000 r--s 00000000 08:01 1852367                    /home/cynh/.gradle/wrapper/dists/gradle-4.1-all/bzyivzo6n839fup2jbap0tjew/gradle-4.1/lib/gradle-jvm-services-4.1.jar
7fc6d25da000-7fc6d25e6000 r--s 00053000 08:01 1852385                    /home/cynh/.gradle/wrapper/dists/gradle-4.1-all/bzyivzo6n839fup2jbap0tjew/gradle-4.1/lib/gradle-base-services-4.1.jar
7fc6d25e6000-7fc6d26b7000 rw-p 00000000 00:00 0 
7fc6d26b7000-7fc6d26ba000 ---p 00000000 00:00 0 
7fc6d26ba000-7fc6d27ba000 rw-p 00000000 00:00 0 
7fc6d27ba000-7fc6d27bb000 r--s 00001000 08:01 1852455                    /home/cynh/.gradle/wrapper/dists/gradle-4.1-all/bzyivzo6n839fup2jbap0tjew/gradle-4.1/lib/native-platform-linux-i386-ncurses6-0.14.jar
7fc6d27bb000-7fc6d27bc000 r--s 00000000 08:01 1852411                    /home/cynh/.gradle/wrapper/dists/gradle-4.1-all/bzyivzo6n839fup2jbap0tjew/gradle-4.1/lib/jcip-annotations-1.0.jar
7fc6d27bc000-7fc6d27bd000 r--s 00007000 08:01 1852403                    /home/cynh/.gradle/wrapper/dists/gradle-4.1-all/bzyivzo6n839fup2jbap0tjew/gradle-4.1/lib/slf4j-api-1.7.10.jar
7fc6d27bd000-7fc6d27be000 r--s 00004000 08:01 1852427                    /home/cynh/.gradle/wrapper/dists/gradle-4.1-all/bzyivzo6n839fup2jbap0tjew/gradle-4.1/lib/ant-launcher-1.9.6.jar
7fc6d27be000-7fc6d27ca000 r--s 0005c000 08:01 1852355                    /home/cynh/.gradle/wrapper/dists/gradle-4.1-all/bzyivzo6n839fup2jbap0tjew/gradle-4.1/lib/gradle-launcher-4.1.jar
7fc6d27ca000-7fc6d27d2000 rw-s 00000000 08:01 2111429                    /tmp/hsperfdata_cynh/43944
7fc6d27d2000-7fc6d27d3000 rw-p 00000000 00:00 0 
7fc6d27d3000-7fc6d27d4000 ---p 00000000 00:00 0 
7fc6d27d4000-7fc6d27d7000 rw-p 00000000 00:00 0 
7fc6d27d7000-7fc6d27d8000 r--p 00025000 08:01 1447025                    /lib/x86_64-linux-gnu/ld-2.24.so
7fc6d27d8000-7fc6d27d9000 rw-p 00026000 08:01 1447025                    /lib/x86_64-linux-gnu/ld-2.24.so
7fc6d27d9000-7fc6d27da000 rw-p 00000000 00:00 0 
7fff57093000-7fff570b4000 rw-p 00000000 00:00 0                          [stack]
7fff5718d000-7fff5718f000 r--p 00000000 00:00 0                          [vvar]
7fff5718f000-7fff57191000 r-xp 00000000 00:00 0                          [vdso]
ffffffffff600000-ffffffffff601000 r-xp 00000000 00:00 0                  [vsyscall]

VM Arguments:
jvm_args: -Xmx1536m -Dfile.encoding=UTF-8 -Duser.country=US -Duser.language=en -Duser.variant 
java_command: org.gradle.launcher.daemon.bootstrap.GradleDaemon 4.1
java_class_path (initial): /home/cynh/.gradle/wrapper/dists/gradle-4.1-all/bzyivzo6n839fup2jbap0tjew/gradle-4.1/lib/gradle-launcher-4.1.jar
Launcher Type: SUN_STANDARD

Environment Variables:
PATH=/usr/local/sbin:/usr/local/bin:/usr/sbin:/usr/bin:/sbin:/bin:/usr/games:/usr/local/games:/snap/bin
LD_LIBRARY_PATH=/opt/android-studio/bin:
SHELL=/bin/bash
DISPLAY=:0

Signal Handlers:
SIGSEGV: [libjvm.so+0x9ebc60], sa_mask[0]=11111111011111111101111111111110, sa_flags=SA_RESTART|SA_SIGINFO
SIGBUS: [libjvm.so+0x9ebc60], sa_mask[0]=11111111011111111101111111111110, sa_flags=SA_RESTART|SA_SIGINFO
SIGFPE: [libjvm.so+0x84cf60], sa_mask[0]=11111111011111111101111111111110, sa_flags=SA_RESTART|SA_SIGINFO
SIGPIPE: [libjvm.so+0x84cf60], sa_mask[0]=11111111011111111101111111111110, sa_flags=SA_RESTART|SA_SIGINFO
SIGXFSZ: [libjvm.so+0x84cf60], sa_mask[0]=11111111011111111101111111111110, sa_flags=SA_RESTART|SA_SIGINFO
SIGILL: [libjvm.so+0x84cf60], sa_mask[0]=11111111011111111101111111111110, sa_flags=SA_RESTART|SA_SIGINFO
SIGUSR1: SIG_DFL, sa_mask[0]=00000000000000000000000000000000, sa_flags=none
SIGUSR2: [libjvm.so+0x84ce30], sa_mask[0]=00100000000000000000000000000000, sa_flags=SA_RESTART|SA_SIGINFO
SIGHUP: SIG_IGN, sa_mask[0]=00000000000000000000000000000000, sa_flags=none
SIGINT: [libjvm.so+0x84d020], sa_mask[0]=11111111011111111101111111111110, sa_flags=SA_RESTART|SA_SIGINFO
SIGTERM: [libjvm.so+0x84d020], sa_mask[0]=11111111011111111101111111111110, sa_flags=SA_RESTART|SA_SIGINFO
SIGQUIT: [libjvm.so+0x84d020], sa_mask[0]=11111111011111111101111111111110, sa_flags=SA_RESTART|SA_SIGINFO


---------------  S Y S T E M  ---------------

OS:DISTRIB_ID=Ubuntu
DISTRIB_RELEASE=17.04
DISTRIB_CODENAME=zesty
DISTRIB_DESCRIPTION="Ubuntu 17.04"

uname:Linux 4.10.0-38-generic #42-Ubuntu SMP Tue Oct 10 13:24:27 UTC 2017 x86_64
libc:glibc 2.24 NPTL 2.24 
rlimit: STACK 8192k, CORE 0k, NPROC 7739, NOFILE 4096, AS infinity
load average:3.66 4.59 4.86

/proc/meminfo:
MemTotal:        2027028 kB
MemFree:           54884 kB
MemAvailable:       4892 kB
Buffers:            1016 kB
Cached:            15616 kB
SwapCached:          176 kB
Active:          1075096 kB
Inactive:         365440 kB
Active(anon):    1066952 kB
Inactive(anon):   357808 kB
Active(file):       8144 kB
Inactive(file):     7632 kB
Unevictable:          48 kB
Mlocked:              48 kB
SwapTotal:       2097148 kB
SwapFree:              0 kB
Dirty:                96 kB
Writeback:             0 kB
AnonPages:       1424048 kB
Mapped:            11664 kB
Shmem:               692 kB
Slab:              95000 kB
SReclaimable:      34736 kB
SUnreclaim:        60264 kB
KernelStack:       13056 kB
PageTables:        43396 kB
NFS_Unstable:          0 kB
Bounce:                0 kB
WritebackTmp:          0 kB
CommitLimit:     3110660 kB
Committed_AS:    7187520 kB
VmallocTotal:   34359738367 kB
VmallocUsed:           0 kB
VmallocChunk:          0 kB
HardwareCorrupted:     0 kB
AnonHugePages:    167936 kB
ShmemHugePages:        0 kB
ShmemPmdMapped:        0 kB
CmaTotal:              0 kB
CmaFree:               0 kB
HugePages_Total:       0
HugePages_Free:        0
HugePages_Rsvd:        0
HugePages_Surp:        0
Hugepagesize:       2048 kB
DirectMap4k:      341888 kB
DirectMap2M:     1755136 kB
DirectMap1G:           0 kB


CPU:total 1 (initial active 1) (1 cores per cpu, 1 threads per core) family 6 model 142 stepping 9, cmov, cx8, fxsr, mmx, sse, sse2, sse3, ssse3, sse4.1, sse4.2, popcnt, avx, avx2, aes, clmul, erms, 3dnowpref, lzcnt, tsc, tscinvbit, bmi1, bmi2, adx

/proc/cpuinfo:
processor	: 0
vendor_id	: GenuineIntel
cpu family	: 6
model		: 142
model name	: Intel(R) Core(TM) i5-7200U CPU @ 2.50GHz
stepping	: 9
microcode	: 0x3c
cpu MHz		: 2712.000
cache size	: 3072 KB
physical id	: 0
siblings	: 1
core id		: 0
cpu cores	: 1
apicid		: 0
initial apicid	: 0
fpu		: yes
fpu_exception	: yes
cpuid level	: 22
wp		: yes
flags		: fpu vme de pse tsc msr pae mce cx8 apic sep mtrr pge mca cmov pat pse36 clflush dts mmx fxsr sse sse2 ss syscall nx pdpe1gb rdtscp lm constant_tsc arch_perfmon pebs bts nopl xtopology tsc_reliable nonstop_tsc aperfmperf pni pclmulqdq ssse3 fma cx16 pcid sse4_1 sse4_2 x2apic movbe popcnt tsc_deadline_timer aes xsave avx f16c rdrand hypervisor lahf_lm abm 3dnowprefetch epb fsgsbase tsc_adjust bmi1 avx2 smep bmi2 invpcid rdseed adx smap xsaveopt dtherm ida arat pln pts hwp hwp_notify hwp_act_window hwp_epp
bugs		:
bogomips	: 5424.00
clflush size	: 64
cache_alignment	: 64
address sizes	: 42 bits physical, 48 bits virtual
power management:



Memory: 4k page, physical 2027028k(54884k free), swap 2097148k(0k free)

vm_info: OpenJDK 64-Bit Server VM (25.152-b01) for linux-amd64 JRE (1.8.0_152-release-915-b01), built by "builder" with gcc 4.8.4

time: Thu Nov 23 01:13:35 2017
elapsed time: 57 seconds (0d 0h 0m 57s)

